2025-02-18 23:58:54+0200: Running with following config:
allowResignation = true
lagBuffer = 1.0
logAllGTPCommunication = true
logDir = gtp_logs
logSearchInfo = true
logSearchInfoForChosenMove = false
logToStderr = false
maxPlayouts = 1
maxVisitsPondering = 1
numAnalysisThreads = 1
numSearchThreads = 6
ponderingEnabled = false
resignConsecTurns = 3
resignThreshold = -0.90
rules = tromp-taylor
searchFactorAfterOnePass = 0.50
searchFactorAfterTwoPass = 0.25
searchFactorWhenWinning = 0.40
searchFactorWhenWinningThreshold = 0.95

2025-02-18 23:58:54+0200: Analysis Engine starting...
2025-02-18 23:58:54+0200: KataGo v1.15.3
2025-02-18 23:58:54+0200: nnRandSeed0 = 3101555278184143012
2025-02-18 23:58:54+0200: After dedups: nnModelFile0 = /home/cmk/katago/default_model.txt.gz useFP16 auto useNHWC auto
2025-02-18 23:58:54+0200: Initializing neural net buffer to be size 19 * 19 allowing smaller boards
