2025-02-19 16:28:46+0200: Running with following config:
allowResignation = true
lagBuffer = 1.0
logAllGTPCommunication = true
logDir = gtp_logs
logSearchInfo = true
logSearchInfoForChosenMove = false
logToStderr = false
maxPlayouts = 1
maxVisitsPondering = 1
numAnalysisThreads = 1
numSearchThreads = 6
ponderingEnabled = false
resignConsecTurns = 3
resignThreshold = -0.90
rules = tromp-taylor
searchFactorAfterOnePass = 0.50
searchFactorAfterTwoPass = 0.25
searchFactorWhenWinning = 0.40
searchFactorWhenWinningThreshold = 0.95

2025-02-19 16:28:46+0200: Analysis Engine starting...
2025-02-19 16:28:46+0200: KataGo v1.15.3
2025-02-19 16:28:46+0200: nnRandSeed0 = 16762145903890907359
2025-02-19 16:28:46+0200: After dedups: nnModelFile0 = /home/cmk/katago/default_model.txt.gz useFP16 auto useNHWC auto
2025-02-19 16:28:46+0200: Initializing neural net buffer to be size 19 * 19 allowing smaller boards
2025-02-19 16:28:47+0200: Eigen (CPU) backend thread 0: Model version 8
2025-02-19 16:28:47+0200: Eigen (CPU) backend thread 0: Model name: b10c128-s1141046784-d204142634
2025-02-19 16:28:47+0200: Eigen (CPU) backend thread 1: Model version 8
2025-02-19 16:28:47+0200: Eigen (CPU) backend thread 1: Model name: b10c128-s1141046784-d204142634
2025-02-19 16:28:48+0200: --------------
2025-02-19 16:28:48+0200: WARNING: Config had unused keys! You may have a typo, an option you specified is being unused from /home/cmk/katago/default_gtp.cfg
2025-02-19 16:28:48+0200: WARNING: Unused key 'allowResignation' in /home/cmk/katago/default_gtp.cfg
2025-02-19 16:28:48+0200: WARNING: Unused key 'logAllGTPCommunication' in /home/cmk/katago/default_gtp.cfg
2025-02-19 16:28:48+0200: WARNING: Unused key 'logSearchInfoForChosenMove' in /home/cmk/katago/default_gtp.cfg
2025-02-19 16:28:48+0200: WARNING: Unused key 'ponderingEnabled' in /home/cmk/katago/default_gtp.cfg
2025-02-19 16:28:48+0200: WARNING: Unused key 'resignConsecTurns' in /home/cmk/katago/default_gtp.cfg
2025-02-19 16:28:48+0200: WARNING: Unused key 'resignThreshold' in /home/cmk/katago/default_gtp.cfg
2025-02-19 16:28:48+0200: WARNING: Unused key 'rules' in /home/cmk/katago/default_gtp.cfg
2025-02-19 16:28:48+0200: WARNING: Unused key 'searchFactorWhenWinning' in /home/cmk/katago/default_gtp.cfg
2025-02-19 16:28:48+0200: WARNING: Unused key 'searchFactorWhenWinningThreshold' in /home/cmk/katago/default_gtp.cfg
2025-02-19 16:28:48+0200: --------------
2025-02-19 16:28:48+0200: Loaded config /home/cmk/katago/default_gtp.cfg
2025-02-19 16:28:48+0200: Loaded model /home/cmk/katago/default_model.txt.gz
2025-02-19 16:28:48+0200: Analyzing up to 1 positions at a time in parallel
2025-02-19 16:28:48+0200: Started, ready to begin handling requests
2025-02-19 16:28:48+0200: MoveNum: 1 HASH: D787FAD66281F76731DCD9C1B3387463
   A B C D E F G H J K L M N O P Q R S T
19 . . . . . . . . . . . . . . . . . . .
18 . . . . . . . . . . . . . . . . . . .
17 . . . . . . . . . . . . . . . . . . .
16 . . . . . . . . . . . . . . . X1. . .
15 . . . . . . . . . . . . . . . . . . .
14 . . . . . . . . . . . . . . . . . . .
13 . . . . . . . . . . . . . . . . . . .
12 . . . . . . . . . . . . . . . . . . .
11 . . . . . . . . . . . . . . . . . . .
10 . . . . . . . . . . . . . . . . . . .
 9 . . . . . . . . . . . . . . . . . . .
 8 . . . . . . . . . . . . . . . . . . .
 7 . . . . . . . . . . . . . . . . . . .
 6 . . . . . . . . . . . . . . . . . . .
 5 . . . . . . . . . . . . . . . . . . .
 4 . . . . . . . . . . . . . . . . . . .
 3 . . . . . . . . . . . . . . . . . . .
 2 . . . . . . . . . . . . . . . . . . .
 1 . . . . . . . . . . . . . . . . . . .

koSIMPLEscoreAREAtaxNONEsui0whbNfpok1komi6.5
Root visits: 1
New playouts: 1
NN rows: 1
NN batches: 1
NN avg batch size: 1
PV: D4
Tree:
: T -11.12c W -10.74c S  -0.38c ( -1.4 L  -0.9) N       1  --  D4
---White(^)---

2025-02-19 16:28:48+0200: MoveNum: 2 HASH: 94380AC1F22EB555D4214569769ED1D3
   A B C D E F G H J K L M N O P Q R S T
19 . . . . . . . . . . . . . . . . . . .
18 . . . . . . . . . . . . . . . . . . .
17 . . . . . . . . . . . . . . . . . . .
16 . . . . . . . . . . . . . . . X1. . .
15 . . . . . . . . . . . . . . . . . . .
14 . . . . . . . . . . . . . . . . . . .
13 . . . . . . . . . . . . . . . . . . .
12 . . . . . . . . . . . . . . . . . . .
11 . . . . . . . . . . . . . . . . . . .
10 . . . . . . . . . . . . . . . . . . .
 9 . . . . . . . . . . . . . . . . . . .
 8 . . . . . . . . . . . . . . . . . . .
 7 . . . . . . . . . . . . . . . . . . .
 6 . . . . . . . . . . . . . . . . . . .
 5 . . . O2. . . . . . . . . . . . . . .
 4 . . . . . . . . . . . . . . . . . . .
 3 . . . . . . . . . . . . . . . . . . .
 2 . . . . . . . . . . . . . . . . . . .
 1 . . . . . . . . . . . . . . . . . . .

koSIMPLEscoreAREAtaxNONEsui0whbNfpok1komi6.5
Root visits: 1
New playouts: 1
NN rows: 2
NN batches: 2
NN avg batch size: 1
PV: D3
Tree:
: T   7.88c W   7.59c S   0.30c ( +1.1 L  +0.6) N       1  --  D3
---Black(^)---

2025-02-19 16:28:48+0200: MoveNum: 3 HASH: D48B8A53963C6D1F2C36B70A219D474B
   A B C D E F G H J K L M N O P Q R S T
19 . . . . . . . . . . . . . . . . . . .
18 . . . . . . . . . . . . . . . . . . .
17 . . . . . . . . . . . . . . . . . . .
16 . . . . . . . . . . . . . . . X1. . .
15 . . . . . . . . . . . . . . . . . . .
14 . . . . . . . . . . . . . . . . . . .
13 . . . . . . . . . . . . . . . . . . .
12 . . . . . . . . . . . . . . . . . . .
11 . . . . . . . . . . . . . . . . . . .
10 . . . . . . . . . . . . . . . . . . .
 9 . . . . . . . . . . . . . . . . . . .
 8 . . . . . . . . . . . . . . . . . . .
 7 . . . . . . . . . . . . . . . . . . .
 6 . . . . . . . . . . . . . . . . . . .
 5 . . . O2. . . . . . . . . . . . . . .
 4 . . . . . . . . . . . . . . . X3. . .
 3 . . . . . . . . . . . . . . . . . . .
 2 . . . . . . . . . . . . . . . . . . .
 1 . . . . . . . . . . . . . . . . . . .

koSIMPLEscoreAREAtaxNONEsui0whbNfpok1komi6.5
Root visits: 1
New playouts: 1
NN rows: 3
NN batches: 3
NN avg batch size: 1
PV: D3
Tree:
: T -16.37c W -15.77c S  -0.60c ( -2.3 L  -1.4) N       1  --  D3
---White(^)---

2025-02-19 16:28:48+0200: MoveNum: 4 HASH: 4F5F5FBDE797EAA1041E42D82DAF6F3E
   A B C D E F G H J K L M N O P Q R S T
19 . . . . . . . . . . . . . . . . . . .
18 . . . . . . . . . . . . . . . . . . .
17 . . . . . . . . . . . . . . . . O3. .
16 . . . . . . . . . . . . . . . X . . .
15 . . . . . . . . . . . . . . . . . . .
14 . . . . . . . . . . . . . . . . . . .
13 . . . . . . . . . . . . . . . . . . .
12 . . . . . . . . . . . . . . . . . . .
11 . . . . . . . . . . . . . . . . . . .
10 . . . . . . . . . . . . . . . . . . .
 9 . . . . . . . . . . . . . . . . . . .
 8 . . . . . . . . . . . . . . . . . . .
 7 . . . . . . . . . . . . . . . . . . .
 6 . . . . . . . . . . . . . . . . . . .
 5 . . . O1. . . . . . . . . . . . . . .
 4 . . . . . . . . . . . . . . . X2. . .
 3 . . . . . . . . . . . . . . . . . . .
 2 . . . . . . . . . . . . . . . . . . .
 1 . . . . . . . . . . . . . . . . . . .

koSIMPLEscoreAREAtaxNONEsui0whbNfpok1komi6.5
Root visits: 1
New playouts: 1
NN rows: 4
NN batches: 4
NN avg batch size: 1
PV: Q17
Tree:
: T  16.07c W  15.49c S   0.58c ( +2.2 L  +1.4) N       1  --  Q17
---Black(^)---

2025-02-19 16:28:48+0200: MoveNum: 5 HASH: CAA5C51A7006FBDEE8BE616801CD11A9
   A B C D E F G H J K L M N O P Q R S T
19 . . . . . . . . . . . . . . . . . . .
18 . . . . . . . . . . . . . . . . . . .
17 . . . . . . . . . . . . . . . . O2. .
16 . . . . . . . . . . . . . . . X X3. .
15 . . . . . . . . . . . . . . . . . . .
14 . . . . . . . . . . . . . . . . . . .
13 . . . . . . . . . . . . . . . . . . .
12 . . . . . . . . . . . . . . . . . . .
11 . . . . . . . . . . . . . . . . . . .
10 . . . . . . . . . . . . . . . . . . .
 9 . . . . . . . . . . . . . . . . . . .
 8 . . . . . . . . . . . . . . . . . . .
 7 . . . . . . . . . . . . . . . . . . .
 6 . . . . . . . . . . . . . . . . . . .
 5 . . . O . . . . . . . . . . . . . . .
 4 . . . . . . . . . . . . . . . X1. . .
 3 . . . . . . . . . . . . . . . . . . .
 2 . . . . . . . . . . . . . . . . . . .
 1 . . . . . . . . . . . . . . . . . . .

koSIMPLEscoreAREAtaxNONEsui0whbNfpok1komi6.5
Root visits: 1
New playouts: 1
NN rows: 5
NN batches: 5
NN avg batch size: 1
PV: Q17
Tree:
: T -25.01c W -24.10c S  -0.91c ( -3.5 L  -2.3) N       1  --  Q17
---White(^)---

2025-02-19 16:28:48+0200: MoveNum: 6 HASH: A46E2D55C85D45E37489A998FDDDCB0C
   A B C D E F G H J K L M N O P Q R S T
19 . . . . . . . . . . . . . . . . . . .
18 . . . . . . . . . . . . . . . . . . .
17 . . . . . . . . . . . . . . . O3O1. .
16 . . . . . . . . . . . . . . . X X2. .
15 . . . . . . . . . . . . . . . . . . .
14 . . . . . . . . . . . . . . . . . . .
13 . . . . . . . . . . . . . . . . . . .
12 . . . . . . . . . . . . . . . . . . .
11 . . . . . . . . . . . . . . . . . . .
10 . . . . . . . . . . . . . . . . . . .
 9 . . . . . . . . . . . . . . . . . . .
 8 . . . . . . . . . . . . . . . . . . .
 7 . . . . . . . . . . . . . . . . . . .
 6 . . . . . . . . . . . . . . . . . . .
 5 . . . O . . . . . . . . . . . . . . .
 4 . . . . . . . . . . . . . . . X . . .
 3 . . . . . . . . . . . . . . . . . . .
 2 . . . . . . . . . . . . . . . . . . .
 1 . . . . . . . . . . . . . . . . . . .

koSIMPLEscoreAREAtaxNONEsui0whbNfpok1komi6.5
Root visits: 1
New playouts: 1
NN rows: 6
NN batches: 6
NN avg batch size: 1
PV: O17
Tree:
: T  12.93c W  12.46c S   0.47c ( +1.8 L  +1.1) N       1  --  O17
---Black(^)---

2025-02-19 16:28:48+0200: MoveNum: 7 HASH: 0B24A38BCDA53569DAD45717EA970FBE
   A B C D E F G H J K L M N O P Q R S T
19 . . . . . . . . . . . . . . . . . . .
18 . . . . . . . . . . . . . . . . . . .
17 . . . . . . . . . . . . . . . O2O . .
16 . . . . . . . . . . . . . . X3X X1. .
15 . . . . . . . . . . . . . . . . . . .
14 . . . . . . . . . . . . . . . . . . .
13 . . . . . . . . . . . . . . . . . . .
12 . . . . . . . . . . . . . . . . . . .
11 . . . . . . . . . . . . . . . . . . .
10 . . . . . . . . . . . . . . . . . . .
 9 . . . . . . . . . . . . . . . . . . .
 8 . . . . . . . . . . . . . . . . . . .
 7 . . . . . . . . . . . . . . . . . . .
 6 . . . . . . . . . . . . . . . . . . .
 5 . . . O . . . . . . . . . . . . . . .
 4 . . . . . . . . . . . . . . . X . . .
 3 . . . . . . . . . . . . . . . . . . .
 2 . . . . . . . . . . . . . . . . . . .
 1 . . . . . . . . . . . . . . . . . . .

koSIMPLEscoreAREAtaxNONEsui0whbNfpok1komi6.5
Root visits: 1
New playouts: 1
NN rows: 7
NN batches: 7
NN avg batch size: 1
PV: O18
Tree:
: T -22.81c W -21.99c S  -0.82c ( -3.1 L  -2.1) N       1  --  O18
---White(^)---

2025-02-19 16:28:48+0200: MoveNum: 8 HASH: 34DFCCD29CF6FB52AD6C901D79A7980B
   A B C D E F G H J K L M N O P Q R S T
19 . . . . . . . . . . . . . . . . . . .
18 . . . . . . . . . . . . . . . . . . .
17 . . . . . . . . . . . . . . O3O1O . .
16 . . . . . . . . . . . . . . X2X X . .
15 . . . . . . . . . . . . . . . . . . .
14 . . . . . . . . . . . . . . . . . . .
13 . . . . . . . . . . . . . . . . . . .
12 . . . . . . . . . . . . . . . . . . .
11 . . . . . . . . . . . . . . . . . . .
10 . . . . . . . . . . . . . . . . . . .
 9 . . . . . . . . . . . . . . . . . . .
 8 . . . . . . . . . . . . . . . . . . .
 7 . . . . . . . . . . . . . . . . . . .
 6 . . . . . . . . . . . . . . . . . . .
 5 . . . O . . . . . . . . . . . . . . .
 4 . . . . . . . . . . . . . . . X . . .
 3 . . . . . . . . . . . . . . . . . . .
 2 . . . . . . . . . . . . . . . . . . .
 1 . . . . . . . . . . . . . . . . . . .

koSIMPLEscoreAREAtaxNONEsui0whbNfpok1komi6.5
Root visits: 1
New playouts: 1
NN rows: 8
NN batches: 8
NN avg batch size: 1
PV: O17
Tree:
: T  15.96c W  15.38c S   0.58c ( +2.2 L  +1.3) N       1  --  O17
---Black(^)---

2025-02-19 16:28:48+0200: MoveNum: 9 HASH: C74DE7AE3E67CED91896E8F003EF24E1
   A B C D E F G H J K L M N O P Q R S T
19 . . . . . . . . . . . . . . . . . . .
18 . . . . . . . . . . . . . . . . . . .
17 . . . . . . . . . . . . . X3O2O O . .
16 . . . . . . . . . . . . . . X1X X . .
15 . . . . . . . . . . . . . . . . . . .
14 . . . . . . . . . . . . . . . . . . .
13 . . . . . . . . . . . . . . . . . . .
12 . . . . . . . . . . . . . . . . . . .
11 . . . . . . . . . . . . . . . . . . .
10 . . . . . . . . . . . . . . . . . . .
 9 . . . . . . . . . . . . . . . . . . .
 8 . . . . . . . . . . . . . . . . . . .
 7 . . . . . . . . . . . . . . . . . . .
 6 . . . . . . . . . . . . . . . . . . .
 5 . . . O . . . . . . . . . . . . . . .
 4 . . . . . . . . . . . . . . . X . . .
 3 . . . . . . . . . . . . . . . . . . .
 2 . . . . . . . . . . . . . . . . . . .
 1 . . . . . . . . . . . . . . . . . . .

koSIMPLEscoreAREAtaxNONEsui0whbNfpok1komi6.5
Root visits: 1
New playouts: 1
NN rows: 9
NN batches: 9
NN avg batch size: 1
PV: O18
Tree:
: T -25.82c W -24.88c S  -0.93c ( -3.5 L  -2.3) N       1  --  O18
---White(^)---

2025-02-19 16:28:48+0200: MoveNum: 10 HASH: FD604B2FAF5C2C06E2152B96ACEF2BCB
   A B C D E F G H J K L M N O P Q R S T
19 . . . . . . . . . . . . . . . . . . .
18 . . . . . . . . . . . . . O3. . . . .
17 . . . . . . . . . . . . . X2O1O O . .
16 . . . . . . . . . . . . . . X X X . .
15 . . . . . . . . . . . . . . . . . . .
14 . . . . . . . . . . . . . . . . . . .
13 . . . . . . . . . . . . . . . . . . .
12 . . . . . . . . . . . . . . . . . . .
11 . . . . . . . . . . . . . . . . . . .
10 . . . . . . . . . . . . . . . . . . .
 9 . . . . . . . . . . . . . . . . . . .
 8 . . . . . . . . . . . . . . . . . . .
 7 . . . . . . . . . . . . . . . . . . .
 6 . . . . . . . . . . . . . . . . . . .
 5 . . . O . . . . . . . . . . . . . . .
 4 . . . . . . . . . . . . . . . X . . .
 3 . . . . . . . . . . . . . . . . . . .
 2 . . . . . . . . . . . . . . . . . . .
 1 . . . . . . . . . . . . . . . . . . .

koSIMPLEscoreAREAtaxNONEsui0whbNfpok1komi6.5
Root visits: 1
New playouts: 1
NN rows: 10
NN batches: 10
NN avg batch size: 1
PV: D16
Tree:
: T  13.76c W  13.25c S   0.51c ( +1.9 L  +1.1) N       1  --  D16
---Black(^)---

2025-02-19 16:28:48+0200: MoveNum: 11 HASH: EB96720AA0BBBE3407F9CD127E48FA62
   A B C D E F G H J K L M N O P Q R S T
19 . . . . . . . . . . . . . . . . . . .
18 . . . . . . . . . . . . . O2. . . . .
17 . . . . . . . . . . . . . X1O O O . .
16 . . . . . . . . . . . . . . X X X . .
15 . . . . . . . . . . . . . . . . . . .
14 . . . . . . . . . . . . . . . . . . .
13 . . . . . . . . . . . . . . . . . . .
12 . . . . . . . . . . . . . . . . . . .
11 . . . . . . . . . . . . . . . . X3. .
10 . . . . . . . . . . . . . . . . . . .
 9 . . . . . . . . . . . . . . . . . . .
 8 . . . . . . . . . . . . . . . . . . .
 7 . . . . . . . . . . . . . . . . . . .
 6 . . . . . . . . . . . . . . . . . . .
 5 . . . O . . . . . . . . . . . . . . .
 4 . . . . . . . . . . . . . . . X . . .
 3 . . . . . . . . . . . . . . . . . . .
 2 . . . . . . . . . . . . . . . . . . .
 1 . . . . . . . . . . . . . . . . . . .

koSIMPLEscoreAREAtaxNONEsui0whbNfpok1komi6.5
Root visits: 1
New playouts: 1
NN rows: 11
NN batches: 11
NN avg batch size: 1
PV: D16
Tree:
: T -12.52c W -12.08c S  -0.44c ( -1.7 L  -0.9) N       1  --  D16
---White(^)---

2025-02-19 16:28:49+0200: MoveNum: 12 HASH: 9EDBCF3F4CBEA095D8D1075319003B80
   A B C D E F G H J K L M N O P Q R S T
19 . . . . . . . . . . . . . . . . . . .
18 . . . . . . . . . . . . . O1. . . . .
17 . . . . . . . . . . . . . X O O O . .
16 . . . . . . . . . . . . . . X X X . .
15 . . . . . . . . . . . . . . . . . . .
14 . . . . . . . . . . . . . . . . . . .
13 . . . . . . . . . . . . . . . . . . .
12 . . . . . . . . . . . . . . . . . . .
11 . . . . . . . . . . . . . . . . X2. .
10 . . . . . . . . . . . . . . . . . . .
 9 . . . . . . . . . . . . . . . . O3. .
 8 . . . . . . . . . . . . . . . . . . .
 7 . . . . . . . . . . . . . . . . . . .
 6 . . . . . . . . . . . . . . . . . . .
 5 . . . O . . . . . . . . . . . . . . .
 4 . . . . . . . . . . . . . . . X . . .
 3 . . . . . . . . . . . . . . . . . . .
 2 . . . . . . . . . . . . . . . . . . .
 1 . . . . . . . . . . . . . . . . . . .

koSIMPLEscoreAREAtaxNONEsui0whbNfpok1komi6.5
Root visits: 1
New playouts: 1
NN rows: 12
NN batches: 12
NN avg batch size: 1
PV: D16
Tree:
: T  20.22c W  19.49c S   0.73c ( +2.8 L  +1.7) N       1  --  D16
---Black(^)---

2025-02-19 16:28:49+0200: MoveNum: 13 HASH: 68CDDD6D7CA20E4B2CA06194DE40FCE1
   A B C D E F G H J K L M N O P Q R S T
19 . . . . . . . . . . . . . . . . . . .
18 . . . . . . . . . . . . . O . . . . .
17 . . . . . . . . . . . . . X O O O . .
16 . . . . . . . . . . . . . . X X X . .
15 . . . . . . . . . . . . . . . . . . .
14 . . . . . . . . . . . . . . . . . . .
13 . . . . . . . . . . . . . . . . . . .
12 . . . . . . . . . . . . . . . . . . .
11 . . . . . . . . . . . . . . . . X1. .
10 . . . . . . . . . . . . . . . . . . .
 9 . . . . . . . . . . . . . . . . O2. .
 8 . . . . . . . . . . . . . . . . . . .
 7 . . . . . . . . . . . . . . . . X3. .
 6 . . . . . . . . . . . . . . . . . . .
 5 . . . O . . . . . . . . . . . . . . .
 4 . . . . . . . . . . . . . . . X . . .
 3 . . . . . . . . . . . . . . . . . . .
 2 . . . . . . . . . . . . . . . . . . .
 1 . . . . . . . . . . . . . . . . . . .

koSIMPLEscoreAREAtaxNONEsui0whbNfpok1komi6.5
Root visits: 1
New playouts: 1
NN rows: 13
NN batches: 13
NN avg batch size: 1
PV: D3
Tree:
: T -16.53c W -15.94c S  -0.59c ( -2.2 L  -1.4) N       1  --  D3
---White(^)---

2025-02-19 16:28:49+0200: MoveNum: 14 HASH: 2E1CD7060D4A418C527BC69DBBD8390A
   A B C D E F G H J K L M N O P Q R S T
19 . . . . . . . . . . . . . . . . . . .
18 . . . . . . . . . . . . . O . . . . .
17 . . . . . . . . . . . . . X O O O . .
16 . . . . . . . . . . . . . . X X X . .
15 . . . . . . . . . . . . . . . . . . .
14 . . . . . . . . . . . . . . . . . . .
13 . . . . . . . . . . . . . . . . O3. .
12 . . . . . . . . . . . . . . . . . . .
11 . . . . . . . . . . . . . . . . X . .
10 . . . . . . . . . . . . . . . . . . .
 9 . . . . . . . . . . . . . . . . O1. .
 8 . . . . . . . . . . . . . . . . . . .
 7 . . . . . . . . . . . . . . . . X2. .
 6 . . . . . . . . . . . . . . . . . . .
 5 . . . O . . . . . . . . . . . . . . .
 4 . . . . . . . . . . . . . . . X . . .
 3 . . . . . . . . . . . . . . . . . . .
 2 . . . . . . . . . . . . . . . . . . .
 1 . . . . . . . . . . . . . . . . . . .

koSIMPLEscoreAREAtaxNONEsui0whbNfpok1komi6.5
Root visits: 1
New playouts: 1
NN rows: 14
NN batches: 14
NN avg batch size: 1
PV: S17
Tree:
: T  21.19c W  20.42c S   0.76c ( +2.9 L  +1.8) N       1  --  S17
---Black(^)---

2025-02-19 16:28:49+0200: MoveNum: 15 HASH: 8E97EBC378E148B68F57FF4E42839FA3
   A B C D E F G H J K L M N O P Q R S T
19 . . . . . . . . . . . . . . . . . . .
18 . . . . . . . . . . . . . O . . . . .
17 . . . . . . . . . . . . . X O O O . .
16 . . . . . . . . . . . . . . X X X . .
15 . . . . . . . . . . . . . . . . . . .
14 . . . . . . . . . . . . . . . . . . .
13 . . . . . . . . . . . . . . . . O2. .
12 . . . . . . . . . . . . . . . . . . .
11 . . . . . . . . . . . . . . X3. X . .
10 . . . . . . . . . . . . . . . . . . .
 9 . . . . . . . . . . . . . . . . O . .
 8 . . . . . . . . . . . . . . . . . . .
 7 . . . . . . . . . . . . . . . . X1. .
 6 . . . . . . . . . . . . . . . . . . .
 5 . . . O . . . . . . . . . . . . . . .
 4 . . . . . . . . . . . . . . . X . . .
 3 . . . . . . . . . . . . . . . . . . .
 2 . . . . . . . . . . . . . . . . . . .
 1 . . . . . . . . . . . . . . . . . . .

koSIMPLEscoreAREAtaxNONEsui0whbNfpok1komi6.5
Root visits: 1
New playouts: 1
NN rows: 15
NN batches: 15
NN avg batch size: 1
PV: D16
Tree:
: T -24.11c W -23.24c S  -0.87c ( -3.3 L  -2.2) N       1  --  D16
---White(^)---

2025-02-19 16:28:49+0200: MoveNum: 16 HASH: 9247CA93A7632A43E9405C178B8C9418
   A B C D E F G H J K L M N O P Q R S T
19 . . . . . . . . . . . . . . . . . . .
18 . . . . . . . . . . . . . O . . . . .
17 . . . . . . . . . . . . . X O O O . .
16 . . . . . . . . . . . . . . X X X . .
15 . . . . . . . . . . . . . . . . . . .
14 . . . . . . . . . . . . . . . . . . .
13 . . . . . . . . . . . . . . . . O1. .
12 . . . . . . . . . . . . . . . . . . .
11 . . . . . . . . . . . . . . X2. X O3.
10 . . . . . . . . . . . . . . . . . . .
 9 . . . . . . . . . . . . . . . . O . .
 8 . . . . . . . . . . . . . . . . . . .
 7 . . . . . . . . . . . . . . . . X . .
 6 . . . . . . . . . . . . . . . . . . .
 5 . . . O . . . . . . . . . . . . . . .
 4 . . . . . . . . . . . . . . . X . . .
 3 . . . . . . . . . . . . . . . . . . .
 2 . . . . . . . . . . . . . . . . . . .
 1 . . . . . . . . . . . . . . . . . . .

koSIMPLEscoreAREAtaxNONEsui0whbNfpok1komi6.5
Root visits: 1
New playouts: 1
NN rows: 16
NN batches: 16
NN avg batch size: 1
PV: S10
Tree:
: T  34.58c W  33.35c S   1.23c ( +4.7 L  +3.1) N       1  --  S10
---Black(^)---

2025-02-19 16:28:49+0200: MoveNum: 17 HASH: 30F6104CF339492141B0A75F6859EE21
   A B C D E F G H J K L M N O P Q R S T
19 . . . . . . . . . . . . . . . . . . .
18 . . . . . . . . . . . . . O . . . . .
17 . . . . . . . . . . . . . X O O O . .
16 . . . . . . . . . . . . . . X X X . .
15 . . . . . . . . . . . . . . . . . . .
14 . . . . . . . . . . . . . . . . . . .
13 . . . . . . . . . . . . . . . . O . .
12 . . . . . . . . . . . . . . . . . X3.
11 . . . . . . . . . . . . . . X1. X O2.
10 . . . . . . . . . . . . . . . . . . .
 9 . . . . . . . . . . . . . . . . O . .
 8 . . . . . . . . . . . . . . . . . . .
 7 . . . . . . . . . . . . . . . . X . .
 6 . . . . . . . . . . . . . . . . . . .
 5 . . . O . . . . . . . . . . . . . . .
 4 . . . . . . . . . . . . . . . X . . .
 3 . . . . . . . . . . . . . . . . . . .
 2 . . . . . . . . . . . . . . . . . . .
 1 . . . . . . . . . . . . . . . . . . .

koSIMPLEscoreAREAtaxNONEsui0whbNfpok1komi6.5
Root visits: 1
New playouts: 1
NN rows: 17
NN batches: 17
NN avg batch size: 1
PV: R12
Tree:
: T -38.87c W -37.52c S  -1.34c ( -5.1 L  -3.8) N       1  --  R12
---White(^)---

2025-02-19 16:28:49+0200: MoveNum: 18 HASH: D0B60EAF55241024C4D65619853456E6
   A B C D E F G H J K L M N O P Q R S T
19 . . . . . . . . . . . . . . . . . . .
18 . . . . . . . . . . . . . O . . . . .
17 . . . . . . . . . . . . . X O O O . .
16 . . . . . . . . . . . . . . X X X . .
15 . . . . . . . . . . . . . . . . . . .
14 . . . . . . . . . . . . . . . . . . .
13 . . . . . . . . . . . . . . . . O . .
12 . . . . . . . . . . . . . . . . O3X2.
11 . . . . . . . . . . . . . . X . X O1.
10 . . . . . . . . . . . . . . . . . . .
 9 . . . . . . . . . . . . . . . . O . .
 8 . . . . . . . . . . . . . . . . . . .
 7 . . . . . . . . . . . . . . . . X . .
 6 . . . . . . . . . . . . . . . . . . .
 5 . . . O . . . . . . . . . . . . . . .
 4 . . . . . . . . . . . . . . . X . . .
 3 . . . . . . . . . . . . . . . . . . .
 2 . . . . . . . . . . . . . . . . . . .
 1 . . . . . . . . . . . . . . . . . . .

koSIMPLEscoreAREAtaxNONEsui0whbNfpok1komi6.5
Root visits: 1
New playouts: 1
NN rows: 18
NN batches: 18
NN avg batch size: 1
PV: S10
Tree:
: T  11.76c W  11.34c S   0.42c ( +1.6 L  +0.9) N       1  --  S10
---Black(^)---

2025-02-19 16:28:49+0200: MoveNum: 19 HASH: 1DCC86A1FE9A33A195316E8CD0B5B236
   A B C D E F G H J K L M N O P Q R S T
19 . . . . . . . . . . . . . . . . . . .
18 . . . . . . . . . . . . . O . . . . .
17 . . . . . . . . . . . . . X O O O . .
16 . . . . . . . . . . . . . . X X X . .
15 . . . . . . . . . . . . . . . . . . .
14 . . . . . . . . . . . . . . . . . . .
13 . . . . . . . . . . . . . . . . O . .
12 . . . . . . . . . . . . . . . . O2X1.
11 . . . . . . . . . . . . . . X . X O .
10 . . . . . . . . . . . . . . . . . X3.
 9 . . . . . . . . . . . . . . . . O . .
 8 . . . . . . . . . . . . . . . . . . .
 7 . . . . . . . . . . . . . . . . X . .
 6 . . . . . . . . . . . . . . . . . . .
 5 . . . O . . . . . . . . . . . . . . .
 4 . . . . . . . . . . . . . . . X . . .
 3 . . . . . . . . . . . . . . . . . . .
 2 . . . . . . . . . . . . . . . . . . .
 1 . . . . . . . . . . . . . . . . . . .

koSIMPLEscoreAREAtaxNONEsui0whbNfpok1komi6.5
Root visits: 1
New playouts: 1
NN rows: 19
NN batches: 19
NN avg batch size: 1
PV: Q11
Tree:
: T -27.02c W -26.12c S  -0.91c ( -3.4 L  -2.4) N       1  --  Q11
---White(^)---

2025-02-19 16:28:49+0200: MoveNum: 20 HASH: 73467FA93588D56E71CD3A64FA6231DC
   A B C D E F G H J K L M N O P Q R S T
19 . . . . . . . . . . . . . . . . . . .
18 . . . . . . . . . . . . . O . . . . .
17 . . . . . . . . . . . . . X O O O . .
16 . . . . . . . . . . . . . . X X X . .
15 . . . . . . . . . . . . . . . . . . .
14 . . . . . . . . . . . . . . . . . . .
13 . . . . . . . . . . . . . . . . O . .
12 . . . . . . . . . . . . . . . . O1X .
11 . . . . . . . . . . . . . . X O3X O .
10 . . . . . . . . . . . . . . . . . X2.
 9 . . . . . . . . . . . . . . . . O . .
 8 . . . . . . . . . . . . . . . . . . .
 7 . . . . . . . . . . . . . . . . X . .
 6 . . . . . . . . . . . . . . . . . . .
 5 . . . O . . . . . . . . . . . . . . .
 4 . . . . . . . . . . . . . . . X . . .
 3 . . . . . . . . . . . . . . . . . . .
 2 . . . . . . . . . . . . . . . . . . .
 1 . . . . . . . . . . . . . . . . . . .

koSIMPLEscoreAREAtaxNONEsui0whbNfpok1komi6.5
Root visits: 1
New playouts: 1
NN rows: 20
NN batches: 20
NN avg batch size: 1
PV: R10
Tree:
: T   9.88c W   9.52c S   0.35c ( +1.3 L  +0.7) N       1  --  R10
---Black(^)---

2025-02-19 16:28:49+0200: MoveNum: 21 HASH: 41EBD112F481E9017829B8C4CCE5628D
   A B C D E F G H J K L M N O P Q R S T
19 . . . . . . . . . . . . . . . . . . .
18 . . . . . . . . . . . . . O . . . . .
17 . . . . . . . . . . . . . X O O O . .
16 . . . . . . . . . . . . . . X X X . .
15 . . . . . . . . . . . . . . . . . . .
14 . . . . . . . . . . . . . . . . . . .
13 . . . . . . . . . . . . . . . . O . .
12 . . . . . . . . . . . . . . . . O X .
11 . . . . . . . . . . . . . . X O2X O .
10 . . . . . . . . . . . . . . . . X3X1.
 9 . . . . . . . . . . . . . . . . O . .
 8 . . . . . . . . . . . . . . . . . . .
 7 . . . . . . . . . . . . . . . . X . .
 6 . . . . . . . . . . . . . . . . . . .
 5 . . . O . . . . . . . . . . . . . . .
 4 . . . . . . . . . . . . . . . X . . .
 3 . . . . . . . . . . . . . . . . . . .
 2 . . . . . . . . . . . . . . . . . . .
 1 . . . . . . . . . . . . . . . . . . .

koSIMPLEscoreAREAtaxNONEsui0whbNfpok1komi6.5
Root visits: 1
New playouts: 1
NN rows: 21
NN batches: 21
NN avg batch size: 1
PV: Q10
Tree:
: T -20.10c W -19.40c S  -0.69c ( -2.6 L  -1.8) N       1  --  Q10
---White(^)---

2025-02-19 16:28:49+0200: MoveNum: 22 HASH: 3945F2E440B178DE36CF35092A97B782
   A B C D E F G H J K L M N O P Q R S T
19 . . . . . . . . . . . . . . . . . . .
18 . . . . . . . . . . . . . O . . . . .
17 . . . . . . . . . . . . . X O O O . .
16 . . . . . . . . . . . . . . X X X . .
15 . . . . . . . . . . . . . . . . . . .
14 . . . . . . . . . . . . . . . . . . .
13 . . . . . . . . . . . . . . . . O . .
12 . . . . . . . . . . . . . . . . O X .
11 . . . . . . . . . . . . . . X O1X O .
10 . . . . . . . . . . . . . . . O3X2X .
 9 . . . . . . . . . . . . . . . . O . .
 8 . . . . . . . . . . . . . . . . . . .
 7 . . . . . . . . . . . . . . . . X . .
 6 . . . . . . . . . . . . . . . . . . .
 5 . . . O . . . . . . . . . . . . . . .
 4 . . . . . . . . . . . . . . . X . . .
 3 . . . . . . . . . . . . . . . . . . .
 2 . . . . . . . . . . . . . . . . . . .
 1 . . . . . . . . . . . . . . . . . . .

koSIMPLEscoreAREAtaxNONEsui0whbNfpok1komi6.5
Root visits: 1
New playouts: 1
NN rows: 22
NN batches: 22
NN avg batch size: 1
PV: Q12
Tree:
: T  12.18c W  11.78c S   0.41c ( +1.5 L  +0.9) N       1  --  Q12
---Black(^)---

2025-02-19 16:28:49+0200: MoveNum: 23 HASH: 836956CFC98EEA9646A89B0442A4780D
   A B C D E F G H J K L M N O P Q R S T
19 . . . . . . . . . . . . . . . . . . .
18 . . . . . . . . . . . . . O . . . . .
17 . . . . . . . . . . . . . X O O O . .
16 . . . . . . . . . . . . . . X X X . .
15 . . . . . . . . . . . . . . . . . . .
14 . . . . . . . . . . . . . . . . . . .
13 . . . . . . . . . . . . . . . . O . .
12 . . . . . . . . . . . . . . . . O X .
11 . . . . . . . . . . . . . . X O X O .
10 . . . . . . . . . . . . . . . O2X1X .
 9 . . . . . . . . . . . . . . . . O X3.
 8 . . . . . . . . . . . . . . . . . . .
 7 . . . . . . . . . . . . . . . . X . .
 6 . . . . . . . . . . . . . . . . . . .
 5 . . . O . . . . . . . . . . . . . . .
 4 . . . . . . . . . . . . . . . X . . .
 3 . . . . . . . . . . . . . . . . . . .
 2 . . . . . . . . . . . . . . . . . . .
 1 . . . . . . . . . . . . . . . . . . .

koSIMPLEscoreAREAtaxNONEsui0whbNfpok1komi6.5
Root visits: 1
New playouts: 1
NN rows: 23
NN batches: 23
NN avg batch size: 1
PV: P12
Tree:
: T   0.74c W   0.73c S   0.01c ( +0.0 L  +0.2) N       1  --  P12
---White(^)---

2025-02-19 16:28:50+0200: MoveNum: 24 HASH: 53046E613C1835B8747E960CBAD6612E
   A B C D E F G H J K L M N O P Q R S T
19 . . . . . . . . . . . . . . . . . . .
18 . . . . . . . . . . . . . O . . . . .
17 . . . . . . . . . . . . . X O O O . .
16 . . . . . . . . . . . . . . X X X . .
15 . . . . . . . . . . . . . . . . . . .
14 . . . . . . . . . . . . . . . . . . .
13 . . . . . . . . . . . . . . . . O O3.
12 . . . . . . . . . . . . . . . . O X .
11 . . . . . . . . . . . . . . X O X O .
10 . . . . . . . . . . . . . . . O1X X .
 9 . . . . . . . . . . . . . . . . O X2.
 8 . . . . . . . . . . . . . . . . . . .
 7 . . . . . . . . . . . . . . . . X . .
 6 . . . . . . . . . . . . . . . . . . .
 5 . . . O . . . . . . . . . . . . . . .
 4 . . . . . . . . . . . . . . . X . . .
 3 . . . . . . . . . . . . . . . . . . .
 2 . . . . . . . . . . . . . . . . . . .
 1 . . . . . . . . . . . . . . . . . . .

koSIMPLEscoreAREAtaxNONEsui0whbNfpok1komi6.5
Root visits: 1
New playouts: 1
NN rows: 24
NN batches: 24
NN avg batch size: 1
PV: Q12
Tree:
: T  17.81c W  17.19c S   0.62c ( +2.3 L  +1.4) N       1  --  Q12
---Black(^)---

2025-02-19 16:28:50+0200: MoveNum: 25 HASH: D472F284B17326C7C60DF82DDA3928AD
   A B C D E F G H J K L M N O P Q R S T
19 . . . . . . . . . . . . . . . . . . .
18 . . . . . . . . . . . . . O . . . . .
17 . . . . . . . . . . . . . X O O O . .
16 . . . . . . . . . . . . . . X X X . .
15 . . . . . . . . . . . . . . . . . . .
14 . . . . . . . . . . . . . . . . . . .
13 . . . . . . . . . . . . . . . . O O2.
12 . . . . . . . . . . . . . . . . O X .
11 . . . . . . . . . . . . . . X O X . X3
10 . . . . . . . . . . . . . . . O X X .
 9 . . . . . . . . . . . . . . . . O X1.
 8 . . . . . . . . . . . . . . . . . . .
 7 . . . . . . . . . . . . . . . . X . .
 6 . . . . . . . . . . . . . . . . . . .
 5 . . . O . . . . . . . . . . . . . . .
 4 . . . . . . . . . . . . . . . X . . .
 3 . . . . . . . . . . . . . . . . . . .
 2 . . . . . . . . . . . . . . . . . . .
 1 . . . . . . . . . . . . . . . . . . .

koSIMPLEscoreAREAtaxNONEsui0whbNfpok1komi6.5
Root visits: 1
New playouts: 1
NN rows: 25
NN batches: 25
NN avg batch size: 1
PV: P12
Tree:
: T  20.68c W  19.81c S   0.86c ( +3.3 L  +2.6) N       1  --  P12
---White(^)---

2025-02-19 16:28:50+0200: MoveNum: 26 HASH: 2C960036ADB6D1D9E909769302E964CF
   A B C D E F G H J K L M N O P Q R S T
19 . . . . . . . . . . . . . . . . . . .
18 . . . . . . . . . . . . . O . . . . .
17 . . . . . . . . . . . . . X O O O . .
16 . . . . . . . . . . . . . . X X X . .
15 . . . . . . . . . . . . . . . . . . .
14 . . . . . . . . . . . . . . . . . . .
13 . . . . . . . . . . . . . . . . O O1.
12 . . . . . . . . . . . . . . O3. O X .
11 . . . . . . . . . . . . . . X O X . X2
10 . . . . . . . . . . . . . . . O X X .
 9 . . . . . . . . . . . . . . . . O X .
 8 . . . . . . . . . . . . . . . . . . .
 7 . . . . . . . . . . . . . . . . X . .
 6 . . . . . . . . . . . . . . . . . . .
 5 . . . O . . . . . . . . . . . . . . .
 4 . . . . . . . . . . . . . . . X . . .
 3 . . . . . . . . . . . . . . . . . . .
 2 . . . . . . . . . . . . . . . . . . .
 1 . . . . . . . . . . . . . . . . . . .

koSIMPLEscoreAREAtaxNONEsui0whbNfpok1komi6.5
Root visits: 1
New playouts: 1
NN rows: 26
NN batches: 26
NN avg batch size: 1
PV: S17
Tree:
: T -34.22c W -32.92c S  -1.30c ( -4.9 L  -3.6) N       1  --  S17
---Black(^)---

2025-02-19 16:28:50+0200: MoveNum: 27 HASH: 1BF99AA0BD087813CC0A4F44FEFCBCBF
   A B C D E F G H J K L M N O P Q R S T
19 . . . . . . . . . . . . . . . . . . .
18 . . . . . . . . . . . . . O . . . . .
17 . . . . . . . . . . . . . X O O O . .
16 . . . . . . . . . . . . . . X X X . .
15 . . . . . . . . . . . . . . . . . . .
14 . . . . . . . . . . . . . . . . . . .
13 . . . . . . . . . . . . . . . . O O .
12 . . . . . . . . . . . . . . O2. O X .
11 . . . . . . . . . . . . . . X O X . X1
10 . . . . . . . . . . . . . . . O X X .
 9 . . . . . . . . . . . . . . . X3O X .
 8 . . . . . . . . . . . . . . . . . . .
 7 . . . . . . . . . . . . . . . . X . .
 6 . . . . . . . . . . . . . . . . . . .
 5 . . . O . . . . . . . . . . . . . . .
 4 . . . . . . . . . . . . . . . X . . .
 3 . . . . . . . . . . . . . . . . . . .
 2 . . . . . . . . . . . . . . . . . . .
 1 . . . . . . . . . . . . . . . . . . .

koSIMPLEscoreAREAtaxNONEsui0whbNfpok1komi6.5
Root visits: 1
New playouts: 1
NN rows: 27
NN batches: 27
NN avg batch size: 1
PV: P9
Tree:
: T  60.01c W  57.45c S   2.57c ( +9.7 L  +7.5) N       1  --  P9
---White(^)---

2025-02-19 16:28:50+0200: MoveNum: 28 HASH: 62DBB0CECBE834128C38EEAE4C640457
   A B C D E F G H J K L M N O P Q R S T
19 . . . . . . . . . . . . . . . . . . .
18 . . . . . . . . . . . . . O . . . . .
17 . . . . . . . . . . . . . X O O O . .
16 . . . . . . . . . . . . . . X X X . .
15 . . . . . . . . . . . . . . . . . . .
14 . . . . . . . . . . . . . . . . . . .
13 . . . . . . . . . . . . . . . . O O .
12 . . . . . . . . . . . . . . O1. O X .
11 . . . . . . . . . . . . . . X O X . X
10 . . . . . . . . . . . . . . . O X X .
 9 . . . . . . . . . . . . . . O3X2O X .
 8 . . . . . . . . . . . . . . . . . . .
 7 . . . . . . . . . . . . . . . . X . .
 6 . . . . . . . . . . . . . . . . . . .
 5 . . . O . . . . . . . . . . . . . . .
 4 . . . . . . . . . . . . . . . X . . .
 3 . . . . . . . . . . . . . . . . . . .
 2 . . . . . . . . . . . . . . . . . . .
 1 . . . . . . . . . . . . . . . . . . .

koSIMPLEscoreAREAtaxNONEsui0whbNfpok1komi6.5
Root visits: 1
New playouts: 1
NN rows: 28
NN batches: 28
NN avg batch size: 1
PV: S17
Tree:
: T -71.83c W -69.08c S  -2.75c (-10.2 L  -8.2) N       1  --  S17
---Black(^)---

2025-02-19 16:28:50+0200: MoveNum: 29 HASH: 9D45614D2A0B787D086F2085F8E6045D
   A B C D E F G H J K L M N O P Q R S T
19 . . . . . . . . . . . . . . . . . . .
18 . . . . . . . . . . . . . O . . . . .
17 . . . . . . . . . . . . . X O O O . .
16 . . . . . . . . . . . . . . X X X . .
15 . . . . . . . . . . . . . . . . . . .
14 . . . . . . . . . . . . . . . . . . .
13 . . . . . . . . . . . . . . . . O O .
12 . . . . . . . . . . . . . . O . O X .
11 . . . . . . . . . . . . . . X O X . X
10 . . . . . . . . . . . . . . . O X X .
 9 . . . . . . . . . . . . . . O2X1O X .
 8 . . . . . . . . . . . . . . . X3. . .
 7 . . . . . . . . . . . . . . . . X . .
 6 . . . . . . . . . . . . . . . . . . .
 5 . . . O . . . . . . . . . . . . . . .
 4 . . . . . . . . . . . . . . . X . . .
 3 . . . . . . . . . . . . . . . . . . .
 2 . . . . . . . . . . . . . . . . . . .
 1 . . . . . . . . . . . . . . . . . . .

koSIMPLEscoreAREAtaxNONEsui0whbNfpok1komi6.5
Root visits: 1
New playouts: 1
NN rows: 29
NN batches: 29
NN avg batch size: 1
PV: O16
Tree:
: T  74.47c W  71.19c S   3.28c (+12.5 L  +9.5) N       1  --  O16
---White(^)---

2025-02-19 16:28:50+0200: MoveNum: 30 HASH: A068FD7C810DDA6A9EEFB0C624FB4156
   A B C D E F G H J K L M N O P Q R S T
19 . . . . . . . . . . . . . . . . . . .
18 . . . . . . . . . . . . . O . . . . .
17 . . . . . . . . . . . . . X O O O . .
16 . . . . . . . . . . . . . O3X X X . .
15 . . . . . . . . . . . . . . . . . . .
14 . . . . . . . . . . . . . . . . . . .
13 . . . . . . . . . . . . . . . . O O .
12 . . . . . . . . . . . . . . O . O X .
11 . . . . . . . . . . . . . . X O X . X
10 . . . . . . . . . . . . . . . O X X .
 9 . . . . . . . . . . . . . . O1X O X .
 8 . . . . . . . . . . . . . . . X2. . .
 7 . . . . . . . . . . . . . . . . X . .
 6 . . . . . . . . . . . . . . . . . . .
 5 . . . O . . . . . . . . . . . . . . .
 4 . . . . . . . . . . . . . . . X . . .
 3 . . . . . . . . . . . . . . . . . . .
 2 . . . . . . . . . . . . . . . . . . .
 1 . . . . . . . . . . . . . . . . . . .

koSIMPLEscoreAREAtaxNONEsui0whbNfpok1komi6.5
Root visits: 1
New playouts: 1
NN rows: 30
NN batches: 30
NN avg batch size: 1
PV: N17
Tree:
: T -67.04c W -64.49c S  -2.54c ( -9.3 L  -7.3) N       1  --  N17
---Black(^)---

2025-02-19 16:28:50+0200: MoveNum: 31 HASH: 507B637674F19C6CDBFD2CC6AFABB38A
   A B C D E F G H J K L M N O P Q R S T
19 . . . . . . . . . . . . . . . . . . .
18 . . . . . . . . . . . . . O . . . . .
17 . . . . . . . . . . . . . X O O O . .
16 . . . . . . . . . . . . . O2X X X . .
15 . . . . . . . . . . . . . . . . . . .
14 . . . . . . . . . . . . . . . . . . .
13 . . . . . . . . . . . . . . . . O O .
12 . . . . . . . . . . . . . . O . O X .
11 . . . . . . . . . . . . . . X O X . X
10 . . . . . . . . . . . . . . X3O X X .
 9 . . . . . . . . . . . . . . O X O X .
 8 . . . . . . . . . . . . . . . X1. . .
 7 . . . . . . . . . . . . . . . . X . .
 6 . . . . . . . . . . . . . . . . . . .
 5 . . . O . . . . . . . . . . . . . . .
 4 . . . . . . . . . . . . . . . X . . .
 3 . . . . . . . . . . . . . . . . . . .
 2 . . . . . . . . . . . . . . . . . . .
 1 . . . . . . . . . . . . . . . . . . .

koSIMPLEscoreAREAtaxNONEsui0whbNfpok1komi6.5
Root visits: 1
New playouts: 1
NN rows: 31
NN batches: 31
NN avg batch size: 1
PV: Q12
Tree:
: T  69.27c W  66.60c S   2.67c (+10.1 L  +8.3) N       1  --  Q12
---White(^)---

2025-02-19 16:28:50+0200: MoveNum: 32 HASH: 26EB83DD7AE0C4B1E5854A9A4EF90869
   A B C D E F G H J K L M N O P Q R S T
19 . . . . . . . . . . . . . . . . . . .
18 . . . . . . . . . . . . . O . . . . .
17 . . . . . . . . . . . . . X O O O . .
16 . . . . . . . . . . . . . O1X X X . .
15 . . . . . . . . . . . . . . . . . . .
14 . . . . . . . . . . . . . . . . . . .
13 . . . . . . . . . . . . . . . . O O .
12 . . . . . . . . . . . . . . O O3O X .
11 . . . . . . . . . . . . . . X O X . X
10 . . . . . . . . . . . . . . X2O X X .
 9 . . . . . . . . . . . . . . O X O X .
 8 . . . . . . . . . . . . . . . X . . .
 7 . . . . . . . . . . . . . . . . X . .
 6 . . . . . . . . . . . . . . . . . . .
 5 . . . O . . . . . . . . . . . . . . .
 4 . . . . . . . . . . . . . . . X . . .
 3 . . . . . . . . . . . . . . . . . . .
 2 . . . . . . . . . . . . . . . . . . .
 1 . . . . . . . . . . . . . . . . . . .

koSIMPLEscoreAREAtaxNONEsui0whbNfpok1komi6.5
Root visits: 1
New playouts: 1
NN rows: 32
NN batches: 32
NN avg batch size: 1
PV: N17
Tree:
: T -64.82c W -62.31c S  -2.51c ( -9.3 L  -7.5) N       1  --  N17
---Black(^)---

2025-02-19 16:28:50+0200: MoveNum: 33 HASH: 8F7E3A12157CE4E00F4EDF36E511AF00
   A B C D E F G H J K L M N O P Q R S T
19 . . . . . . . . . . . . . . . . . . .
18 . . . . . . . . . . . . . O . . . . .
17 . . . . . . . . . . . . . X O O O . .
16 . . . . . . . . . . . . . O X X X . .
15 . . . . . . . . . . . . . . . . . . .
14 . . . . . . . . . . . . . . . . . . .
13 . . . . . . . . . . . . . . . . O O .
12 . . . . . . . . . . . . . . O O2O X .
11 . . . . . . . . . . . . . . X O X . X
10 . . . . . . . . . . . . . . X1O X X .
 9 . . . . . . . . . . . . . X3O X O X .
 8 . . . . . . . . . . . . . . . X . . .
 7 . . . . . . . . . . . . . . . . X . .
 6 . . . . . . . . . . . . . . . . . . .
 5 . . . O . . . . . . . . . . . . . . .
 4 . . . . . . . . . . . . . . . X . . .
 3 . . . . . . . . . . . . . . . . . . .
 2 . . . . . . . . . . . . . . . . . . .
 1 . . . . . . . . . . . . . . . . . . .

koSIMPLEscoreAREAtaxNONEsui0whbNfpok1komi6.5
Root visits: 1
New playouts: 1
NN rows: 33
NN batches: 33
NN avg batch size: 1
PV: N17
Tree:
: T  79.36c W  76.03c S   3.33c (+12.4 L +10.4) N       1  --  N17
---White(^)---

2025-02-19 16:28:50+0200: MoveNum: 34 HASH: 279FA4F8FA61D0366ED9EA9581BD5FA0
   A B C D E F G H J K L M N O P Q R S T
19 . . . . . . . . . . . . . . . . . . .
18 . . . . . . . . . . . . . O . . . . .
17 . . . . . . . . . . . . O3. O O O . .
16 . . . . . . . . . . . . . O X X X . .
15 . . . . . . . . . . . . . . . . . . .
14 . . . . . . . . . . . . . . . . . . .
13 . . . . . . . . . . . . . . . . O O .
12 . . . . . . . . . . . . . . O O1O X .
11 . . . . . . . . . . . . . . X O X . X
10 . . . . . . . . . . . . . . X O X X .
 9 . . . . . . . . . . . . . X2O X O X .
 8 . . . . . . . . . . . . . . . X . . .
 7 . . . . . . . . . . . . . . . . X . .
 6 . . . . . . . . . . . . . . . . . . .
 5 . . . O . . . . . . . . . . . . . . .
 4 . . . . . . . . . . . . . . . X . . .
 3 . . . . . . . . . . . . . . . . . . .
 2 . . . . . . . . . . . . . . . . . . .
 1 . . . . . . . . . . . . . . . . . . .

koSIMPLEscoreAREAtaxNONEsui0whbNfpok1komi6.5
Root visits: 1
New playouts: 1
NN rows: 34
NN batches: 34
NN avg batch size: 1
PV: D16
Tree:
: T -92.62c W -88.62c S  -4.00c (-14.4 L -12.1) N       1  --  D16
---Black(^)---

2025-02-19 16:28:50+0200: MoveNum: 35 HASH: A03FACB7CE95B1CCADA709CFA125B642
   A B C D E F G H J K L M N O P Q R S T
19 . . . . . . . . . . . . . . . . . . .
18 . . . . . . . . . . . . . O . . . . .
17 . . . . . . . . . . . . O2. O O O . .
16 . . . . . . . . . . . . . O X X X . .
15 . . . . . . . . . . . . . . . . . . .
14 . . . . . . . . . . . . . . X3. . . .
13 . . . . . . . . . . . . . . . . O O .
12 . . . . . . . . . . . . . . O O O X .
11 . . . . . . . . . . . . . . X O X . X
10 . . . . . . . . . . . . . . X O X X .
 9 . . . . . . . . . . . . . X1O X O X .
 8 . . . . . . . . . . . . . . . X . . .
 7 . . . . . . . . . . . . . . . . X . .
 6 . . . . . . . . . . . . . . . . . . .
 5 . . . O . . . . . . . . . . . . . . .
 4 . . . . . . . . . . . . . . . X . . .
 3 . . . . . . . . . . . . . . . . . . .
 2 . . . . . . . . . . . . . . . . . . .
 1 . . . . . . . . . . . . . . . . . . .

koSIMPLEscoreAREAtaxNONEsui0whbNfpok1komi6.5
Root visits: 1
New playouts: 1
NN rows: 35
NN batches: 35
NN avg batch size: 1
PV: O13
Tree:
: T  93.29c W  88.71c S   4.58c (+17.9 L +15.2) N       1  --  O13
---White(^)---

2025-02-19 16:28:51+0200: MoveNum: 36 HASH: C88314E8D6FA8413EF3218321134C19E
   A B C D E F G H J K L M N O P Q R S T
19 . . . . . . . . . . . . . . . . . . .
18 . . . . . . . . . . . . . O . . . . .
17 . . . . . . . . . . . . O1. O O O . .
16 . . . . . . . . . . . . . O X X X . .
15 . . . . . . . . . . . . . . . . . . .
14 . . . . . . . . . . . . . O3X2. . . .
13 . . . . . . . . . . . . . . . . O O .
12 . . . . . . . . . . . . . . O O O X .
11 . . . . . . . . . . . . . . X O X . X
10 . . . . . . . . . . . . . . X O X X .
 9 . . . . . . . . . . . . . X O X O X .
 8 . . . . . . . . . . . . . . . X . . .
 7 . . . . . . . . . . . . . . . . X . .
 6 . . . . . . . . . . . . . . . . . . .
 5 . . . O . . . . . . . . . . . . . . .
 4 . . . . . . . . . . . . . . . X . . .
 3 . . . . . . . . . . . . . . . . . . .
 2 . . . . . . . . . . . . . . . . . . .
 1 . . . . . . . . . . . . . . . . . . .

koSIMPLEscoreAREAtaxNONEsui0whbNfpok1komi6.5
Root visits: 1
New playouts: 1
NN rows: 36
NN batches: 36
NN avg batch size: 1
PV: O13
Tree:
: T -90.33c W -86.39c S  -3.94c (-14.3 L -12.2) N       1  --  O13
---Black(^)---

2025-02-19 16:28:51+0200: MoveNum: 37 HASH: DE8633472619FA73C5CE0E7766E924DC
   A B C D E F G H J K L M N O P Q R S T
19 . . . . . . . . . . . . . . . . . . .
18 . . . . . . . . . . . . . O . . . . .
17 . . . . . . . . . . . . O . O O O . .
16 . . . . . . . . . . . . . O X X X . .
15 . . . . . . . . . . . . . . . . . . .
14 . . . . . . . . . . . . . O2X1. . . .
13 . . . . . . . . . . . . . X3. . O O .
12 . . . . . . . . . . . . . . O O O X .
11 . . . . . . . . . . . . . . X O X . X
10 . . . . . . . . . . . . . . X O X X .
 9 . . . . . . . . . . . . . X O X O X .
 8 . . . . . . . . . . . . . . . X . . .
 7 . . . . . . . . . . . . . . . . X . .
 6 . . . . . . . . . . . . . . . . . . .
 5 . . . O . . . . . . . . . . . . . . .
 4 . . . . . . . . . . . . . . . X . . .
 3 . . . . . . . . . . . . . . . . . . .
 2 . . . . . . . . . . . . . . . . . . .
 1 . . . . . . . . . . . . . . . . . . .

koSIMPLEscoreAREAtaxNONEsui0whbNfpok1komi6.5
Root visits: 1
New playouts: 1
NN rows: 37
NN batches: 37
NN avg batch size: 1
PV: P15
Tree:
: T  77.32c W  74.10c S   3.22c (+12.2 L  +9.8) N       1  --  P15
---White(^)---

2025-02-19 16:28:51+0200: MoveNum: 38 HASH: BD444FFDC71767C8ADDA500FBDAA99C2
   A B C D E F G H J K L M N O P Q R S T
19 . . . . . . . . . . . . . . . . . . .
18 . . . . . . . . . . . . . O . . . . .
17 . . . . . . . . . . . . O . O O O . .
16 . . . . . . . . . . . . . O X X X . .
15 . . . . . . . . . . . . . . . . . . .
14 . . . . . . . . . . . . . O1X . . . .
13 . . . . . . . . . . . . . X2O3. O O .
12 . . . . . . . . . . . . . . O O O X .
11 . . . . . . . . . . . . . . X O X . X
10 . . . . . . . . . . . . . . X O X X .
 9 . . . . . . . . . . . . . X O X O X .
 8 . . . . . . . . . . . . . . . X . . .
 7 . . . . . . . . . . . . . . . . X . .
 6 . . . . . . . . . . . . . . . . . . .
 5 . . . O . . . . . . . . . . . . . . .
 4 . . . . . . . . . . . . . . . X . . .
 3 . . . . . . . . . . . . . . . . . . .
 2 . . . . . . . . . . . . . . . . . . .
 1 . . . . . . . . . . . . . . . . . . .

koSIMPLEscoreAREAtaxNONEsui0whbNfpok1komi6.5
Root visits: 1
New playouts: 1
NN rows: 38
NN batches: 38
NN avg batch size: 1
PV: O15
Tree:
: T -75.33c W -72.38c S  -2.95c (-10.7 L  -9.0) N       1  --  O15
---Black(^)---

2025-02-19 16:28:51+0200: MoveNum: 39 HASH: 50DF979A8BB90DBD79C30F5F6C927708
   A B C D E F G H J K L M N O P Q R S T
19 . . . . . . . . . . . . . . . . . . .
18 . . . . . . . . . . . . . O . . . . .
17 . . . . . . . . . . . . O . O O O . .
16 . . . . . . . . . . . . . O X X X . .
15 . . . . . . . . . . . . . . . . . . .
14 . . . . . . . . . . . . . O X . . . .
13 . . . . . . . . . . . . . X1O2. O O .
12 . . . . . . . . . . . . . X3O O O X .
11 . . . . . . . . . . . . . . X O X . X
10 . . . . . . . . . . . . . . X O X X .
 9 . . . . . . . . . . . . . X O X O X .
 8 . . . . . . . . . . . . . . . X . . .
 7 . . . . . . . . . . . . . . . . X . .
 6 . . . . . . . . . . . . . . . . . . .
 5 . . . O . . . . . . . . . . . . . . .
 4 . . . . . . . . . . . . . . . X . . .
 3 . . . . . . . . . . . . . . . . . . .
 2 . . . . . . . . . . . . . . . . . . .
 1 . . . . . . . . . . . . . . . . . . .

koSIMPLEscoreAREAtaxNONEsui0whbNfpok1komi6.5
Root visits: 1
New playouts: 1
NN rows: 39
NN batches: 39
NN avg batch size: 1
PV: Q14
Tree:
: T  76.20c W  73.42c S   2.78c (+10.3 L  +8.8) N       1  --  Q14
---White(^)---

2025-02-19 16:28:51+0200: MoveNum: 40 HASH: 1E2228E028884C4456BAFCAAE6608238
   A B C D E F G H J K L M N O P Q R S T
19 . . . . . . . . . . . . . . . . . . .
18 . . . . . . . . . . . . . O . . . . .
17 . . . . . . . . . . . . O . O O O . .
16 . . . . . . . . . . . . . O X X X . .
15 . . . . . . . . . . . . . . O3. . . .
14 . . . . . . . . . . . . . O X . . . .
13 . . . . . . . . . . . . . X O1. O O .
12 . . . . . . . . . . . . . X2O O O X .
11 . . . . . . . . . . . . . . X O X . X
10 . . . . . . . . . . . . . . X O X X .
 9 . . . . . . . . . . . . . X O X O X .
 8 . . . . . . . . . . . . . . . X . . .
 7 . . . . . . . . . . . . . . . . X . .
 6 . . . . . . . . . . . . . . . . . . .
 5 . . . O . . . . . . . . . . . . . . .
 4 . . . . . . . . . . . . . . . X . . .
 3 . . . . . . . . . . . . . . . . . . .
 2 . . . . . . . . . . . . . . . . . . .
 1 . . . . . . . . . . . . . . . . . . .

koSIMPLEscoreAREAtaxNONEsui0whbNfpok1komi6.5
Root visits: 1
New playouts: 1
NN rows: 40
NN batches: 40
NN avg batch size: 1
PV: N14
Tree:
: T -67.90c W -65.49c S  -2.41c ( -8.7 L  -7.1) N       1  --  N14
---Black(^)---

2025-02-19 16:28:51+0200: MoveNum: 41 HASH: A2B8A4E1B8FA0DEB54D32C588FAE265C
   A B C D E F G H J K L M N O P Q R S T
19 . . . . . . . . . . . . . . . . . . .
18 . . . . . . . . . . . . . O . . . . .
17 . . . . . . . . . . . . O . O O O . .
16 . . . . . . . . . . . . . O X X X . .
15 . . . . . . . . . . . . . . O2. . . .
14 . . . . . . . . . . . . . O X X3. . .
13 . . . . . . . . . . . . . X O . O O .
12 . . . . . . . . . . . . . X1O O O X .
11 . . . . . . . . . . . . . . X O X . X
10 . . . . . . . . . . . . . . X O X X .
 9 . . . . . . . . . . . . . X O X O X .
 8 . . . . . . . . . . . . . . . X . . .
 7 . . . . . . . . . . . . . . . . X . .
 6 . . . . . . . . . . . . . . . . . . .
 5 . . . O . . . . . . . . . . . . . . .
 4 . . . . . . . . . . . . . . . X . . .
 3 . . . . . . . . . . . . . . . . . . .
 2 . . . . . . . . . . . . . . . . . . .
 1 . . . . . . . . . . . . . . . . . . .

koSIMPLEscoreAREAtaxNONEsui0whbNfpok1komi6.5
Root visits: 1
New playouts: 1
NN rows: 41
NN batches: 41
NN avg batch size: 1
PV: S15
Tree:
: T  61.58c W  59.42c S   2.16c ( +8.0 L  +6.6) N       1  --  S15
---White(^)---

2025-02-19 16:28:51+0200: MoveNum: 42 HASH: 810E4981610F92F085F150ADFF2CD46E
   A B C D E F G H J K L M N O P Q R S T
19 . . . . . . . . . . . . . . . . . . .
18 . . . . . . . . . . . . . O . . . . .
17 . . . . . . . . . . . . O . O O O . .
16 . . . . . . . . . . . . . O X X X . .
15 . . . . . . . . . . . . . . O1. . O3.
14 . . . . . . . . . . . . . O X X2. . .
13 . . . . . . . . . . . . . X O . O O .
12 . . . . . . . . . . . . . X O O O X .
11 . . . . . . . . . . . . . . X O X . X
10 . . . . . . . . . . . . . . X O X X .
 9 . . . . . . . . . . . . . X O X O X .
 8 . . . . . . . . . . . . . . . X . . .
 7 . . . . . . . . . . . . . . . . X . .
 6 . . . . . . . . . . . . . . . . . . .
 5 . . . O . . . . . . . . . . . . . . .
 4 . . . . . . . . . . . . . . . X . . .
 3 . . . . . . . . . . . . . . . . . . .
 2 . . . . . . . . . . . . . . . . . . .
 1 . . . . . . . . . . . . . . . . . . .

koSIMPLEscoreAREAtaxNONEsui0whbNfpok1komi6.5
Root visits: 1
New playouts: 1
NN rows: 42
NN batches: 42
NN avg batch size: 1
PV: N14
Tree:
: T -55.41c W -53.57c S  -1.84c ( -6.6 L  -5.5) N       1  --  N14
---Black(^)---

2025-02-19 16:28:51+0200: MoveNum: 43 HASH: 6F5DE373A553858D30C4C7CDDD113398
   A B C D E F G H J K L M N O P Q R S T
19 . . . . . . . . . . . . . . . . . . .
18 . . . . . . . . . . . . . O . . . . .
17 . . . . . . . . . . . . O . O O O . .
16 . . . . . . . . . . . . . O X X X X3.
15 . . . . . . . . . . . . . . O . . O2.
14 . . . . . . . . . . . . . O X X1. . .
13 . . . . . . . . . . . . . X O . O O .
12 . . . . . . . . . . . . . X O O O X .
11 . . . . . . . . . . . . . . X O X . X
10 . . . . . . . . . . . . . . X O X X .
 9 . . . . . . . . . . . . . X O X O X .
 8 . . . . . . . . . . . . . . . X . . .
 7 . . . . . . . . . . . . . . . . X . .
 6 . . . . . . . . . . . . . . . . . . .
 5 . . . O . . . . . . . . . . . . . . .
 4 . . . . . . . . . . . . . . . X . . .
 3 . . . . . . . . . . . . . . . . . . .
 2 . . . . . . . . . . . . . . . . . . .
 1 . . . . . . . . . . . . . . . . . . .

koSIMPLEscoreAREAtaxNONEsui0whbNfpok1komi6.5
Root visits: 1
New playouts: 1
NN rows: 43
NN batches: 43
NN avg batch size: 1
PV: S17
Tree:
: T  59.45c W  57.33c S   2.12c ( +8.1 L  +6.9) N       1  --  S17
---White(^)---

2025-02-19 16:28:51+0200: MoveNum: 44 HASH: 37F4ADBFC184586FB90FD250B9E8503B
   A B C D E F G H J K L M N O P Q R S T
19 . . . . . . . . . . . . . . . . . . .
18 . . . . . . . . . . . . . O . . . . .
17 . . . . . . . . . . . . O . O O O . .
16 . . . . . . . . . . . . . O X X X X2.
15 . . . . . . . . . . . . . . O . O3O1.
14 . . . . . . . . . . . . . O X X . . .
13 . . . . . . . . . . . . . X O . O O .
12 . . . . . . . . . . . . . X O O O X .
11 . . . . . . . . . . . . . . X O X . X
10 . . . . . . . . . . . . . . X O X X .
 9 . . . . . . . . . . . . . X O X O X .
 8 . . . . . . . . . . . . . . . X . . .
 7 . . . . . . . . . . . . . . . . X . .
 6 . . . . . . . . . . . . . . . . . . .
 5 . . . O . . . . . . . . . . . . . . .
 4 . . . . . . . . . . . . . . . X . . .
 3 . . . . . . . . . . . . . . . . . . .
 2 . . . . . . . . . . . . . . . . . . .
 1 . . . . . . . . . . . . . . . . . . .

koSIMPLEscoreAREAtaxNONEsui0whbNfpok1komi6.5
Root visits: 1
New playouts: 1
NN rows: 44
NN batches: 44
NN avg batch size: 1
PV: Q15
Tree:
: T -32.66c W -31.61c S  -1.04c ( -3.9 L  -3.2) N       1  --  Q15
---Black(^)---

2025-02-19 16:28:51+0200: MoveNum: 45 HASH: 3E47BC6B8B05C5BCCFA9C7565C8ED611
   A B C D E F G H J K L M N O P Q R S T
19 . . . . . . . . . . . . . . . . . . .
18 . . . . . . . . . . . . . O . . . . .
17 . . . . . . . . . . . . O . O O O . .
16 . . . . . . . . . . . . . O X X X X1.
15 . . . . . . . . . . . . . . O X3O2O .
14 . . . . . . . . . . . . . O X X . . .
13 . . . . . . . . . . . . . X O . O O .
12 . . . . . . . . . . . . . X O O O X .
11 . . . . . . . . . . . . . . X O X . X
10 . . . . . . . . . . . . . . X O X X .
 9 . . . . . . . . . . . . . X O X O X .
 8 . . . . . . . . . . . . . . . X . . .
 7 . . . . . . . . . . . . . . . . X . .
 6 . . . . . . . . . . . . . . . . . . .
 5 . . . O . . . . . . . . . . . . . . .
 4 . . . . . . . . . . . . . . . X . . .
 3 . . . . . . . . . . . . . . . . . . .
 2 . . . . . . . . . . . . . . . . . . .
 1 . . . . . . . . . . . . . . . . . . .

koSIMPLEscoreAREAtaxNONEsui0whbNfpok1komi6.5
Root visits: 1
New playouts: 1
NN rows: 45
NN batches: 45
NN avg batch size: 1
PV: O15
Tree:
: T -21.86c W -21.08c S  -0.77c ( -2.9 L  -2.3) N       1  --  O15
---White(^)---

2025-02-19 16:28:51+0200: MoveNum: 46 HASH: 3FD08C74FA1385535F426D3777585C82
   A B C D E F G H J K L M N O P Q R S T
19 . . . . . . . . . . . . . . . . . . .
18 . . . . . . . . . . . . . O . . . . .
17 . . . . . . . . . . . . O . O O O . .
16 . . . . . . . . . . . . . O X X X X .
15 . . . . . . . . . . . . . O3O X2O1O .
14 . . . . . . . . . . . . . O X X . . .
13 . . . . . . . . . . . . . X O . O O .
12 . . . . . . . . . . . . . X O O O X .
11 . . . . . . . . . . . . . . X O X . X
10 . . . . . . . . . . . . . . X O X X .
 9 . . . . . . . . . . . . . X O X O X .
 8 . . . . . . . . . . . . . . . X . . .
 7 . . . . . . . . . . . . . . . . X . .
 6 . . . . . . . . . . . . . . . . . . .
 5 . . . O . . . . . . . . . . . . . . .
 4 . . . . . . . . . . . . . . . X . . .
 3 . . . . . . . . . . . . . . . . . . .
 2 . . . . . . . . . . . . . . . . . . .
 1 . . . . . . . . . . . . . . . . . . .

koSIMPLEscoreAREAtaxNONEsui0whbNfpok1komi6.5
Root visits: 1
New playouts: 1
NN rows: 46
NN batches: 46
NN avg batch size: 1
PV: S17
Tree:
: T  28.05c W  27.03c S   1.02c ( +4.0 L  +2.8) N       1  --  S17
---Black(^)---

2025-02-19 16:28:51+0200: MoveNum: 47 HASH: E97A5494BB808729AFFA9E82E9A45A3F
   A B C D E F G H J K L M N O P Q R S T
19 . . . . . . . . . . . . . . . . . . .
18 . . . . . . . . . . . . . O . . . . .
17 . . . . . . . . . . . . O . O O O . .
16 . . . . . . . . . . . . . O X X X X .
15 . . . . . . . . . . . . . O2O X1O O X3
14 . . . . . . . . . . . . . O X X . . .
13 . . . . . . . . . . . . . X O . O O .
12 . . . . . . . . . . . . . X O O O X .
11 . . . . . . . . . . . . . . X O X . X
10 . . . . . . . . . . . . . . X O X X .
 9 . . . . . . . . . . . . . X O X O X .
 8 . . . . . . . . . . . . . . . X . . .
 7 . . . . . . . . . . . . . . . . X . .
 6 . . . . . . . . . . . . . . . . . . .
 5 . . . O . . . . . . . . . . . . . . .
 4 . . . . . . . . . . . . . . . X . . .
 3 . . . . . . . . . . . . . . . . . . .
 2 . . . . . . . . . . . . . . . . . . .
 1 . . . . . . . . . . . . . . . . . . .

koSIMPLEscoreAREAtaxNONEsui0whbNfpok1komi6.5
Root visits: 1
New playouts: 1
NN rows: 47
NN batches: 47
NN avg batch size: 1
PV: T14
Tree:
: T  -0.70c W  -0.69c S  -0.02c ( -0.1 L  -0.2) N       1  --  T14
---White(^)---

2025-02-19 16:28:52+0200: MoveNum: 48 HASH: CCDB36B5FC028EAB85679EAD738DDCE7
   A B C D E F G H J K L M N O P Q R S T
19 . . . . . . . . . . . . . . . . . . .
18 . . . . . . . . . . . . . O . . . . .
17 . . . . . . . . . . . . O . O O O . .
16 . . . . . . . . . . . . . O X X X X .
15 . . . . . . . . . . . . . O1O X O O X2
14 . . . . . . . . . . . . . O X X . . O3
13 . . . . . . . . . . . . . X O . O O .
12 . . . . . . . . . . . . . X O O O X .
11 . . . . . . . . . . . . . . X O X . X
10 . . . . . . . . . . . . . . X O X X .
 9 . . . . . . . . . . . . . X O X O X .
 8 . . . . . . . . . . . . . . . X . . .
 7 . . . . . . . . . . . . . . . . X . .
 6 . . . . . . . . . . . . . . . . . . .
 5 . . . O . . . . . . . . . . . . . . .
 4 . . . . . . . . . . . . . . . X . . .
 3 . . . . . . . . . . . . . . . . . . .
 2 . . . . . . . . . . . . . . . . . . .
 1 . . . . . . . . . . . . . . . . . . .

koSIMPLEscoreAREAtaxNONEsui0whbNfpok1komi6.5
Root visits: 1
New playouts: 1
NN rows: 48
NN batches: 48
NN avg batch size: 1
PV: T16
Tree:
: T -20.79c W -20.03c S  -0.77c ( -2.8 L  -2.6) N       1  --  T16
---Black(^)---

2025-02-19 16:28:52+0200: MoveNum: 49 HASH: 7AF06D51438DEE97711FC3DB4FABBE64
   A B C D E F G H J K L M N O P Q R S T
19 . . . . . . . . . . . . . . . . . . .
18 . . . . . . . . . . . . . O . . . . .
17 . . . . . . . . . . . . O . O O O . .
16 . . . . . . . . . . . . . O X X X X .
15 . . . . . . . . . . . . . O O X O O X1
14 . . . . . . . . . . . . . O X X X3. O2
13 . . . . . . . . . . . . . X O . O O .
12 . . . . . . . . . . . . . X O O O X .
11 . . . . . . . . . . . . . . X O X . X
10 . . . . . . . . . . . . . . X O X X .
 9 . . . . . . . . . . . . . X O X O X .
 8 . . . . . . . . . . . . . . . X . . .
 7 . . . . . . . . . . . . . . . . X . .
 6 . . . . . . . . . . . . . . . . . . .
 5 . . . O . . . . . . . . . . . . . . .
 4 . . . . . . . . . . . . . . . X . . .
 3 . . . . . . . . . . . . . . . . . . .
 2 . . . . . . . . . . . . . . . . . . .
 1 . . . . . . . . . . . . . . . . . . .

koSIMPLEscoreAREAtaxNONEsui0whbNfpok1komi6.5
Root visits: 1
New playouts: 1
NN rows: 49
NN batches: 49
NN avg batch size: 1
PV: T16
Tree:
: T -25.51c W -24.50c S  -1.01c ( -3.8 L  -3.1) N       1  --  T16
---White(^)---

2025-02-19 16:28:52+0200: MoveNum: 50 HASH: D98C92E2AC8EB171E9D0FD252770C007
   A B C D E F G H J K L M N O P Q R S T
19 . . . . . . . . . . . . . . . . . . .
18 . . . . . . . . . . . . . O . . . . .
17 . . . . . . . . . . . . O . O O O . .
16 . . . . . . . . . . . . . O X X X X O3
15 . . . . . . . . . . . . . O O X O O .
14 . . . . . . . . . . . . . O X X X2. O1
13 . . . . . . . . . . . . . X O . O O .
12 . . . . . . . . . . . . . X O O O X .
11 . . . . . . . . . . . . . . X O X . X
10 . . . . . . . . . . . . . . X O X X .
 9 . . . . . . . . . . . . . X O X O X .
 8 . . . . . . . . . . . . . . . X . . .
 7 . . . . . . . . . . . . . . . . X . .
 6 . . . . . . . . . . . . . . . . . . .
 5 . . . O . . . . . . . . . . . . . . .
 4 . . . . . . . . . . . . . . . X . . .
 3 . . . . . . . . . . . . . . . . . . .
 2 . . . . . . . . . . . . . . . . . . .
 1 . . . . . . . . . . . . . . . . . . .

koSIMPLEscoreAREAtaxNONEsui0whbNfpok1komi6.5
Root visits: 1
New playouts: 1
NN rows: 50
NN batches: 50
NN avg batch size: 1
PV: S14
Tree:
: T  12.70c W  12.26c S   0.44c ( +1.6 L  +0.9) N       1  --  S14
---Black(^)---

2025-02-19 16:28:52+0200: MoveNum: 51 HASH: 99BE6BCA83D5EB1109DD563A570BD69D
   A B C D E F G H J K L M N O P Q R S T
19 . . . . . . . . . . . . . . . . . . .
18 . . . . . . . . . . . . . O . . . . .
17 . . . . . . . . . . . . O . O O O . .
16 . . . . . . . . . . . . . O X X X X O2
15 . . . . . . . . . . . . . O O X O O .
14 . . . . . . . . . . . . . O X X X1X3O
13 . . . . . . . . . . . . . X O . O O .
12 . . . . . . . . . . . . . X O O O X .
11 . . . . . . . . . . . . . . X O X . X
10 . . . . . . . . . . . . . . X O X X .
 9 . . . . . . . . . . . . . X O X O X .
 8 . . . . . . . . . . . . . . . X . . .
 7 . . . . . . . . . . . . . . . . X . .
 6 . . . . . . . . . . . . . . . . . . .
 5 . . . O . . . . . . . . . . . . . . .
 4 . . . . . . . . . . . . . . . X . . .
 3 . . . . . . . . . . . . . . . . . . .
 2 . . . . . . . . . . . . . . . . . . .
 1 . . . . . . . . . . . . . . . . . . .

koSIMPLEscoreAREAtaxNONEsui0whbNfpok1komi6.5
Root visits: 1
New playouts: 1
NN rows: 51
NN batches: 51
NN avg batch size: 1
PV: S17
Tree:
: T  36.70c W  35.17c S   1.53c ( +5.8 L  +4.8) N       1  --  S17
---White(^)---

2025-02-19 16:28:52+0200: MoveNum: 52 HASH: 5E04EDD279652C264087EB53637574AB
   A B C D E F G H J K L M N O P Q R S T
19 . . . . . . . . . . . . . . . . . . .
18 . . . . . . . . . . . . . O . . . . .
17 . . . . . . . . . . . . O . O O O O3.
16 . . . . . . . . . . . . . O X X X X O1
15 . . . . . . . . . . . . . O O X O O .
14 . . . . . . . . . . . . . O X X X X2O
13 . . . . . . . . . . . . . X O . O O .
12 . . . . . . . . . . . . . X O O O X .
11 . . . . . . . . . . . . . . X O X . X
10 . . . . . . . . . . . . . . X O X X .
 9 . . . . . . . . . . . . . X O X O X .
 8 . . . . . . . . . . . . . . . X . . .
 7 . . . . . . . . . . . . . . . . X . .
 6 . . . . . . . . . . . . . . . . . . .
 5 . . . O . . . . . . . . . . . . . . .
 4 . . . . . . . . . . . . . . . X . . .
 3 . . . . . . . . . . . . . . . . . . .
 2 . . . . . . . . . . . . . . . . . . .
 1 . . . . . . . . . . . . . . . . . . .

koSIMPLEscoreAREAtaxNONEsui0whbNfpok1komi6.5
Root visits: 1
New playouts: 1
NN rows: 52
NN batches: 52
NN avg batch size: 1
PV: T15
Tree:
: T  -2.30c W  -2.18c S  -0.13c ( -0.4 L  -0.4) N       1  --  T15
---Black(^)---

2025-02-19 16:28:52+0200: MoveNum: 53 HASH: F3B1969E85D46CA5E8D6718EE9F2E387
   A B C D E F G H J K L M N O P Q R S T
19 . . . . . . . . . . . . . . . . . . .
18 . . . . . . . . . . . . . O . . . . .
17 . . . . . . . . . . . . O . O O O O2.
16 . . . . . . . . . . . . . O X X X X O
15 . . . . . . . . . . . . . O O X . . X3
14 . . . . . . . . . . . . . O X X X X1O
13 . . . . . . . . . . . . . X O . O O .
12 . . . . . . . . . . . . . X O O O X .
11 . . . . . . . . . . . . . . X O X . X
10 . . . . . . . . . . . . . . X O X X .
 9 . . . . . . . . . . . . . X O X O X .
 8 . . . . . . . . . . . . . . . X . . .
 7 . . . . . . . . . . . . . . . . X . .
 6 . . . . . . . . . . . . . . . . . . .
 5 . . . O . . . . . . . . . . . . . . .
 4 . . . . . . . . . . . . . . . X . . .
 3 . . . . . . . . . . . . . . . . . . .
 2 . . . . . . . . . . . . . . . . . . .
 1 . . . . . . . . . . . . . . . . . . .

koSIMPLEscoreAREAtaxNONEsui0whbNfpok1komi6.5
Root visits: 1
New playouts: 1
NN rows: 53
NN batches: 53
NN avg batch size: 1
PV: S15
Tree:
: T -15.33c W -14.78c S  -0.55c ( -2.1 L  -1.4) N       1  --  S15
---White(^)---

