2025-02-19 16:47:13+0200: Running with following config:
allowResignation = true
lagBuffer = 1.0
logAllGTPCommunication = true
logDir = gtp_logs
logSearchInfo = true
logSearchInfoForChosenMove = false
logToStderr = false
maxPlayouts = 1
maxVisitsPondering = 1
numAnalysisThreads = 1
numSearchThreads = 6
ponderingEnabled = false
resignConsecTurns = 3
resignThreshold = -0.90
rules = tromp-taylor
searchFactorAfterOnePass = 0.50
searchFactorAfterTwoPass = 0.25
searchFactorWhenWinning = 0.40
searchFactorWhenWinningThreshold = 0.95

2025-02-19 16:47:13+0200: Analysis Engine starting...
2025-02-19 16:47:13+0200: KataGo v1.15.3
2025-02-19 16:47:13+0200: nnRandSeed0 = 15792305711973756860
2025-02-19 16:47:13+0200: After dedups: nnModelFile0 = /home/cmk/katago/default_model.txt.gz useFP16 auto useNHWC auto
2025-02-19 16:47:13+0200: Initializing neural net buffer to be size 19 * 19 allowing smaller boards
2025-02-19 16:47:14+0200: Eigen (CPU) backend thread 0: Model version 8
2025-02-19 16:47:14+0200: Eigen (CPU) backend thread 0: Model name: b10c128-s1141046784-d204142634
2025-02-19 16:47:14+0200: Eigen (CPU) backend thread 1: Model version 8
2025-02-19 16:47:14+0200: Eigen (CPU) backend thread 1: Model name: b10c128-s1141046784-d204142634
2025-02-19 16:47:15+0200: --------------
2025-02-19 16:47:15+0200: WARNING: Config had unused keys! You may have a typo, an option you specified is being unused from /home/cmk/katago/default_gtp.cfg
2025-02-19 16:47:15+0200: WARNING: Unused key 'allowResignation' in /home/cmk/katago/default_gtp.cfg
2025-02-19 16:47:15+0200: WARNING: Unused key 'logAllGTPCommunication' in /home/cmk/katago/default_gtp.cfg
2025-02-19 16:47:15+0200: WARNING: Unused key 'logSearchInfoForChosenMove' in /home/cmk/katago/default_gtp.cfg
2025-02-19 16:47:15+0200: WARNING: Unused key 'ponderingEnabled' in /home/cmk/katago/default_gtp.cfg
2025-02-19 16:47:15+0200: WARNING: Unused key 'resignConsecTurns' in /home/cmk/katago/default_gtp.cfg
2025-02-19 16:47:15+0200: WARNING: Unused key 'resignThreshold' in /home/cmk/katago/default_gtp.cfg
2025-02-19 16:47:15+0200: WARNING: Unused key 'rules' in /home/cmk/katago/default_gtp.cfg
2025-02-19 16:47:15+0200: WARNING: Unused key 'searchFactorWhenWinning' in /home/cmk/katago/default_gtp.cfg
2025-02-19 16:47:15+0200: WARNING: Unused key 'searchFactorWhenWinningThreshold' in /home/cmk/katago/default_gtp.cfg
2025-02-19 16:47:15+0200: --------------
2025-02-19 16:47:15+0200: Loaded config /home/cmk/katago/default_gtp.cfg
2025-02-19 16:47:15+0200: Loaded model /home/cmk/katago/default_model.txt.gz
2025-02-19 16:47:15+0200: Analyzing up to 1 positions at a time in parallel
2025-02-19 16:47:15+0200: Started, ready to begin handling requests
2025-02-19 16:47:15+0200: MoveNum: 1 HASH: D787FAD66281F76731DCD9C1B3387463
   A B C D E F G H J K L M N O P Q R S T
19 . . . . . . . . . . . . . . . . . . .
18 . . . . . . . . . . . . . . . . . . .
17 . . . . . . . . . . . . . . . . . . .
16 . . . . . . . . . . . . . . . X1. . .
15 . . . . . . . . . . . . . . . . . . .
14 . . . . . . . . . . . . . . . . . . .
13 . . . . . . . . . . . . . . . . . . .
12 . . . . . . . . . . . . . . . . . . .
11 . . . . . . . . . . . . . . . . . . .
10 . . . . . . . . . . . . . . . . . . .
 9 . . . . . . . . . . . . . . . . . . .
 8 . . . . . . . . . . . . . . . . . . .
 7 . . . . . . . . . . . . . . . . . . .
 6 . . . . . . . . . . . . . . . . . . .
 5 . . . . . . . . . . . . . . . . . . .
 4 . . . . . . . . . . . . . . . . . . .
 3 . . . . . . . . . . . . . . . . . . .
 2 . . . . . . . . . . . . . . . . . . .
 1 . . . . . . . . . . . . . . . . . . .

koSIMPLEscoreAREAtaxNONEsui0whbNfpok1komi6.5
Root visits: 1
New playouts: 1
NN rows: 1
NN batches: 1
NN avg batch size: 1
PV: D16
Tree:
: T -10.95c W -10.59c S  -0.36c ( -1.4 L  -0.8) N       1  --  D16
---White(^)---

2025-02-19 16:47:15+0200: MoveNum: 2 HASH: 94380AC1F22EB555D4214569769ED1D3
   A B C D E F G H J K L M N O P Q R S T
19 . . . . . . . . . . . . . . . . . . .
18 . . . . . . . . . . . . . . . . . . .
17 . . . . . . . . . . . . . . . . . . .
16 . . . . . . . . . . . . . . . X1. . .
15 . . . . . . . . . . . . . . . . . . .
14 . . . . . . . . . . . . . . . . . . .
13 . . . . . . . . . . . . . . . . . . .
12 . . . . . . . . . . . . . . . . . . .
11 . . . . . . . . . . . . . . . . . . .
10 . . . . . . . . . . . . . . . . . . .
 9 . . . . . . . . . . . . . . . . . . .
 8 . . . . . . . . . . . . . . . . . . .
 7 . . . . . . . . . . . . . . . . . . .
 6 . . . . . . . . . . . . . . . . . . .
 5 . . . O2. . . . . . . . . . . . . . .
 4 . . . . . . . . . . . . . . . . . . .
 3 . . . . . . . . . . . . . . . . . . .
 2 . . . . . . . . . . . . . . . . . . .
 1 . . . . . . . . . . . . . . . . . . .

koSIMPLEscoreAREAtaxNONEsui0whbNfpok1komi6.5
Root visits: 1
New playouts: 1
NN rows: 2
NN batches: 2
NN avg batch size: 1
PV: C3
Tree:
: T   8.32c W   8.01c S   0.31c ( +1.2 L  +0.6) N       1  --  C3
---Black(^)---

2025-02-19 16:47:15+0200: MoveNum: 3 HASH: D48B8A53963C6D1F2C36B70A219D474B
   A B C D E F G H J K L M N O P Q R S T
19 . . . . . . . . . . . . . . . . . . .
18 . . . . . . . . . . . . . . . . . . .
17 . . . . . . . . . . . . . . . . . . .
16 . . . . . . . . . . . . . . . X1. . .
15 . . . . . . . . . . . . . . . . . . .
14 . . . . . . . . . . . . . . . . . . .
13 . . . . . . . . . . . . . . . . . . .
12 . . . . . . . . . . . . . . . . . . .
11 . . . . . . . . . . . . . . . . . . .
10 . . . . . . . . . . . . . . . . . . .
 9 . . . . . . . . . . . . . . . . . . .
 8 . . . . . . . . . . . . . . . . . . .
 7 . . . . . . . . . . . . . . . . . . .
 6 . . . . . . . . . . . . . . . . . . .
 5 . . . O2. . . . . . . . . . . . . . .
 4 . . . . . . . . . . . . . . . X3. . .
 3 . . . . . . . . . . . . . . . . . . .
 2 . . . . . . . . . . . . . . . . . . .
 1 . . . . . . . . . . . . . . . . . . .

koSIMPLEscoreAREAtaxNONEsui0whbNfpok1komi6.5
Root visits: 1
New playouts: 1
NN rows: 3
NN batches: 3
NN avg batch size: 1
PV: D3
Tree:
: T -14.61c W -14.06c S  -0.55c ( -2.1 L  -1.3) N       1  --  D3
---White(^)---

2025-02-19 16:47:15+0200: MoveNum: 4 HASH: 4F5F5FBDE797EAA1041E42D82DAF6F3E
   A B C D E F G H J K L M N O P Q R S T
19 . . . . . . . . . . . . . . . . . . .
18 . . . . . . . . . . . . . . . . . . .
17 . . . . . . . . . . . . . . . . O3. .
16 . . . . . . . . . . . . . . . X . . .
15 . . . . . . . . . . . . . . . . . . .
14 . . . . . . . . . . . . . . . . . . .
13 . . . . . . . . . . . . . . . . . . .
12 . . . . . . . . . . . . . . . . . . .
11 . . . . . . . . . . . . . . . . . . .
10 . . . . . . . . . . . . . . . . . . .
 9 . . . . . . . . . . . . . . . . . . .
 8 . . . . . . . . . . . . . . . . . . .
 7 . . . . . . . . . . . . . . . . . . .
 6 . . . . . . . . . . . . . . . . . . .
 5 . . . O1. . . . . . . . . . . . . . .
 4 . . . . . . . . . . . . . . . X2. . .
 3 . . . . . . . . . . . . . . . . . . .
 2 . . . . . . . . . . . . . . . . . . .
 1 . . . . . . . . . . . . . . . . . . .

koSIMPLEscoreAREAtaxNONEsui0whbNfpok1komi6.5
Root visits: 1
New playouts: 1
NN rows: 4
NN batches: 4
NN avg batch size: 1
PV: Q17
Tree:
: T  15.02c W  14.48c S   0.55c ( +2.1 L  +1.3) N       1  --  Q17
---Black(^)---

2025-02-19 16:47:15+0200: MoveNum: 5 HASH: CAA5C51A7006FBDEE8BE616801CD11A9
   A B C D E F G H J K L M N O P Q R S T
19 . . . . . . . . . . . . . . . . . . .
18 . . . . . . . . . . . . . . . . . . .
17 . . . . . . . . . . . . . . . . O2. .
16 . . . . . . . . . . . . . . . X X3. .
15 . . . . . . . . . . . . . . . . . . .
14 . . . . . . . . . . . . . . . . . . .
13 . . . . . . . . . . . . . . . . . . .
12 . . . . . . . . . . . . . . . . . . .
11 . . . . . . . . . . . . . . . . . . .
10 . . . . . . . . . . . . . . . . . . .
 9 . . . . . . . . . . . . . . . . . . .
 8 . . . . . . . . . . . . . . . . . . .
 7 . . . . . . . . . . . . . . . . . . .
 6 . . . . . . . . . . . . . . . . . . .
 5 . . . O . . . . . . . . . . . . . . .
 4 . . . . . . . . . . . . . . . X1. . .
 3 . . . . . . . . . . . . . . . . . . .
 2 . . . . . . . . . . . . . . . . . . .
 1 . . . . . . . . . . . . . . . . . . .

koSIMPLEscoreAREAtaxNONEsui0whbNfpok1komi6.5
Root visits: 1
New playouts: 1
NN rows: 5
NN batches: 5
NN avg batch size: 1
PV: Q17
Tree:
: T -30.90c W -29.82c S  -1.08c ( -4.1 L  -2.8) N       1  --  Q17
---White(^)---

2025-02-19 16:47:15+0200: MoveNum: 6 HASH: A46E2D55C85D45E37489A998FDDDCB0C
   A B C D E F G H J K L M N O P Q R S T
19 . . . . . . . . . . . . . . . . . . .
18 . . . . . . . . . . . . . . . . . . .
17 . . . . . . . . . . . . . . . O3O1. .
16 . . . . . . . . . . . . . . . X X2. .
15 . . . . . . . . . . . . . . . . . . .
14 . . . . . . . . . . . . . . . . . . .
13 . . . . . . . . . . . . . . . . . . .
12 . . . . . . . . . . . . . . . . . . .
11 . . . . . . . . . . . . . . . . . . .
10 . . . . . . . . . . . . . . . . . . .
 9 . . . . . . . . . . . . . . . . . . .
 8 . . . . . . . . . . . . . . . . . . .
 7 . . . . . . . . . . . . . . . . . . .
 6 . . . . . . . . . . . . . . . . . . .
 5 . . . O . . . . . . . . . . . . . . .
 4 . . . . . . . . . . . . . . . X . . .
 3 . . . . . . . . . . . . . . . . . . .
 2 . . . . . . . . . . . . . . . . . . .
 1 . . . . . . . . . . . . . . . . . . .

koSIMPLEscoreAREAtaxNONEsui0whbNfpok1komi6.5
Root visits: 1
New playouts: 1
NN rows: 6
NN batches: 6
NN avg batch size: 1
PV: O17
Tree:
: T  13.13c W  12.64c S   0.49c ( +1.9 L  +1.1) N       1  --  O17
---Black(^)---

2025-02-19 16:47:15+0200: MoveNum: 7 HASH: 0B24A38BCDA53569DAD45717EA970FBE
   A B C D E F G H J K L M N O P Q R S T
19 . . . . . . . . . . . . . . . . . . .
18 . . . . . . . . . . . . . . . . . . .
17 . . . . . . . . . . . . . . . O2O . .
16 . . . . . . . . . . . . . . X3X X1. .
15 . . . . . . . . . . . . . . . . . . .
14 . . . . . . . . . . . . . . . . . . .
13 . . . . . . . . . . . . . . . . . . .
12 . . . . . . . . . . . . . . . . . . .
11 . . . . . . . . . . . . . . . . . . .
10 . . . . . . . . . . . . . . . . . . .
 9 . . . . . . . . . . . . . . . . . . .
 8 . . . . . . . . . . . . . . . . . . .
 7 . . . . . . . . . . . . . . . . . . .
 6 . . . . . . . . . . . . . . . . . . .
 5 . . . O . . . . . . . . . . . . . . .
 4 . . . . . . . . . . . . . . . X . . .
 3 . . . . . . . . . . . . . . . . . . .
 2 . . . . . . . . . . . . . . . . . . .
 1 . . . . . . . . . . . . . . . . . . .

koSIMPLEscoreAREAtaxNONEsui0whbNfpok1komi6.5
Root visits: 1
New playouts: 1
NN rows: 7
NN batches: 7
NN avg batch size: 1
PV: O18
Tree:
: T -23.37c W -22.51c S  -0.86c ( -3.2 L  -2.1) N       1  --  O18
---White(^)---

2025-02-19 16:47:15+0200: MoveNum: 8 HASH: 34DFCCD29CF6FB52AD6C901D79A7980B
   A B C D E F G H J K L M N O P Q R S T
19 . . . . . . . . . . . . . . . . . . .
18 . . . . . . . . . . . . . . . . . . .
17 . . . . . . . . . . . . . . O3O1O . .
16 . . . . . . . . . . . . . . X2X X . .
15 . . . . . . . . . . . . . . . . . . .
14 . . . . . . . . . . . . . . . . . . .
13 . . . . . . . . . . . . . . . . . . .
12 . . . . . . . . . . . . . . . . . . .
11 . . . . . . . . . . . . . . . . . . .
10 . . . . . . . . . . . . . . . . . . .
 9 . . . . . . . . . . . . . . . . . . .
 8 . . . . . . . . . . . . . . . . . . .
 7 . . . . . . . . . . . . . . . . . . .
 6 . . . . . . . . . . . . . . . . . . .
 5 . . . O . . . . . . . . . . . . . . .
 4 . . . . . . . . . . . . . . . X . . .
 3 . . . . . . . . . . . . . . . . . . .
 2 . . . . . . . . . . . . . . . . . . .
 1 . . . . . . . . . . . . . . . . . . .

koSIMPLEscoreAREAtaxNONEsui0whbNfpok1komi6.5
Root visits: 1
New playouts: 1
NN rows: 8
NN batches: 8
NN avg batch size: 1
PV: O17
Tree:
: T  14.47c W  13.94c S   0.53c ( +2.0 L  +1.2) N       1  --  O17
---Black(^)---

2025-02-19 16:47:15+0200: MoveNum: 9 HASH: C74DE7AE3E67CED91896E8F003EF24E1
   A B C D E F G H J K L M N O P Q R S T
19 . . . . . . . . . . . . . . . . . . .
18 . . . . . . . . . . . . . . . . . . .
17 . . . . . . . . . . . . . X3O2O O . .
16 . . . . . . . . . . . . . . X1X X . .
15 . . . . . . . . . . . . . . . . . . .
14 . . . . . . . . . . . . . . . . . . .
13 . . . . . . . . . . . . . . . . . . .
12 . . . . . . . . . . . . . . . . . . .
11 . . . . . . . . . . . . . . . . . . .
10 . . . . . . . . . . . . . . . . . . .
 9 . . . . . . . . . . . . . . . . . . .
 8 . . . . . . . . . . . . . . . . . . .
 7 . . . . . . . . . . . . . . . . . . .
 6 . . . . . . . . . . . . . . . . . . .
 5 . . . O . . . . . . . . . . . . . . .
 4 . . . . . . . . . . . . . . . X . . .
 3 . . . . . . . . . . . . . . . . . . .
 2 . . . . . . . . . . . . . . . . . . .
 1 . . . . . . . . . . . . . . . . . . .

koSIMPLEscoreAREAtaxNONEsui0whbNfpok1komi6.5
Root visits: 1
New playouts: 1
NN rows: 9
NN batches: 9
NN avg batch size: 1
PV: O18
Tree:
: T -29.92c W -28.92c S  -1.00c ( -3.8 L  -2.5) N       1  --  O18
---White(^)---

2025-02-19 16:47:15+0200: MoveNum: 10 HASH: FD604B2FAF5C2C06E2152B96ACEF2BCB
   A B C D E F G H J K L M N O P Q R S T
19 . . . . . . . . . . . . . . . . . . .
18 . . . . . . . . . . . . . O3. . . . .
17 . . . . . . . . . . . . . X2O1O O . .
16 . . . . . . . . . . . . . . X X X . .
15 . . . . . . . . . . . . . . . . . . .
14 . . . . . . . . . . . . . . . . . . .
13 . . . . . . . . . . . . . . . . . . .
12 . . . . . . . . . . . . . . . . . . .
11 . . . . . . . . . . . . . . . . . . .
10 . . . . . . . . . . . . . . . . . . .
 9 . . . . . . . . . . . . . . . . . . .
 8 . . . . . . . . . . . . . . . . . . .
 7 . . . . . . . . . . . . . . . . . . .
 6 . . . . . . . . . . . . . . . . . . .
 5 . . . O . . . . . . . . . . . . . . .
 4 . . . . . . . . . . . . . . . X . . .
 3 . . . . . . . . . . . . . . . . . . .
 2 . . . . . . . . . . . . . . . . . . .
 1 . . . . . . . . . . . . . . . . . . .

koSIMPLEscoreAREAtaxNONEsui0whbNfpok1komi6.5
Root visits: 1
New playouts: 1
NN rows: 10
NN batches: 10
NN avg batch size: 1
PV: C3
Tree:
: T  16.04c W  15.45c S   0.59c ( +2.2 L  +1.3) N       1  --  C3
---Black(^)---

2025-02-19 16:47:15+0200: MoveNum: 11 HASH: EB96720AA0BBBE3407F9CD127E48FA62
   A B C D E F G H J K L M N O P Q R S T
19 . . . . . . . . . . . . . . . . . . .
18 . . . . . . . . . . . . . O2. . . . .
17 . . . . . . . . . . . . . X1O O O . .
16 . . . . . . . . . . . . . . X X X . .
15 . . . . . . . . . . . . . . . . . . .
14 . . . . . . . . . . . . . . . . . . .
13 . . . . . . . . . . . . . . . . . . .
12 . . . . . . . . . . . . . . . . . . .
11 . . . . . . . . . . . . . . . . X3. .
10 . . . . . . . . . . . . . . . . . . .
 9 . . . . . . . . . . . . . . . . . . .
 8 . . . . . . . . . . . . . . . . . . .
 7 . . . . . . . . . . . . . . . . . . .
 6 . . . . . . . . . . . . . . . . . . .
 5 . . . O . . . . . . . . . . . . . . .
 4 . . . . . . . . . . . . . . . X . . .
 3 . . . . . . . . . . . . . . . . . . .
 2 . . . . . . . . . . . . . . . . . . .
 1 . . . . . . . . . . . . . . . . . . .

koSIMPLEscoreAREAtaxNONEsui0whbNfpok1komi6.5
Root visits: 1
New playouts: 1
NN rows: 11
NN batches: 11
NN avg batch size: 1
PV: D3
Tree:
: T  -8.11c W  -7.80c S  -0.31c ( -1.2 L  -0.6) N       1  --  D3
---White(^)---

2025-02-19 16:47:16+0200: MoveNum: 12 HASH: 9EDBCF3F4CBEA095D8D1075319003B80
   A B C D E F G H J K L M N O P Q R S T
19 . . . . . . . . . . . . . . . . . . .
18 . . . . . . . . . . . . . O1. . . . .
17 . . . . . . . . . . . . . X O O O . .
16 . . . . . . . . . . . . . . X X X . .
15 . . . . . . . . . . . . . . . . . . .
14 . . . . . . . . . . . . . . . . . . .
13 . . . . . . . . . . . . . . . . . . .
12 . . . . . . . . . . . . . . . . . . .
11 . . . . . . . . . . . . . . . . X2. .
10 . . . . . . . . . . . . . . . . . . .
 9 . . . . . . . . . . . . . . . . O3. .
 8 . . . . . . . . . . . . . . . . . . .
 7 . . . . . . . . . . . . . . . . . . .
 6 . . . . . . . . . . . . . . . . . . .
 5 . . . O . . . . . . . . . . . . . . .
 4 . . . . . . . . . . . . . . . X . . .
 3 . . . . . . . . . . . . . . . . . . .
 2 . . . . . . . . . . . . . . . . . . .
 1 . . . . . . . . . . . . . . . . . . .

koSIMPLEscoreAREAtaxNONEsui0whbNfpok1komi6.5
Root visits: 1
New playouts: 1
NN rows: 12
NN batches: 12
NN avg batch size: 1
PV: D16
Tree:
: T  20.22c W  19.49c S   0.73c ( +2.8 L  +1.7) N       1  --  D16
---Black(^)---

2025-02-19 16:47:16+0200: MoveNum: 13 HASH: 68CDDD6D7CA20E4B2CA06194DE40FCE1
   A B C D E F G H J K L M N O P Q R S T
19 . . . . . . . . . . . . . . . . . . .
18 . . . . . . . . . . . . . O . . . . .
17 . . . . . . . . . . . . . X O O O . .
16 . . . . . . . . . . . . . . X X X . .
15 . . . . . . . . . . . . . . . . . . .
14 . . . . . . . . . . . . . . . . . . .
13 . . . . . . . . . . . . . . . . . . .
12 . . . . . . . . . . . . . . . . . . .
11 . . . . . . . . . . . . . . . . X1. .
10 . . . . . . . . . . . . . . . . . . .
 9 . . . . . . . . . . . . . . . . O2. .
 8 . . . . . . . . . . . . . . . . . . .
 7 . . . . . . . . . . . . . . . . X3. .
 6 . . . . . . . . . . . . . . . . . . .
 5 . . . O . . . . . . . . . . . . . . .
 4 . . . . . . . . . . . . . . . X . . .
 3 . . . . . . . . . . . . . . . . . . .
 2 . . . . . . . . . . . . . . . . . . .
 1 . . . . . . . . . . . . . . . . . . .

koSIMPLEscoreAREAtaxNONEsui0whbNfpok1komi6.5
Root visits: 1
New playouts: 1
NN rows: 13
NN batches: 13
NN avg batch size: 1
PV: D3
Tree:
: T -15.02c W -14.48c S  -0.55c ( -2.1 L  -1.3) N       1  --  D3
---White(^)---

2025-02-19 16:47:16+0200: MoveNum: 14 HASH: 2E1CD7060D4A418C527BC69DBBD8390A
   A B C D E F G H J K L M N O P Q R S T
19 . . . . . . . . . . . . . . . . . . .
18 . . . . . . . . . . . . . O . . . . .
17 . . . . . . . . . . . . . X O O O . .
16 . . . . . . . . . . . . . . X X X . .
15 . . . . . . . . . . . . . . . . . . .
14 . . . . . . . . . . . . . . . . . . .
13 . . . . . . . . . . . . . . . . O3. .
12 . . . . . . . . . . . . . . . . . . .
11 . . . . . . . . . . . . . . . . X . .
10 . . . . . . . . . . . . . . . . . . .
 9 . . . . . . . . . . . . . . . . O1. .
 8 . . . . . . . . . . . . . . . . . . .
 7 . . . . . . . . . . . . . . . . X2. .
 6 . . . . . . . . . . . . . . . . . . .
 5 . . . O . . . . . . . . . . . . . . .
 4 . . . . . . . . . . . . . . . X . . .
 3 . . . . . . . . . . . . . . . . . . .
 2 . . . . . . . . . . . . . . . . . . .
 1 . . . . . . . . . . . . . . . . . . .

koSIMPLEscoreAREAtaxNONEsui0whbNfpok1komi6.5
Root visits: 1
New playouts: 1
NN rows: 14
NN batches: 14
NN avg batch size: 1
PV: D16
Tree:
: T  29.09c W  28.08c S   1.01c ( +3.8 L  +2.6) N       1  --  D16
---Black(^)---

2025-02-19 16:47:16+0200: MoveNum: 15 HASH: 8E97EBC378E148B68F57FF4E42839FA3
   A B C D E F G H J K L M N O P Q R S T
19 . . . . . . . . . . . . . . . . . . .
18 . . . . . . . . . . . . . O . . . . .
17 . . . . . . . . . . . . . X O O O . .
16 . . . . . . . . . . . . . . X X X . .
15 . . . . . . . . . . . . . . . . . . .
14 . . . . . . . . . . . . . . . . . . .
13 . . . . . . . . . . . . . . . . O2. .
12 . . . . . . . . . . . . . . . . . . .
11 . . . . . . . . . . . . . . X3. X . .
10 . . . . . . . . . . . . . . . . . . .
 9 . . . . . . . . . . . . . . . . O . .
 8 . . . . . . . . . . . . . . . . . . .
 7 . . . . . . . . . . . . . . . . X1. .
 6 . . . . . . . . . . . . . . . . . . .
 5 . . . O . . . . . . . . . . . . . . .
 4 . . . . . . . . . . . . . . . X . . .
 3 . . . . . . . . . . . . . . . . . . .
 2 . . . . . . . . . . . . . . . . . . .
 1 . . . . . . . . . . . . . . . . . . .

koSIMPLEscoreAREAtaxNONEsui0whbNfpok1komi6.5
Root visits: 1
New playouts: 1
NN rows: 15
NN batches: 15
NN avg batch size: 1
PV: D16
Tree:
: T -27.49c W -26.51c S  -0.98c ( -3.7 L  -2.6) N       1  --  D16
---White(^)---

2025-02-19 16:47:16+0200: MoveNum: 16 HASH: 9247CA93A7632A43E9405C178B8C9418
   A B C D E F G H J K L M N O P Q R S T
19 . . . . . . . . . . . . . . . . . . .
18 . . . . . . . . . . . . . O . . . . .
17 . . . . . . . . . . . . . X O O O . .
16 . . . . . . . . . . . . . . X X X . .
15 . . . . . . . . . . . . . . . . . . .
14 . . . . . . . . . . . . . . . . . . .
13 . . . . . . . . . . . . . . . . O1. .
12 . . . . . . . . . . . . . . . . . . .
11 . . . . . . . . . . . . . . X2. X O3.
10 . . . . . . . . . . . . . . . . . . .
 9 . . . . . . . . . . . . . . . . O . .
 8 . . . . . . . . . . . . . . . . . . .
 7 . . . . . . . . . . . . . . . . X . .
 6 . . . . . . . . . . . . . . . . . . .
 5 . . . O . . . . . . . . . . . . . . .
 4 . . . . . . . . . . . . . . . X . . .
 3 . . . . . . . . . . . . . . . . . . .
 2 . . . . . . . . . . . . . . . . . . .
 1 . . . . . . . . . . . . . . . . . . .

koSIMPLEscoreAREAtaxNONEsui0whbNfpok1komi6.5
Root visits: 1
New playouts: 1
NN rows: 16
NN batches: 16
NN avg batch size: 1
PV: S10
Tree:
: T  28.39c W  27.41c S   0.98c ( +3.7 L  +2.4) N       1  --  S10
---Black(^)---

2025-02-19 16:47:16+0200: MoveNum: 17 HASH: 30F6104CF339492141B0A75F6859EE21
   A B C D E F G H J K L M N O P Q R S T
19 . . . . . . . . . . . . . . . . . . .
18 . . . . . . . . . . . . . O . . . . .
17 . . . . . . . . . . . . . X O O O . .
16 . . . . . . . . . . . . . . X X X . .
15 . . . . . . . . . . . . . . . . . . .
14 . . . . . . . . . . . . . . . . . . .
13 . . . . . . . . . . . . . . . . O . .
12 . . . . . . . . . . . . . . . . . X3.
11 . . . . . . . . . . . . . . X1. X O2.
10 . . . . . . . . . . . . . . . . . . .
 9 . . . . . . . . . . . . . . . . O . .
 8 . . . . . . . . . . . . . . . . . . .
 7 . . . . . . . . . . . . . . . . X . .
 6 . . . . . . . . . . . . . . . . . . .
 5 . . . O . . . . . . . . . . . . . . .
 4 . . . . . . . . . . . . . . . X . . .
 3 . . . . . . . . . . . . . . . . . . .
 2 . . . . . . . . . . . . . . . . . . .
 1 . . . . . . . . . . . . . . . . . . .

koSIMPLEscoreAREAtaxNONEsui0whbNfpok1komi6.5
Root visits: 1
New playouts: 1
NN rows: 17
NN batches: 17
NN avg batch size: 1
PV: R12
Tree:
: T -27.26c W -26.26c S  -1.00c ( -3.8 L  -2.6) N       1  --  R12
---White(^)---

2025-02-19 16:47:16+0200: MoveNum: 18 HASH: D0B60EAF55241024C4D65619853456E6
   A B C D E F G H J K L M N O P Q R S T
19 . . . . . . . . . . . . . . . . . . .
18 . . . . . . . . . . . . . O . . . . .
17 . . . . . . . . . . . . . X O O O . .
16 . . . . . . . . . . . . . . X X X . .
15 . . . . . . . . . . . . . . . . . . .
14 . . . . . . . . . . . . . . . . . . .
13 . . . . . . . . . . . . . . . . O . .
12 . . . . . . . . . . . . . . . . O3X2.
11 . . . . . . . . . . . . . . X . X O1.
10 . . . . . . . . . . . . . . . . . . .
 9 . . . . . . . . . . . . . . . . O . .
 8 . . . . . . . . . . . . . . . . . . .
 7 . . . . . . . . . . . . . . . . X . .
 6 . . . . . . . . . . . . . . . . . . .
 5 . . . O . . . . . . . . . . . . . . .
 4 . . . . . . . . . . . . . . . X . . .
 3 . . . . . . . . . . . . . . . . . . .
 2 . . . . . . . . . . . . . . . . . . .
 1 . . . . . . . . . . . . . . . . . . .

koSIMPLEscoreAREAtaxNONEsui0whbNfpok1komi6.5
Root visits: 1
New playouts: 1
NN rows: 18
NN batches: 18
NN avg batch size: 1
PV: S10
Tree:
: T   9.59c W   9.25c S   0.34c ( +1.3 L  +0.7) N       1  --  S10
---Black(^)---

2025-02-19 16:47:16+0200: MoveNum: 19 HASH: 1DCC86A1FE9A33A195316E8CD0B5B236
   A B C D E F G H J K L M N O P Q R S T
19 . . . . . . . . . . . . . . . . . . .
18 . . . . . . . . . . . . . O . . . . .
17 . . . . . . . . . . . . . X O O O . .
16 . . . . . . . . . . . . . . X X X . .
15 . . . . . . . . . . . . . . . . . . .
14 . . . . . . . . . . . . . . . . . . .
13 . . . . . . . . . . . . . . . . O . .
12 . . . . . . . . . . . . . . . . O2X1.
11 . . . . . . . . . . . . . . X . X O .
10 . . . . . . . . . . . . . . . . . X3.
 9 . . . . . . . . . . . . . . . . O . .
 8 . . . . . . . . . . . . . . . . . . .
 7 . . . . . . . . . . . . . . . . X . .
 6 . . . . . . . . . . . . . . . . . . .
 5 . . . O . . . . . . . . . . . . . . .
 4 . . . . . . . . . . . . . . . X . . .
 3 . . . . . . . . . . . . . . . . . . .
 2 . . . . . . . . . . . . . . . . . . .
 1 . . . . . . . . . . . . . . . . . . .

koSIMPLEscoreAREAtaxNONEsui0whbNfpok1komi6.5
Root visits: 1
New playouts: 1
NN rows: 19
NN batches: 19
NN avg batch size: 1
PV: Q11
Tree:
: T -24.40c W -23.57c S  -0.84c ( -3.2 L  -2.2) N       1  --  Q11
---White(^)---

2025-02-19 16:47:16+0200: MoveNum: 20 HASH: 73467FA93588D56E71CD3A64FA6231DC
   A B C D E F G H J K L M N O P Q R S T
19 . . . . . . . . . . . . . . . . . . .
18 . . . . . . . . . . . . . O . . . . .
17 . . . . . . . . . . . . . X O O O . .
16 . . . . . . . . . . . . . . X X X . .
15 . . . . . . . . . . . . . . . . . . .
14 . . . . . . . . . . . . . . . . . . .
13 . . . . . . . . . . . . . . . . O . .
12 . . . . . . . . . . . . . . . . O1X .
11 . . . . . . . . . . . . . . X O3X O .
10 . . . . . . . . . . . . . . . . . X2.
 9 . . . . . . . . . . . . . . . . O . .
 8 . . . . . . . . . . . . . . . . . . .
 7 . . . . . . . . . . . . . . . . X . .
 6 . . . . . . . . . . . . . . . . . . .
 5 . . . O . . . . . . . . . . . . . . .
 4 . . . . . . . . . . . . . . . X . . .
 3 . . . . . . . . . . . . . . . . . . .
 2 . . . . . . . . . . . . . . . . . . .
 1 . . . . . . . . . . . . . . . . . . .

koSIMPLEscoreAREAtaxNONEsui0whbNfpok1komi6.5
Root visits: 1
New playouts: 1
NN rows: 20
NN batches: 20
NN avg batch size: 1
PV: R10
Tree:
: T  15.07c W  14.52c S   0.54c ( +2.1 L  +1.2) N       1  --  R10
---Black(^)---

2025-02-19 16:47:16+0200: MoveNum: 21 HASH: 41EBD112F481E9017829B8C4CCE5628D
   A B C D E F G H J K L M N O P Q R S T
19 . . . . . . . . . . . . . . . . . . .
18 . . . . . . . . . . . . . O . . . . .
17 . . . . . . . . . . . . . X O O O . .
16 . . . . . . . . . . . . . . X X X . .
15 . . . . . . . . . . . . . . . . . . .
14 . . . . . . . . . . . . . . . . . . .
13 . . . . . . . . . . . . . . . . O . .
12 . . . . . . . . . . . . . . . . O X .
11 . . . . . . . . . . . . . . X O2X O .
10 . . . . . . . . . . . . . . . . X3X1.
 9 . . . . . . . . . . . . . . . . O . .
 8 . . . . . . . . . . . . . . . . . . .
 7 . . . . . . . . . . . . . . . . X . .
 6 . . . . . . . . . . . . . . . . . . .
 5 . . . O . . . . . . . . . . . . . . .
 4 . . . . . . . . . . . . . . . X . . .
 3 . . . . . . . . . . . . . . . . . . .
 2 . . . . . . . . . . . . . . . . . . .
 1 . . . . . . . . . . . . . . . . . . .

koSIMPLEscoreAREAtaxNONEsui0whbNfpok1komi6.5
Root visits: 1
New playouts: 1
NN rows: 21
NN batches: 21
NN avg batch size: 1
PV: Q10
Tree:
: T -20.10c W -19.40c S  -0.69c ( -2.6 L  -1.8) N       1  --  Q10
---White(^)---

2025-02-19 16:47:16+0200: MoveNum: 22 HASH: 3945F2E440B178DE36CF35092A97B782
   A B C D E F G H J K L M N O P Q R S T
19 . . . . . . . . . . . . . . . . . . .
18 . . . . . . . . . . . . . O . . . . .
17 . . . . . . . . . . . . . X O O O . .
16 . . . . . . . . . . . . . . X X X . .
15 . . . . . . . . . . . . . . . . . . .
14 . . . . . . . . . . . . . . . . . . .
13 . . . . . . . . . . . . . . . . O . .
12 . . . . . . . . . . . . . . . . O X .
11 . . . . . . . . . . . . . . X O1X O .
10 . . . . . . . . . . . . . . . O3X2X .
 9 . . . . . . . . . . . . . . . . O . .
 8 . . . . . . . . . . . . . . . . . . .
 7 . . . . . . . . . . . . . . . . X . .
 6 . . . . . . . . . . . . . . . . . . .
 5 . . . O . . . . . . . . . . . . . . .
 4 . . . . . . . . . . . . . . . X . . .
 3 . . . . . . . . . . . . . . . . . . .
 2 . . . . . . . . . . . . . . . . . . .
 1 . . . . . . . . . . . . . . . . . . .

koSIMPLEscoreAREAtaxNONEsui0whbNfpok1komi6.5
Root visits: 1
New playouts: 1
NN rows: 22
NN batches: 22
NN avg batch size: 1
PV: Q12
Tree:
: T   6.23c W   6.02c S   0.21c ( +0.8 L  +0.4) N       1  --  Q12
---Black(^)---

2025-02-19 16:47:16+0200: MoveNum: 23 HASH: 836956CFC98EEA9646A89B0442A4780D
   A B C D E F G H J K L M N O P Q R S T
19 . . . . . . . . . . . . . . . . . . .
18 . . . . . . . . . . . . . O . . . . .
17 . . . . . . . . . . . . . X O O O . .
16 . . . . . . . . . . . . . . X X X . .
15 . . . . . . . . . . . . . . . . . . .
14 . . . . . . . . . . . . . . . . . . .
13 . . . . . . . . . . . . . . . . O . .
12 . . . . . . . . . . . . . . . . O X .
11 . . . . . . . . . . . . . . X O X O .
10 . . . . . . . . . . . . . . . O2X1X .
 9 . . . . . . . . . . . . . . . . O X3.
 8 . . . . . . . . . . . . . . . . . . .
 7 . . . . . . . . . . . . . . . . X . .
 6 . . . . . . . . . . . . . . . . . . .
 5 . . . O . . . . . . . . . . . . . . .
 4 . . . . . . . . . . . . . . . X . . .
 3 . . . . . . . . . . . . . . . . . . .
 2 . . . . . . . . . . . . . . . . . . .
 1 . . . . . . . . . . . . . . . . . . .

koSIMPLEscoreAREAtaxNONEsui0whbNfpok1komi6.5
Root visits: 1
New playouts: 1
NN rows: 23
NN batches: 23
NN avg batch size: 1
PV: P12
Tree:
: T   1.23c W   1.20c S   0.03c ( +0.1 L  +0.1) N       1  --  P12
---White(^)---

2025-02-19 16:47:17+0200: MoveNum: 24 HASH: 53046E613C1835B8747E960CBAD6612E
   A B C D E F G H J K L M N O P Q R S T
19 . . . . . . . . . . . . . . . . . . .
18 . . . . . . . . . . . . . O . . . . .
17 . . . . . . . . . . . . . X O O O . .
16 . . . . . . . . . . . . . . X X X . .
15 . . . . . . . . . . . . . . . . . . .
14 . . . . . . . . . . . . . . . . . . .
13 . . . . . . . . . . . . . . . . O O3.
12 . . . . . . . . . . . . . . . . O X .
11 . . . . . . . . . . . . . . X O X O .
10 . . . . . . . . . . . . . . . O1X X .
 9 . . . . . . . . . . . . . . . . O X2.
 8 . . . . . . . . . . . . . . . . . . .
 7 . . . . . . . . . . . . . . . . X . .
 6 . . . . . . . . . . . . . . . . . . .
 5 . . . O . . . . . . . . . . . . . . .
 4 . . . . . . . . . . . . . . . X . . .
 3 . . . . . . . . . . . . . . . . . . .
 2 . . . . . . . . . . . . . . . . . . .
 1 . . . . . . . . . . . . . . . . . . .

koSIMPLEscoreAREAtaxNONEsui0whbNfpok1komi6.5
Root visits: 1
New playouts: 1
NN rows: 24
NN batches: 24
NN avg batch size: 1
PV: Q12
Tree:
: T  16.32c W  15.76c S   0.56c ( +2.1 L  +1.3) N       1  --  Q12
---Black(^)---

2025-02-19 16:47:17+0200: MoveNum: 25 HASH: D472F284B17326C7C60DF82DDA3928AD
   A B C D E F G H J K L M N O P Q R S T
19 . . . . . . . . . . . . . . . . . . .
18 . . . . . . . . . . . . . O . . . . .
17 . . . . . . . . . . . . . X O O O . .
16 . . . . . . . . . . . . . . X X X . .
15 . . . . . . . . . . . . . . . . . . .
14 . . . . . . . . . . . . . . . . . . .
13 . . . . . . . . . . . . . . . . O O2.
12 . . . . . . . . . . . . . . . . O X .
11 . . . . . . . . . . . . . . X O X . X3
10 . . . . . . . . . . . . . . . O X X .
 9 . . . . . . . . . . . . . . . . O X1.
 8 . . . . . . . . . . . . . . . . . . .
 7 . . . . . . . . . . . . . . . . X . .
 6 . . . . . . . . . . . . . . . . . . .
 5 . . . O . . . . . . . . . . . . . . .
 4 . . . . . . . . . . . . . . . X . . .
 3 . . . . . . . . . . . . . . . . . . .
 2 . . . . . . . . . . . . . . . . . . .
 1 . . . . . . . . . . . . . . . . . . .

koSIMPLEscoreAREAtaxNONEsui0whbNfpok1komi6.5
Root visits: 1
New playouts: 1
NN rows: 25
NN batches: 25
NN avg batch size: 1
PV: P12
Tree:
: T  27.55c W  26.42c S   1.14c ( +4.3 L  +3.3) N       1  --  P12
---White(^)---

2025-02-19 16:47:17+0200: MoveNum: 26 HASH: 2C960036ADB6D1D9E909769302E964CF
   A B C D E F G H J K L M N O P Q R S T
19 . . . . . . . . . . . . . . . . . . .
18 . . . . . . . . . . . . . O . . . . .
17 . . . . . . . . . . . . . X O O O . .
16 . . . . . . . . . . . . . . X X X . .
15 . . . . . . . . . . . . . . . . . . .
14 . . . . . . . . . . . . . . . . . . .
13 . . . . . . . . . . . . . . . . O O1.
12 . . . . . . . . . . . . . . O3. O X .
11 . . . . . . . . . . . . . . X O X . X2
10 . . . . . . . . . . . . . . . O X X .
 9 . . . . . . . . . . . . . . . . O X .
 8 . . . . . . . . . . . . . . . . . . .
 7 . . . . . . . . . . . . . . . . X . .
 6 . . . . . . . . . . . . . . . . . . .
 5 . . . O . . . . . . . . . . . . . . .
 4 . . . . . . . . . . . . . . . X . . .
 3 . . . . . . . . . . . . . . . . . . .
 2 . . . . . . . . . . . . . . . . . . .
 1 . . . . . . . . . . . . . . . . . . .

koSIMPLEscoreAREAtaxNONEsui0whbNfpok1komi6.5
Root visits: 1
New playouts: 1
NN rows: 26
NN batches: 26
NN avg batch size: 1
PV: N17
Tree:
: T -39.77c W -38.34c S  -1.44c ( -5.3 L  -3.9) N       1  --  N17
---Black(^)---

2025-02-19 16:47:17+0200: MoveNum: 27 HASH: 1BF99AA0BD087813CC0A4F44FEFCBCBF
   A B C D E F G H J K L M N O P Q R S T
19 . . . . . . . . . . . . . . . . . . .
18 . . . . . . . . . . . . . O . . . . .
17 . . . . . . . . . . . . . X O O O . .
16 . . . . . . . . . . . . . . X X X . .
15 . . . . . . . . . . . . . . . . . . .
14 . . . . . . . . . . . . . . . . . . .
13 . . . . . . . . . . . . . . . . O O .
12 . . . . . . . . . . . . . . O2. O X .
11 . . . . . . . . . . . . . . X O X . X1
10 . . . . . . . . . . . . . . . O X X .
 9 . . . . . . . . . . . . . . . X3O X .
 8 . . . . . . . . . . . . . . . . . . .
 7 . . . . . . . . . . . . . . . . X . .
 6 . . . . . . . . . . . . . . . . . . .
 5 . . . O . . . . . . . . . . . . . . .
 4 . . . . . . . . . . . . . . . X . . .
 3 . . . . . . . . . . . . . . . . . . .
 2 . . . . . . . . . . . . . . . . . . .
 1 . . . . . . . . . . . . . . . . . . .

koSIMPLEscoreAREAtaxNONEsui0whbNfpok1komi6.5
Root visits: 1
New playouts: 1
NN rows: 27
NN batches: 27
NN avg batch size: 1
PV: O16
Tree:
: T  69.80c W  66.69c S   3.11c (+11.9 L  +9.2) N       1  --  O16
---White(^)---

2025-02-19 16:47:17+0200: MoveNum: 28 HASH: 62DBB0CECBE834128C38EEAE4C640457
   A B C D E F G H J K L M N O P Q R S T
19 . . . . . . . . . . . . . . . . . . .
18 . . . . . . . . . . . . . O . . . . .
17 . . . . . . . . . . . . . X O O O . .
16 . . . . . . . . . . . . . . X X X . .
15 . . . . . . . . . . . . . . . . . . .
14 . . . . . . . . . . . . . . . . . . .
13 . . . . . . . . . . . . . . . . O O .
12 . . . . . . . . . . . . . . O1. O X .
11 . . . . . . . . . . . . . . X O X . X
10 . . . . . . . . . . . . . . . O X X .
 9 . . . . . . . . . . . . . . O3X2O X .
 8 . . . . . . . . . . . . . . . . . . .
 7 . . . . . . . . . . . . . . . . X . .
 6 . . . . . . . . . . . . . . . . . . .
 5 . . . O . . . . . . . . . . . . . . .
 4 . . . . . . . . . . . . . . . X . . .
 3 . . . . . . . . . . . . . . . . . . .
 2 . . . . . . . . . . . . . . . . . . .
 1 . . . . . . . . . . . . . . . . . . .

koSIMPLEscoreAREAtaxNONEsui0whbNfpok1komi6.5
Root visits: 1
New playouts: 1
NN rows: 28
NN batches: 28
NN avg batch size: 1
PV: N18
Tree:
: T -73.76c W -70.92c S  -2.84c (-10.6 L  -8.5) N       1  --  N18
---Black(^)---

2025-02-19 16:47:17+0200: MoveNum: 29 HASH: 9D45614D2A0B787D086F2085F8E6045D
   A B C D E F G H J K L M N O P Q R S T
19 . . . . . . . . . . . . . . . . . . .
18 . . . . . . . . . . . . . O . . . . .
17 . . . . . . . . . . . . . X O O O . .
16 . . . . . . . . . . . . . . X X X . .
15 . . . . . . . . . . . . . . . . . . .
14 . . . . . . . . . . . . . . . . . . .
13 . . . . . . . . . . . . . . . . O O .
12 . . . . . . . . . . . . . . O . O X .
11 . . . . . . . . . . . . . . X O X . X
10 . . . . . . . . . . . . . . . O X X .
 9 . . . . . . . . . . . . . . O2X1O X .
 8 . . . . . . . . . . . . . . . X3. . .
 7 . . . . . . . . . . . . . . . . X . .
 6 . . . . . . . . . . . . . . . . . . .
 5 . . . O . . . . . . . . . . . . . . .
 4 . . . . . . . . . . . . . . . X . . .
 3 . . . . . . . . . . . . . . . . . . .
 2 . . . . . . . . . . . . . . . . . . .
 1 . . . . . . . . . . . . . . . . . . .

koSIMPLEscoreAREAtaxNONEsui0whbNfpok1komi6.5
Root visits: 1
New playouts: 1
NN rows: 29
NN batches: 29
NN avg batch size: 1
PV: O11
Tree:
: T  71.76c W  68.74c S   3.03c (+11.4 L  +8.8) N       1  --  O11
---White(^)---

