2025-02-19 14:04:07+0200: Running with following config:
allowResignation = true
lagBuffer = 1.0
logAllGTPCommunication = true
logDir = gtp_logs
logSearchInfo = true
logSearchInfoForChosenMove = false
logToStderr = false
maxPlayouts = 1
maxVisitsPondering = 1
numAnalysisThreads = 1
numSearchThreads = 6
ponderingEnabled = false
resignConsecTurns = 3
resignThreshold = -0.90
rules = tromp-taylor
searchFactorAfterOnePass = 0.50
searchFactorAfterTwoPass = 0.25
searchFactorWhenWinning = 0.40
searchFactorWhenWinningThreshold = 0.95

2025-02-19 14:04:07+0200: Analysis Engine starting...
2025-02-19 14:04:07+0200: KataGo v1.15.3
2025-02-19 14:04:07+0200: nnRandSeed0 = 11272790145237351221
2025-02-19 14:04:07+0200: After dedups: nnModelFile0 = /home/cmk/katago/default_model.txt.gz useFP16 auto useNHWC auto
2025-02-19 14:04:07+0200: Initializing neural net buffer to be size 19 * 19 allowing smaller boards
2025-02-19 14:04:08+0200: Eigen (CPU) backend thread 0: Model version 8
2025-02-19 14:04:08+0200: Eigen (CPU) backend thread 0: Model name: b10c128-s1141046784-d204142634
2025-02-19 14:04:08+0200: Eigen (CPU) backend thread 1: Model version 8
2025-02-19 14:04:08+0200: Eigen (CPU) backend thread 1: Model name: b10c128-s1141046784-d204142634
2025-02-19 14:04:08+0200: --------------
2025-02-19 14:04:08+0200: WARNING: Config had unused keys! You may have a typo, an option you specified is being unused from /home/cmk/katago/default_gtp.cfg
2025-02-19 14:04:08+0200: WARNING: Unused key 'allowResignation' in /home/cmk/katago/default_gtp.cfg
2025-02-19 14:04:08+0200: WARNING: Unused key 'logAllGTPCommunication' in /home/cmk/katago/default_gtp.cfg
2025-02-19 14:04:08+0200: WARNING: Unused key 'logSearchInfoForChosenMove' in /home/cmk/katago/default_gtp.cfg
2025-02-19 14:04:08+0200: WARNING: Unused key 'ponderingEnabled' in /home/cmk/katago/default_gtp.cfg
2025-02-19 14:04:08+0200: WARNING: Unused key 'resignConsecTurns' in /home/cmk/katago/default_gtp.cfg
2025-02-19 14:04:08+0200: WARNING: Unused key 'resignThreshold' in /home/cmk/katago/default_gtp.cfg
2025-02-19 14:04:08+0200: WARNING: Unused key 'rules' in /home/cmk/katago/default_gtp.cfg
2025-02-19 14:04:08+0200: WARNING: Unused key 'searchFactorWhenWinning' in /home/cmk/katago/default_gtp.cfg
2025-02-19 14:04:08+0200: WARNING: Unused key 'searchFactorWhenWinningThreshold' in /home/cmk/katago/default_gtp.cfg
2025-02-19 14:04:08+0200: --------------
2025-02-19 14:04:08+0200: Loaded config /home/cmk/katago/default_gtp.cfg
2025-02-19 14:04:08+0200: Loaded model /home/cmk/katago/default_model.txt.gz
2025-02-19 14:04:08+0200: Analyzing up to 1 positions at a time in parallel
2025-02-19 14:04:08+0200: Started, ready to begin handling requests
2025-02-19 14:04:08+0200: MoveNum: 1 HASH: 20D027FF3D8F63642B79C3F658C233F1
   A B C D E F G H J K L M N O P Q R S T
19 . . . . . . . . . . . . . . . . . . .
18 . . . . . . . . . . . . . . . . . . .
17 . . . . . . . . . . . . . . . . . . .
16 . . . . . . . . . . . . . . . . . . .
15 . . . . . . . . . . . . . . . . . . .
14 . . . . . . . . . . . . . . . . . . .
13 . . . . . . . . . . . . . . . . . . .
12 . . . . . . . . . . . . . . . . . . .
11 . . . . . . . . . . . . . . . . . . .
10 . . . . . . . . . . . . . . . . . . .
 9 . . . . . . . . . . . . . . . . . . .
 8 . . . . . . . . . . . . . . . . . . .
 7 . . . . . . . . . . . . . . . . . . .
 6 . . . . . . . . . . . . . . . . . . .
 5 . . . . . . . . . . . . . . . . . . .
 4 . . . X1. . . . . . . . . . . . . . .
 3 . . . . . . . . . . . . . . . . . . .
 2 . . . . . . . . . . . . . . . . . . .
 1 . . . . . . . . . . . . . . . . . . .

koSIMPLEscoreAREAtaxNONEsui0whbNfpok1komi6.5
Root visits: 1
New playouts: 1
NN rows: 1
NN batches: 1
NN avg batch size: 1
PV: Q16
Tree:
: T -11.12c W -10.74c S  -0.38c ( -1.4 L  -0.9) N       1  --  Q16
---White(^)---

2025-02-19 14:04:08+0200: /home/cmk/katago/default_model.txt.gz
2025-02-19 14:04:08+0200: NN rows: 1
2025-02-19 14:04:08+0200: NN batches: 1
2025-02-19 14:04:08+0200: NN avg batch size: 1
2025-02-19 14:04:08+0200: GPU -1 finishing, processed 0 rows 0 batches
2025-02-19 14:04:08+0200: GPU -1 finishing, processed 1 rows 1 batches
2025-02-19 14:04:08+0200: All cleaned up, quitting
