2025-02-19 17:03:19+0200: Running with following config:
allowResignation = true
lagBuffer = 1.0
logAllGTPCommunication = true
logDir = gtp_logs
logSearchInfo = true
logSearchInfoForChosenMove = false
logToStderr = false
maxPlayouts = 1
maxVisitsPondering = 1
numAnalysisThreads = 1
numSearchThreads = 6
ponderingEnabled = false
resignConsecTurns = 3
resignThreshold = -0.90
rules = tromp-taylor
searchFactorAfterOnePass = 0.50
searchFactorAfterTwoPass = 0.25
searchFactorWhenWinning = 0.40
searchFactorWhenWinningThreshold = 0.95

2025-02-19 17:03:19+0200: Analysis Engine starting...
2025-02-19 17:03:19+0200: KataGo v1.15.3
2025-02-19 17:03:19+0200: nnRandSeed0 = 5010736011958387320
2025-02-19 17:03:19+0200: After dedups: nnModelFile0 = /home/cmk/katago/default_model.txt.gz useFP16 auto useNHWC auto
2025-02-19 17:03:19+0200: Initializing neural net buffer to be size 19 * 19 allowing smaller boards
2025-02-19 17:03:20+0200: Eigen (CPU) backend thread 0: Model version 8
2025-02-19 17:03:20+0200: Eigen (CPU) backend thread 0: Model name: b10c128-s1141046784-d204142634
2025-02-19 17:03:20+0200: Eigen (CPU) backend thread 1: Model version 8
2025-02-19 17:03:20+0200: Eigen (CPU) backend thread 1: Model name: b10c128-s1141046784-d204142634
2025-02-19 17:03:20+0200: --------------
2025-02-19 17:03:20+0200: WARNING: Config had unused keys! You may have a typo, an option you specified is being unused from /home/cmk/katago/default_gtp.cfg
2025-02-19 17:03:20+0200: WARNING: Unused key 'allowResignation' in /home/cmk/katago/default_gtp.cfg
2025-02-19 17:03:20+0200: WARNING: Unused key 'logAllGTPCommunication' in /home/cmk/katago/default_gtp.cfg
2025-02-19 17:03:20+0200: WARNING: Unused key 'logSearchInfoForChosenMove' in /home/cmk/katago/default_gtp.cfg
2025-02-19 17:03:20+0200: WARNING: Unused key 'ponderingEnabled' in /home/cmk/katago/default_gtp.cfg
2025-02-19 17:03:20+0200: WARNING: Unused key 'resignConsecTurns' in /home/cmk/katago/default_gtp.cfg
2025-02-19 17:03:20+0200: WARNING: Unused key 'resignThreshold' in /home/cmk/katago/default_gtp.cfg
2025-02-19 17:03:20+0200: WARNING: Unused key 'rules' in /home/cmk/katago/default_gtp.cfg
2025-02-19 17:03:20+0200: WARNING: Unused key 'searchFactorWhenWinning' in /home/cmk/katago/default_gtp.cfg
2025-02-19 17:03:20+0200: WARNING: Unused key 'searchFactorWhenWinningThreshold' in /home/cmk/katago/default_gtp.cfg
2025-02-19 17:03:20+0200: --------------
2025-02-19 17:03:20+0200: Loaded config /home/cmk/katago/default_gtp.cfg
2025-02-19 17:03:20+0200: Loaded model /home/cmk/katago/default_model.txt.gz
2025-02-19 17:03:20+0200: Analyzing up to 1 positions at a time in parallel
2025-02-19 17:03:20+0200: Started, ready to begin handling requests
2025-02-19 17:03:20+0200: MoveNum: 1 HASH: D787FAD66281F76731DCD9C1B3387463
   A B C D E F G H J K L M N O P Q R S T
19 . . . . . . . . . . . . . . . . . . .
18 . . . . . . . . . . . . . . . . . . .
17 . . . . . . . . . . . . . . . . . . .
16 . . . . . . . . . . . . . . . X1. . .
15 . . . . . . . . . . . . . . . . . . .
14 . . . . . . . . . . . . . . . . . . .
13 . . . . . . . . . . . . . . . . . . .
12 . . . . . . . . . . . . . . . . . . .
11 . . . . . . . . . . . . . . . . . . .
10 . . . . . . . . . . . . . . . . . . .
 9 . . . . . . . . . . . . . . . . . . .
 8 . . . . . . . . . . . . . . . . . . .
 7 . . . . . . . . . . . . . . . . . . .
 6 . . . . . . . . . . . . . . . . . . .
 5 . . . . . . . . . . . . . . . . . . .
 4 . . . . . . . . . . . . . . . . . . .
 3 . . . . . . . . . . . . . . . . . . .
 2 . . . . . . . . . . . . . . . . . . .
 1 . . . . . . . . . . . . . . . . . . .

koSIMPLEscoreAREAtaxNONEsui0whbNfpok1komi6.5
Root visits: 1
New playouts: 1
NN rows: 1
NN batches: 1
NN avg batch size: 1
PV: D4
Tree:
: T -11.12c W -10.74c S  -0.38c ( -1.4 L  -0.9) N       1  --  D4
---White(^)---

2025-02-19 17:03:21+0200: MoveNum: 2 HASH: 94380AC1F22EB555D4214569769ED1D3
   A B C D E F G H J K L M N O P Q R S T
19 . . . . . . . . . . . . . . . . . . .
18 . . . . . . . . . . . . . . . . . . .
17 . . . . . . . . . . . . . . . . . . .
16 . . . . . . . . . . . . . . . X1. . .
15 . . . . . . . . . . . . . . . . . . .
14 . . . . . . . . . . . . . . . . . . .
13 . . . . . . . . . . . . . . . . . . .
12 . . . . . . . . . . . . . . . . . . .
11 . . . . . . . . . . . . . . . . . . .
10 . . . . . . . . . . . . . . . . . . .
 9 . . . . . . . . . . . . . . . . . . .
 8 . . . . . . . . . . . . . . . . . . .
 7 . . . . . . . . . . . . . . . . . . .
 6 . . . . . . . . . . . . . . . . . . .
 5 . . . O2. . . . . . . . . . . . . . .
 4 . . . . . . . . . . . . . . . . . . .
 3 . . . . . . . . . . . . . . . . . . .
 2 . . . . . . . . . . . . . . . . . . .
 1 . . . . . . . . . . . . . . . . . . .

koSIMPLEscoreAREAtaxNONEsui0whbNfpok1komi6.5
Root visits: 1
New playouts: 1
NN rows: 2
NN batches: 2
NN avg batch size: 1
PV: C3
Tree:
: T   5.60c W   5.39c S   0.21c ( +0.8 L  +0.4) N       1  --  C3
---Black(^)---

2025-02-19 17:03:21+0200: MoveNum: 3 HASH: D48B8A53963C6D1F2C36B70A219D474B
   A B C D E F G H J K L M N O P Q R S T
19 . . . . . . . . . . . . . . . . . . .
18 . . . . . . . . . . . . . . . . . . .
17 . . . . . . . . . . . . . . . . . . .
16 . . . . . . . . . . . . . . . X1. . .
15 . . . . . . . . . . . . . . . . . . .
14 . . . . . . . . . . . . . . . . . . .
13 . . . . . . . . . . . . . . . . . . .
12 . . . . . . . . . . . . . . . . . . .
11 . . . . . . . . . . . . . . . . . . .
10 . . . . . . . . . . . . . . . . . . .
 9 . . . . . . . . . . . . . . . . . . .
 8 . . . . . . . . . . . . . . . . . . .
 7 . . . . . . . . . . . . . . . . . . .
 6 . . . . . . . . . . . . . . . . . . .
 5 . . . O2. . . . . . . . . . . . . . .
 4 . . . . . . . . . . . . . . . X3. . .
 3 . . . . . . . . . . . . . . . . . . .
 2 . . . . . . . . . . . . . . . . . . .
 1 . . . . . . . . . . . . . . . . . . .

koSIMPLEscoreAREAtaxNONEsui0whbNfpok1komi6.5
Root visits: 1
New playouts: 1
NN rows: 3
NN batches: 3
NN avg batch size: 1
PV: D16
Tree:
: T -17.94c W -17.27c S  -0.67c ( -2.5 L  -1.7) N       1  --  D16
---White(^)---

2025-02-19 17:03:21+0200: MoveNum: 4 HASH: 4F5F5FBDE797EAA1041E42D82DAF6F3E
   A B C D E F G H J K L M N O P Q R S T
19 . . . . . . . . . . . . . . . . . . .
18 . . . . . . . . . . . . . . . . . . .
17 . . . . . . . . . . . . . . . . O3. .
16 . . . . . . . . . . . . . . . X . . .
15 . . . . . . . . . . . . . . . . . . .
14 . . . . . . . . . . . . . . . . . . .
13 . . . . . . . . . . . . . . . . . . .
12 . . . . . . . . . . . . . . . . . . .
11 . . . . . . . . . . . . . . . . . . .
10 . . . . . . . . . . . . . . . . . . .
 9 . . . . . . . . . . . . . . . . . . .
 8 . . . . . . . . . . . . . . . . . . .
 7 . . . . . . . . . . . . . . . . . . .
 6 . . . . . . . . . . . . . . . . . . .
 5 . . . O1. . . . . . . . . . . . . . .
 4 . . . . . . . . . . . . . . . X2. . .
 3 . . . . . . . . . . . . . . . . . . .
 2 . . . . . . . . . . . . . . . . . . .
 1 . . . . . . . . . . . . . . . . . . .

koSIMPLEscoreAREAtaxNONEsui0whbNfpok1komi6.5
Root visits: 1
New playouts: 1
NN rows: 4
NN batches: 4
NN avg batch size: 1
PV: Q17
Tree:
: T  16.07c W  15.49c S   0.58c ( +2.2 L  +1.4) N       1  --  Q17
---Black(^)---

2025-02-19 17:03:21+0200: MoveNum: 5 HASH: CAA5C51A7006FBDEE8BE616801CD11A9
   A B C D E F G H J K L M N O P Q R S T
19 . . . . . . . . . . . . . . . . . . .
18 . . . . . . . . . . . . . . . . . . .
17 . . . . . . . . . . . . . . . . O2. .
16 . . . . . . . . . . . . . . . X X3. .
15 . . . . . . . . . . . . . . . . . . .
14 . . . . . . . . . . . . . . . . . . .
13 . . . . . . . . . . . . . . . . . . .
12 . . . . . . . . . . . . . . . . . . .
11 . . . . . . . . . . . . . . . . . . .
10 . . . . . . . . . . . . . . . . . . .
 9 . . . . . . . . . . . . . . . . . . .
 8 . . . . . . . . . . . . . . . . . . .
 7 . . . . . . . . . . . . . . . . . . .
 6 . . . . . . . . . . . . . . . . . . .
 5 . . . O . . . . . . . . . . . . . . .
 4 . . . . . . . . . . . . . . . X1. . .
 3 . . . . . . . . . . . . . . . . . . .
 2 . . . . . . . . . . . . . . . . . . .
 1 . . . . . . . . . . . . . . . . . . .

koSIMPLEscoreAREAtaxNONEsui0whbNfpok1komi6.5
Root visits: 1
New playouts: 1
NN rows: 5
NN batches: 5
NN avg batch size: 1
PV: Q17
Tree:
: T -21.23c W -20.42c S  -0.80c ( -3.0 L  -2.0) N       1  --  Q17
---White(^)---

2025-02-19 17:03:21+0200: MoveNum: 6 HASH: A46E2D55C85D45E37489A998FDDDCB0C
   A B C D E F G H J K L M N O P Q R S T
19 . . . . . . . . . . . . . . . . . . .
18 . . . . . . . . . . . . . . . . . . .
17 . . . . . . . . . . . . . . . O3O1. .
16 . . . . . . . . . . . . . . . X X2. .
15 . . . . . . . . . . . . . . . . . . .
14 . . . . . . . . . . . . . . . . . . .
13 . . . . . . . . . . . . . . . . . . .
12 . . . . . . . . . . . . . . . . . . .
11 . . . . . . . . . . . . . . . . . . .
10 . . . . . . . . . . . . . . . . . . .
 9 . . . . . . . . . . . . . . . . . . .
 8 . . . . . . . . . . . . . . . . . . .
 7 . . . . . . . . . . . . . . . . . . .
 6 . . . . . . . . . . . . . . . . . . .
 5 . . . O . . . . . . . . . . . . . . .
 4 . . . . . . . . . . . . . . . X . . .
 3 . . . . . . . . . . . . . . . . . . .
 2 . . . . . . . . . . . . . . . . . . .
 1 . . . . . . . . . . . . . . . . . . .

koSIMPLEscoreAREAtaxNONEsui0whbNfpok1komi6.5
Root visits: 1
New playouts: 1
NN rows: 6
NN batches: 6
NN avg batch size: 1
PV: O17
Tree:
: T   8.16c W   7.86c S   0.30c ( +1.1 L  +0.7) N       1  --  O17
---Black(^)---

2025-02-19 17:03:21+0200: MoveNum: 7 HASH: 0B24A38BCDA53569DAD45717EA970FBE
   A B C D E F G H J K L M N O P Q R S T
19 . . . . . . . . . . . . . . . . . . .
18 . . . . . . . . . . . . . . . . . . .
17 . . . . . . . . . . . . . . . O2O . .
16 . . . . . . . . . . . . . . X3X X1. .
15 . . . . . . . . . . . . . . . . . . .
14 . . . . . . . . . . . . . . . . . . .
13 . . . . . . . . . . . . . . . . . . .
12 . . . . . . . . . . . . . . . . . . .
11 . . . . . . . . . . . . . . . . . . .
10 . . . . . . . . . . . . . . . . . . .
 9 . . . . . . . . . . . . . . . . . . .
 8 . . . . . . . . . . . . . . . . . . .
 7 . . . . . . . . . . . . . . . . . . .
 6 . . . . . . . . . . . . . . . . . . .
 5 . . . O . . . . . . . . . . . . . . .
 4 . . . . . . . . . . . . . . . X . . .
 3 . . . . . . . . . . . . . . . . . . .
 2 . . . . . . . . . . . . . . . . . . .
 1 . . . . . . . . . . . . . . . . . . .

koSIMPLEscoreAREAtaxNONEsui0whbNfpok1komi6.5
Root visits: 1
New playouts: 1
NN rows: 7
NN batches: 7
NN avg batch size: 1
PV: P17
Tree:
: T -19.79c W -19.08c S  -0.71c ( -2.7 L  -1.7) N       1  --  P17
---White(^)---

2025-02-19 17:03:21+0200: MoveNum: 8 HASH: 34DFCCD29CF6FB52AD6C901D79A7980B
   A B C D E F G H J K L M N O P Q R S T
19 . . . . . . . . . . . . . . . . . . .
18 . . . . . . . . . . . . . . . . . . .
17 . . . . . . . . . . . . . . O3O1O . .
16 . . . . . . . . . . . . . . X2X X . .
15 . . . . . . . . . . . . . . . . . . .
14 . . . . . . . . . . . . . . . . . . .
13 . . . . . . . . . . . . . . . . . . .
12 . . . . . . . . . . . . . . . . . . .
11 . . . . . . . . . . . . . . . . . . .
10 . . . . . . . . . . . . . . . . . . .
 9 . . . . . . . . . . . . . . . . . . .
 8 . . . . . . . . . . . . . . . . . . .
 7 . . . . . . . . . . . . . . . . . . .
 6 . . . . . . . . . . . . . . . . . . .
 5 . . . O . . . . . . . . . . . . . . .
 4 . . . . . . . . . . . . . . . X . . .
 3 . . . . . . . . . . . . . . . . . . .
 2 . . . . . . . . . . . . . . . . . . .
 1 . . . . . . . . . . . . . . . . . . .

koSIMPLEscoreAREAtaxNONEsui0whbNfpok1komi6.5
Root visits: 1
New playouts: 1
NN rows: 8
NN batches: 8
NN avg batch size: 1
PV: O17
Tree:
: T  16.05c W  15.47c S   0.58c ( +2.2 L  +1.3) N       1  --  O17
---Black(^)---

2025-02-19 17:03:21+0200: MoveNum: 9 HASH: C74DE7AE3E67CED91896E8F003EF24E1
   A B C D E F G H J K L M N O P Q R S T
19 . . . . . . . . . . . . . . . . . . .
18 . . . . . . . . . . . . . . . . . . .
17 . . . . . . . . . . . . . X3O2O O . .
16 . . . . . . . . . . . . . . X1X X . .
15 . . . . . . . . . . . . . . . . . . .
14 . . . . . . . . . . . . . . . . . . .
13 . . . . . . . . . . . . . . . . . . .
12 . . . . . . . . . . . . . . . . . . .
11 . . . . . . . . . . . . . . . . . . .
10 . . . . . . . . . . . . . . . . . . .
 9 . . . . . . . . . . . . . . . . . . .
 8 . . . . . . . . . . . . . . . . . . .
 7 . . . . . . . . . . . . . . . . . . .
 6 . . . . . . . . . . . . . . . . . . .
 5 . . . O . . . . . . . . . . . . . . .
 4 . . . . . . . . . . . . . . . X . . .
 3 . . . . . . . . . . . . . . . . . . .
 2 . . . . . . . . . . . . . . . . . . .
 1 . . . . . . . . . . . . . . . . . . .

koSIMPLEscoreAREAtaxNONEsui0whbNfpok1komi6.5
Root visits: 1
New playouts: 1
NN rows: 9
NN batches: 9
NN avg batch size: 1
PV: O18
Tree:
: T -31.39c W -30.33c S  -1.06c ( -4.0 L  -2.8) N       1  --  O18
---White(^)---

2025-02-19 17:03:21+0200: MoveNum: 10 HASH: FD604B2FAF5C2C06E2152B96ACEF2BCB
   A B C D E F G H J K L M N O P Q R S T
19 . . . . . . . . . . . . . . . . . . .
18 . . . . . . . . . . . . . O3. . . . .
17 . . . . . . . . . . . . . X2O1O O . .
16 . . . . . . . . . . . . . . X X X . .
15 . . . . . . . . . . . . . . . . . . .
14 . . . . . . . . . . . . . . . . . . .
13 . . . . . . . . . . . . . . . . . . .
12 . . . . . . . . . . . . . . . . . . .
11 . . . . . . . . . . . . . . . . . . .
10 . . . . . . . . . . . . . . . . . . .
 9 . . . . . . . . . . . . . . . . . . .
 8 . . . . . . . . . . . . . . . . . . .
 7 . . . . . . . . . . . . . . . . . . .
 6 . . . . . . . . . . . . . . . . . . .
 5 . . . O . . . . . . . . . . . . . . .
 4 . . . . . . . . . . . . . . . X . . .
 3 . . . . . . . . . . . . . . . . . . .
 2 . . . . . . . . . . . . . . . . . . .
 1 . . . . . . . . . . . . . . . . . . .

koSIMPLEscoreAREAtaxNONEsui0whbNfpok1komi6.5
Root visits: 1
New playouts: 1
NN rows: 10
NN batches: 10
NN avg batch size: 1
PV: C3
Tree:
: T  19.12c W  18.43c S   0.68c ( +2.6 L  +1.5) N       1  --  C3
---Black(^)---

2025-02-19 17:03:21+0200: MoveNum: 11 HASH: EB96720AA0BBBE3407F9CD127E48FA62
   A B C D E F G H J K L M N O P Q R S T
19 . . . . . . . . . . . . . . . . . . .
18 . . . . . . . . . . . . . O2. . . . .
17 . . . . . . . . . . . . . X1O O O . .
16 . . . . . . . . . . . . . . X X X . .
15 . . . . . . . . . . . . . . . . . . .
14 . . . . . . . . . . . . . . . . . . .
13 . . . . . . . . . . . . . . . . . . .
12 . . . . . . . . . . . . . . . . . . .
11 . . . . . . . . . . . . . . . . X3. .
10 . . . . . . . . . . . . . . . . . . .
 9 . . . . . . . . . . . . . . . . . . .
 8 . . . . . . . . . . . . . . . . . . .
 7 . . . . . . . . . . . . . . . . . . .
 6 . . . . . . . . . . . . . . . . . . .
 5 . . . O . . . . . . . . . . . . . . .
 4 . . . . . . . . . . . . . . . X . . .
 3 . . . . . . . . . . . . . . . . . . .
 2 . . . . . . . . . . . . . . . . . . .
 1 . . . . . . . . . . . . . . . . . . .

koSIMPLEscoreAREAtaxNONEsui0whbNfpok1komi6.5
Root visits: 1
New playouts: 1
NN rows: 11
NN batches: 11
NN avg batch size: 1
PV: D3
Tree:
: T  -8.31c W  -8.00c S  -0.31c ( -1.2 L  -0.6) N       1  --  D3
---White(^)---

2025-02-19 17:03:21+0200: MoveNum: 12 HASH: 9EDBCF3F4CBEA095D8D1075319003B80
   A B C D E F G H J K L M N O P Q R S T
19 . . . . . . . . . . . . . . . . . . .
18 . . . . . . . . . . . . . O1. . . . .
17 . . . . . . . . . . . . . X O O O . .
16 . . . . . . . . . . . . . . X X X . .
15 . . . . . . . . . . . . . . . . . . .
14 . . . . . . . . . . . . . . . . . . .
13 . . . . . . . . . . . . . . . . . . .
12 . . . . . . . . . . . . . . . . . . .
11 . . . . . . . . . . . . . . . . X2. .
10 . . . . . . . . . . . . . . . . . . .
 9 . . . . . . . . . . . . . . . . O3. .
 8 . . . . . . . . . . . . . . . . . . .
 7 . . . . . . . . . . . . . . . . . . .
 6 . . . . . . . . . . . . . . . . . . .
 5 . . . O . . . . . . . . . . . . . . .
 4 . . . . . . . . . . . . . . . X . . .
 3 . . . . . . . . . . . . . . . . . . .
 2 . . . . . . . . . . . . . . . . . . .
 1 . . . . . . . . . . . . . . . . . . .

koSIMPLEscoreAREAtaxNONEsui0whbNfpok1komi6.5
Root visits: 1
New playouts: 1
NN rows: 12
NN batches: 12
NN avg batch size: 1
PV: C3
Tree:
: T  25.84c W  24.94c S   0.90c ( +3.4 L  +2.1) N       1  --  C3
---Black(^)---

2025-02-19 17:03:21+0200: MoveNum: 13 HASH: 68CDDD6D7CA20E4B2CA06194DE40FCE1
   A B C D E F G H J K L M N O P Q R S T
19 . . . . . . . . . . . . . . . . . . .
18 . . . . . . . . . . . . . O . . . . .
17 . . . . . . . . . . . . . X O O O . .
16 . . . . . . . . . . . . . . X X X . .
15 . . . . . . . . . . . . . . . . . . .
14 . . . . . . . . . . . . . . . . . . .
13 . . . . . . . . . . . . . . . . . . .
12 . . . . . . . . . . . . . . . . . . .
11 . . . . . . . . . . . . . . . . X1. .
10 . . . . . . . . . . . . . . . . . . .
 9 . . . . . . . . . . . . . . . . O2. .
 8 . . . . . . . . . . . . . . . . . . .
 7 . . . . . . . . . . . . . . . . X3. .
 6 . . . . . . . . . . . . . . . . . . .
 5 . . . O . . . . . . . . . . . . . . .
 4 . . . . . . . . . . . . . . . X . . .
 3 . . . . . . . . . . . . . . . . . . .
 2 . . . . . . . . . . . . . . . . . . .
 1 . . . . . . . . . . . . . . . . . . .

koSIMPLEscoreAREAtaxNONEsui0whbNfpok1komi6.5
Root visits: 1
New playouts: 1
NN rows: 13
NN batches: 13
NN avg batch size: 1
PV: D16
Tree:
: T -20.65c W -19.92c S  -0.73c ( -2.8 L  -1.8) N       1  --  D16
---White(^)---

2025-02-19 17:03:22+0200: MoveNum: 14 HASH: 2E1CD7060D4A418C527BC69DBBD8390A
   A B C D E F G H J K L M N O P Q R S T
19 . . . . . . . . . . . . . . . . . . .
18 . . . . . . . . . . . . . O . . . . .
17 . . . . . . . . . . . . . X O O O . .
16 . . . . . . . . . . . . . . X X X . .
15 . . . . . . . . . . . . . . . . . . .
14 . . . . . . . . . . . . . . . . . . .
13 . . . . . . . . . . . . . . . . O3. .
12 . . . . . . . . . . . . . . . . . . .
11 . . . . . . . . . . . . . . . . X . .
10 . . . . . . . . . . . . . . . . . . .
 9 . . . . . . . . . . . . . . . . O1. .
 8 . . . . . . . . . . . . . . . . . . .
 7 . . . . . . . . . . . . . . . . X2. .
 6 . . . . . . . . . . . . . . . . . . .
 5 . . . O . . . . . . . . . . . . . . .
 4 . . . . . . . . . . . . . . . X . . .
 3 . . . . . . . . . . . . . . . . . . .
 2 . . . . . . . . . . . . . . . . . . .
 1 . . . . . . . . . . . . . . . . . . .

koSIMPLEscoreAREAtaxNONEsui0whbNfpok1komi6.5
Root visits: 1
New playouts: 1
NN rows: 14
NN batches: 14
NN avg batch size: 1
PV: D16
Tree:
: T  19.13c W  18.44c S   0.69c ( +2.6 L  +1.7) N       1  --  D16
---Black(^)---

2025-02-19 17:03:22+0200: MoveNum: 15 HASH: 8E97EBC378E148B68F57FF4E42839FA3
   A B C D E F G H J K L M N O P Q R S T
19 . . . . . . . . . . . . . . . . . . .
18 . . . . . . . . . . . . . O . . . . .
17 . . . . . . . . . . . . . X O O O . .
16 . . . . . . . . . . . . . . X X X . .
15 . . . . . . . . . . . . . . . . . . .
14 . . . . . . . . . . . . . . . . . . .
13 . . . . . . . . . . . . . . . . O2. .
12 . . . . . . . . . . . . . . . . . . .
11 . . . . . . . . . . . . . . X3. X . .
10 . . . . . . . . . . . . . . . . . . .
 9 . . . . . . . . . . . . . . . . O . .
 8 . . . . . . . . . . . . . . . . . . .
 7 . . . . . . . . . . . . . . . . X1. .
 6 . . . . . . . . . . . . . . . . . . .
 5 . . . O . . . . . . . . . . . . . . .
 4 . . . . . . . . . . . . . . . X . . .
 3 . . . . . . . . . . . . . . . . . . .
 2 . . . . . . . . . . . . . . . . . . .
 1 . . . . . . . . . . . . . . . . . . .

koSIMPLEscoreAREAtaxNONEsui0whbNfpok1komi6.5
Root visits: 1
New playouts: 1
NN rows: 15
NN batches: 15
NN avg batch size: 1
PV: D16
Tree:
: T -25.14c W -24.28c S  -0.86c ( -3.3 L  -2.3) N       1  --  D16
---White(^)---

2025-02-19 17:03:22+0200: MoveNum: 16 HASH: 9247CA93A7632A43E9405C178B8C9418
   A B C D E F G H J K L M N O P Q R S T
19 . . . . . . . . . . . . . . . . . . .
18 . . . . . . . . . . . . . O . . . . .
17 . . . . . . . . . . . . . X O O O . .
16 . . . . . . . . . . . . . . X X X . .
15 . . . . . . . . . . . . . . . . . . .
14 . . . . . . . . . . . . . . . . . . .
13 . . . . . . . . . . . . . . . . O1. .
12 . . . . . . . . . . . . . . . . . . .
11 . . . . . . . . . . . . . . X2. X O3.
10 . . . . . . . . . . . . . . . . . . .
 9 . . . . . . . . . . . . . . . . O . .
 8 . . . . . . . . . . . . . . . . . . .
 7 . . . . . . . . . . . . . . . . X . .
 6 . . . . . . . . . . . . . . . . . . .
 5 . . . O . . . . . . . . . . . . . . .
 4 . . . . . . . . . . . . . . . X . . .
 3 . . . . . . . . . . . . . . . . . . .
 2 . . . . . . . . . . . . . . . . . . .
 1 . . . . . . . . . . . . . . . . . . .

koSIMPLEscoreAREAtaxNONEsui0whbNfpok1komi6.5
Root visits: 1
New playouts: 1
NN rows: 16
NN batches: 16
NN avg batch size: 1
PV: S10
Tree:
: T  33.55c W  32.34c S   1.22c ( +4.6 L  +3.1) N       1  --  S10
---Black(^)---

2025-02-19 17:03:22+0200: MoveNum: 17 HASH: 30F6104CF339492141B0A75F6859EE21
   A B C D E F G H J K L M N O P Q R S T
19 . . . . . . . . . . . . . . . . . . .
18 . . . . . . . . . . . . . O . . . . .
17 . . . . . . . . . . . . . X O O O . .
16 . . . . . . . . . . . . . . X X X . .
15 . . . . . . . . . . . . . . . . . . .
14 . . . . . . . . . . . . . . . . . . .
13 . . . . . . . . . . . . . . . . O . .
12 . . . . . . . . . . . . . . . . . X3.
11 . . . . . . . . . . . . . . X1. X O2.
10 . . . . . . . . . . . . . . . . . . .
 9 . . . . . . . . . . . . . . . . O . .
 8 . . . . . . . . . . . . . . . . . . .
 7 . . . . . . . . . . . . . . . . X . .
 6 . . . . . . . . . . . . . . . . . . .
 5 . . . O . . . . . . . . . . . . . . .
 4 . . . . . . . . . . . . . . . X . . .
 3 . . . . . . . . . . . . . . . . . . .
 2 . . . . . . . . . . . . . . . . . . .
 1 . . . . . . . . . . . . . . . . . . .

koSIMPLEscoreAREAtaxNONEsui0whbNfpok1komi6.5
Root visits: 1
New playouts: 1
NN rows: 17
NN batches: 17
NN avg batch size: 1
PV: R12
Tree:
: T -37.07c W -35.77c S  -1.30c ( -5.0 L  -3.6) N       1  --  R12
---White(^)---

2025-02-19 17:03:22+0200: MoveNum: 18 HASH: D0B60EAF55241024C4D65619853456E6
   A B C D E F G H J K L M N O P Q R S T
19 . . . . . . . . . . . . . . . . . . .
18 . . . . . . . . . . . . . O . . . . .
17 . . . . . . . . . . . . . X O O O . .
16 . . . . . . . . . . . . . . X X X . .
15 . . . . . . . . . . . . . . . . . . .
14 . . . . . . . . . . . . . . . . . . .
13 . . . . . . . . . . . . . . . . O . .
12 . . . . . . . . . . . . . . . . O3X2.
11 . . . . . . . . . . . . . . X . X O1.
10 . . . . . . . . . . . . . . . . . . .
 9 . . . . . . . . . . . . . . . . O . .
 8 . . . . . . . . . . . . . . . . . . .
 7 . . . . . . . . . . . . . . . . X . .
 6 . . . . . . . . . . . . . . . . . . .
 5 . . . O . . . . . . . . . . . . . . .
 4 . . . . . . . . . . . . . . . X . . .
 3 . . . . . . . . . . . . . . . . . . .
 2 . . . . . . . . . . . . . . . . . . .
 1 . . . . . . . . . . . . . . . . . . .

koSIMPLEscoreAREAtaxNONEsui0whbNfpok1komi6.5
Root visits: 1
New playouts: 1
NN rows: 18
NN batches: 18
NN avg batch size: 1
PV: S10
Tree:
: T  23.28c W  22.48c S   0.81c ( +3.0 L  +1.9) N       1  --  S10
---Black(^)---

2025-02-19 17:03:22+0200: MoveNum: 19 HASH: 1DCC86A1FE9A33A195316E8CD0B5B236
   A B C D E F G H J K L M N O P Q R S T
19 . . . . . . . . . . . . . . . . . . .
18 . . . . . . . . . . . . . O . . . . .
17 . . . . . . . . . . . . . X O O O . .
16 . . . . . . . . . . . . . . X X X . .
15 . . . . . . . . . . . . . . . . . . .
14 . . . . . . . . . . . . . . . . . . .
13 . . . . . . . . . . . . . . . . O . .
12 . . . . . . . . . . . . . . . . O2X1.
11 . . . . . . . . . . . . . . X . X O .
10 . . . . . . . . . . . . . . . . . X3.
 9 . . . . . . . . . . . . . . . . O . .
 8 . . . . . . . . . . . . . . . . . . .
 7 . . . . . . . . . . . . . . . . X . .
 6 . . . . . . . . . . . . . . . . . . .
 5 . . . O . . . . . . . . . . . . . . .
 4 . . . . . . . . . . . . . . . X . . .
 3 . . . . . . . . . . . . . . . . . . .
 2 . . . . . . . . . . . . . . . . . . .
 1 . . . . . . . . . . . . . . . . . . .

koSIMPLEscoreAREAtaxNONEsui0whbNfpok1komi6.5
Root visits: 1
New playouts: 1
NN rows: 19
NN batches: 19
NN avg batch size: 1
PV: Q11
Tree:
: T -19.85c W -19.16c S  -0.68c ( -2.6 L  -1.6) N       1  --  Q11
---White(^)---

2025-02-19 17:03:22+0200: MoveNum: 20 HASH: 73467FA93588D56E71CD3A64FA6231DC
   A B C D E F G H J K L M N O P Q R S T
19 . . . . . . . . . . . . . . . . . . .
18 . . . . . . . . . . . . . O . . . . .
17 . . . . . . . . . . . . . X O O O . .
16 . . . . . . . . . . . . . . X X X . .
15 . . . . . . . . . . . . . . . . . . .
14 . . . . . . . . . . . . . . . . . . .
13 . . . . . . . . . . . . . . . . O . .
12 . . . . . . . . . . . . . . . . O1X .
11 . . . . . . . . . . . . . . X O3X O .
10 . . . . . . . . . . . . . . . . . X2.
 9 . . . . . . . . . . . . . . . . O . .
 8 . . . . . . . . . . . . . . . . . . .
 7 . . . . . . . . . . . . . . . . X . .
 6 . . . . . . . . . . . . . . . . . . .
 5 . . . O . . . . . . . . . . . . . . .
 4 . . . . . . . . . . . . . . . X . . .
 3 . . . . . . . . . . . . . . . . . . .
 2 . . . . . . . . . . . . . . . . . . .
 1 . . . . . . . . . . . . . . . . . . .

koSIMPLEscoreAREAtaxNONEsui0whbNfpok1komi6.5
Root visits: 1
New playouts: 1
NN rows: 20
NN batches: 20
NN avg batch size: 1
PV: R10
Tree:
: T  12.76c W  12.30c S   0.46c ( +1.8 L  +0.9) N       1  --  R10
---Black(^)---

2025-02-19 17:03:22+0200: MoveNum: 21 HASH: 41EBD112F481E9017829B8C4CCE5628D
   A B C D E F G H J K L M N O P Q R S T
19 . . . . . . . . . . . . . . . . . . .
18 . . . . . . . . . . . . . O . . . . .
17 . . . . . . . . . . . . . X O O O . .
16 . . . . . . . . . . . . . . X X X . .
15 . . . . . . . . . . . . . . . . . . .
14 . . . . . . . . . . . . . . . . . . .
13 . . . . . . . . . . . . . . . . O . .
12 . . . . . . . . . . . . . . . . O X .
11 . . . . . . . . . . . . . . X O2X O .
10 . . . . . . . . . . . . . . . . X3X1.
 9 . . . . . . . . . . . . . . . . O . .
 8 . . . . . . . . . . . . . . . . . . .
 7 . . . . . . . . . . . . . . . . X . .
 6 . . . . . . . . . . . . . . . . . . .
 5 . . . O . . . . . . . . . . . . . . .
 4 . . . . . . . . . . . . . . . X . . .
 3 . . . . . . . . . . . . . . . . . . .
 2 . . . . . . . . . . . . . . . . . . .
 1 . . . . . . . . . . . . . . . . . . .

koSIMPLEscoreAREAtaxNONEsui0whbNfpok1komi6.5
Root visits: 1
New playouts: 1
NN rows: 21
NN batches: 21
NN avg batch size: 1
PV: Q10
Tree:
: T -20.73c W -20.01c S  -0.73c ( -2.8 L  -1.8) N       1  --  Q10
---White(^)---

2025-02-19 17:03:22+0200: MoveNum: 22 HASH: 3945F2E440B178DE36CF35092A97B782
   A B C D E F G H J K L M N O P Q R S T
19 . . . . . . . . . . . . . . . . . . .
18 . . . . . . . . . . . . . O . . . . .
17 . . . . . . . . . . . . . X O O O . .
16 . . . . . . . . . . . . . . X X X . .
15 . . . . . . . . . . . . . . . . . . .
14 . . . . . . . . . . . . . . . . . . .
13 . . . . . . . . . . . . . . . . O . .
12 . . . . . . . . . . . . . . . . O X .
11 . . . . . . . . . . . . . . X O1X O .
10 . . . . . . . . . . . . . . . O3X2X .
 9 . . . . . . . . . . . . . . . . O . .
 8 . . . . . . . . . . . . . . . . . . .
 7 . . . . . . . . . . . . . . . . X . .
 6 . . . . . . . . . . . . . . . . . . .
 5 . . . O . . . . . . . . . . . . . . .
 4 . . . . . . . . . . . . . . . X . . .
 3 . . . . . . . . . . . . . . . . . . .
 2 . . . . . . . . . . . . . . . . . . .
 1 . . . . . . . . . . . . . . . . . . .

koSIMPLEscoreAREAtaxNONEsui0whbNfpok1komi6.5
Root visits: 1
New playouts: 1
NN rows: 22
NN batches: 22
NN avg batch size: 1
PV: Q12
Tree:
: T  13.85c W  13.38c S   0.47c ( +1.8 L  +1.0) N       1  --  Q12
---Black(^)---

2025-02-19 17:03:22+0200: MoveNum: 23 HASH: 836956CFC98EEA9646A89B0442A4780D
   A B C D E F G H J K L M N O P Q R S T
19 . . . . . . . . . . . . . . . . . . .
18 . . . . . . . . . . . . . O . . . . .
17 . . . . . . . . . . . . . X O O O . .
16 . . . . . . . . . . . . . . X X X . .
15 . . . . . . . . . . . . . . . . . . .
14 . . . . . . . . . . . . . . . . . . .
13 . . . . . . . . . . . . . . . . O . .
12 . . . . . . . . . . . . . . . . O X .
11 . . . . . . . . . . . . . . X O X O .
10 . . . . . . . . . . . . . . . O2X1X .
 9 . . . . . . . . . . . . . . . . O X3.
 8 . . . . . . . . . . . . . . . . . . .
 7 . . . . . . . . . . . . . . . . X . .
 6 . . . . . . . . . . . . . . . . . . .
 5 . . . O . . . . . . . . . . . . . . .
 4 . . . . . . . . . . . . . . . X . . .
 3 . . . . . . . . . . . . . . . . . . .
 2 . . . . . . . . . . . . . . . . . . .
 1 . . . . . . . . . . . . . . . . . . .

koSIMPLEscoreAREAtaxNONEsui0whbNfpok1komi6.5
Root visits: 1
New playouts: 1
NN rows: 23
NN batches: 23
NN avg batch size: 1
PV: P12
Tree:
: T   0.74c W   0.73c S   0.01c ( +0.0 L  +0.2) N       1  --  P12
---White(^)---

2025-02-19 17:03:22+0200: MoveNum: 24 HASH: 53046E613C1835B8747E960CBAD6612E
   A B C D E F G H J K L M N O P Q R S T
19 . . . . . . . . . . . . . . . . . . .
18 . . . . . . . . . . . . . O . . . . .
17 . . . . . . . . . . . . . X O O O . .
16 . . . . . . . . . . . . . . X X X . .
15 . . . . . . . . . . . . . . . . . . .
14 . . . . . . . . . . . . . . . . . . .
13 . . . . . . . . . . . . . . . . O O3.
12 . . . . . . . . . . . . . . . . O X .
11 . . . . . . . . . . . . . . X O X O .
10 . . . . . . . . . . . . . . . O1X X .
 9 . . . . . . . . . . . . . . . . O X2.
 8 . . . . . . . . . . . . . . . . . . .
 7 . . . . . . . . . . . . . . . . X . .
 6 . . . . . . . . . . . . . . . . . . .
 5 . . . O . . . . . . . . . . . . . . .
 4 . . . . . . . . . . . . . . . X . . .
 3 . . . . . . . . . . . . . . . . . . .
 2 . . . . . . . . . . . . . . . . . . .
 1 . . . . . . . . . . . . . . . . . . .

koSIMPLEscoreAREAtaxNONEsui0whbNfpok1komi6.5
Root visits: 1
New playouts: 1
NN rows: 24
NN batches: 24
NN avg batch size: 1
PV: P12
Tree:
: T  18.18c W  17.55c S   0.64c ( +2.4 L  +1.5) N       1  --  P12
---Black(^)---

2025-02-19 17:03:22+0200: MoveNum: 25 HASH: D472F284B17326C7C60DF82DDA3928AD
   A B C D E F G H J K L M N O P Q R S T
19 . . . . . . . . . . . . . . . . . . .
18 . . . . . . . . . . . . . O . . . . .
17 . . . . . . . . . . . . . X O O O . .
16 . . . . . . . . . . . . . . X X X . .
15 . . . . . . . . . . . . . . . . . . .
14 . . . . . . . . . . . . . . . . . . .
13 . . . . . . . . . . . . . . . . O O2.
12 . . . . . . . . . . . . . . . . O X .
11 . . . . . . . . . . . . . . X O X . X3
10 . . . . . . . . . . . . . . . O X X .
 9 . . . . . . . . . . . . . . . . O X1.
 8 . . . . . . . . . . . . . . . . . . .
 7 . . . . . . . . . . . . . . . . X . .
 6 . . . . . . . . . . . . . . . . . . .
 5 . . . O . . . . . . . . . . . . . . .
 4 . . . . . . . . . . . . . . . X . . .
 3 . . . . . . . . . . . . . . . . . . .
 2 . . . . . . . . . . . . . . . . . . .
 1 . . . . . . . . . . . . . . . . . . .

koSIMPLEscoreAREAtaxNONEsui0whbNfpok1komi6.5
Root visits: 1
New playouts: 1
NN rows: 25
NN batches: 25
NN avg batch size: 1
PV: P12
Tree:
: T  13.98c W  13.50c S   0.49c ( +1.9 L  +1.4) N       1  --  P12
---White(^)---

2025-02-19 17:03:23+0200: MoveNum: 26 HASH: 2C960036ADB6D1D9E909769302E964CF
   A B C D E F G H J K L M N O P Q R S T
19 . . . . . . . . . . . . . . . . . . .
18 . . . . . . . . . . . . . O . . . . .
17 . . . . . . . . . . . . . X O O O . .
16 . . . . . . . . . . . . . . X X X . .
15 . . . . . . . . . . . . . . . . . . .
14 . . . . . . . . . . . . . . . . . . .
13 . . . . . . . . . . . . . . . . O O1.
12 . . . . . . . . . . . . . . O3. O X .
11 . . . . . . . . . . . . . . X O X . X2
10 . . . . . . . . . . . . . . . O X X .
 9 . . . . . . . . . . . . . . . . O X .
 8 . . . . . . . . . . . . . . . . . . .
 7 . . . . . . . . . . . . . . . . X . .
 6 . . . . . . . . . . . . . . . . . . .
 5 . . . O . . . . . . . . . . . . . . .
 4 . . . . . . . . . . . . . . . X . . .
 3 . . . . . . . . . . . . . . . . . . .
 2 . . . . . . . . . . . . . . . . . . .
 1 . . . . . . . . . . . . . . . . . . .

koSIMPLEscoreAREAtaxNONEsui0whbNfpok1komi6.5
Root visits: 1
New playouts: 1
NN rows: 26
NN batches: 26
NN avg batch size: 1
PV: S17
Tree:
: T -34.22c W -32.92c S  -1.30c ( -4.9 L  -3.6) N       1  --  S17
---Black(^)---

2025-02-19 17:03:23+0200: MoveNum: 27 HASH: 1BF99AA0BD087813CC0A4F44FEFCBCBF
   A B C D E F G H J K L M N O P Q R S T
19 . . . . . . . . . . . . . . . . . . .
18 . . . . . . . . . . . . . O . . . . .
17 . . . . . . . . . . . . . X O O O . .
16 . . . . . . . . . . . . . . X X X . .
15 . . . . . . . . . . . . . . . . . . .
14 . . . . . . . . . . . . . . . . . . .
13 . . . . . . . . . . . . . . . . O O .
12 . . . . . . . . . . . . . . O2. O X .
11 . . . . . . . . . . . . . . X O X . X1
10 . . . . . . . . . . . . . . . O X X .
 9 . . . . . . . . . . . . . . . X3O X .
 8 . . . . . . . . . . . . . . . . . . .
 7 . . . . . . . . . . . . . . . . X . .
 6 . . . . . . . . . . . . . . . . . . .
 5 . . . O . . . . . . . . . . . . . . .
 4 . . . . . . . . . . . . . . . X . . .
 3 . . . . . . . . . . . . . . . . . . .
 2 . . . . . . . . . . . . . . . . . . .
 1 . . . . . . . . . . . . . . . . . . .

koSIMPLEscoreAREAtaxNONEsui0whbNfpok1komi6.5
Root visits: 1
New playouts: 1
NN rows: 27
NN batches: 27
NN avg batch size: 1
PV: O16
Tree:
: T  68.69c W  65.77c S   2.92c (+11.1 L  +8.6) N       1  --  O16
---White(^)---

2025-02-19 17:03:23+0200: MoveNum: 28 HASH: 62DBB0CECBE834128C38EEAE4C640457
   A B C D E F G H J K L M N O P Q R S T
19 . . . . . . . . . . . . . . . . . . .
18 . . . . . . . . . . . . . O . . . . .
17 . . . . . . . . . . . . . X O O O . .
16 . . . . . . . . . . . . . . X X X . .
15 . . . . . . . . . . . . . . . . . . .
14 . . . . . . . . . . . . . . . . . . .
13 . . . . . . . . . . . . . . . . O O .
12 . . . . . . . . . . . . . . O1. O X .
11 . . . . . . . . . . . . . . X O X . X
10 . . . . . . . . . . . . . . . O X X .
 9 . . . . . . . . . . . . . . O3X2O X .
 8 . . . . . . . . . . . . . . . . . . .
 7 . . . . . . . . . . . . . . . . X . .
 6 . . . . . . . . . . . . . . . . . . .
 5 . . . O . . . . . . . . . . . . . . .
 4 . . . . . . . . . . . . . . . X . . .
 3 . . . . . . . . . . . . . . . . . . .
 2 . . . . . . . . . . . . . . . . . . .
 1 . . . . . . . . . . . . . . . . . . .

koSIMPLEscoreAREAtaxNONEsui0whbNfpok1komi6.5
Root visits: 1
New playouts: 1
NN rows: 28
NN batches: 28
NN avg batch size: 1
PV: N18
Tree:
: T -73.76c W -70.92c S  -2.84c (-10.6 L  -8.5) N       1  --  N18
---Black(^)---

2025-02-19 17:03:23+0200: MoveNum: 29 HASH: 9D45614D2A0B787D086F2085F8E6045D
   A B C D E F G H J K L M N O P Q R S T
19 . . . . . . . . . . . . . . . . . . .
18 . . . . . . . . . . . . . O . . . . .
17 . . . . . . . . . . . . . X O O O . .
16 . . . . . . . . . . . . . . X X X . .
15 . . . . . . . . . . . . . . . . . . .
14 . . . . . . . . . . . . . . . . . . .
13 . . . . . . . . . . . . . . . . O O .
12 . . . . . . . . . . . . . . O . O X .
11 . . . . . . . . . . . . . . X O X . X
10 . . . . . . . . . . . . . . . O X X .
 9 . . . . . . . . . . . . . . O2X1O X .
 8 . . . . . . . . . . . . . . . X3. . .
 7 . . . . . . . . . . . . . . . . X . .
 6 . . . . . . . . . . . . . . . . . . .
 5 . . . O . . . . . . . . . . . . . . .
 4 . . . . . . . . . . . . . . . X . . .
 3 . . . . . . . . . . . . . . . . . . .
 2 . . . . . . . . . . . . . . . . . . .
 1 . . . . . . . . . . . . . . . . . . .

koSIMPLEscoreAREAtaxNONEsui0whbNfpok1komi6.5
Root visits: 1
New playouts: 1
NN rows: 29
NN batches: 29
NN avg batch size: 1
PV: O16
Tree:
: T  78.27c W  74.79c S   3.48c (+13.2 L +10.2) N       1  --  O16
---White(^)---

2025-02-19 17:03:23+0200: MoveNum: 30 HASH: A068FD7C810DDA6A9EEFB0C624FB4156
   A B C D E F G H J K L M N O P Q R S T
19 . . . . . . . . . . . . . . . . . . .
18 . . . . . . . . . . . . . O . . . . .
17 . . . . . . . . . . . . . X O O O . .
16 . . . . . . . . . . . . . O3X X X . .
15 . . . . . . . . . . . . . . . . . . .
14 . . . . . . . . . . . . . . . . . . .
13 . . . . . . . . . . . . . . . . O O .
12 . . . . . . . . . . . . . . O . O X .
11 . . . . . . . . . . . . . . X O X . X
10 . . . . . . . . . . . . . . . O X X .
 9 . . . . . . . . . . . . . . O1X O X .
 8 . . . . . . . . . . . . . . . X2. . .
 7 . . . . . . . . . . . . . . . . X . .
 6 . . . . . . . . . . . . . . . . . . .
 5 . . . O . . . . . . . . . . . . . . .
 4 . . . . . . . . . . . . . . . X . . .
 3 . . . . . . . . . . . . . . . . . . .
 2 . . . . . . . . . . . . . . . . . . .
 1 . . . . . . . . . . . . . . . . . . .

koSIMPLEscoreAREAtaxNONEsui0whbNfpok1komi6.5
Root visits: 1
New playouts: 1
NN rows: 30
NN batches: 30
NN avg batch size: 1
PV: N17
Tree:
: T -55.58c W -53.56c S  -2.02c ( -7.4 L  -5.6) N       1  --  N17
---Black(^)---

2025-02-19 17:03:23+0200: MoveNum: 31 HASH: 507B637674F19C6CDBFD2CC6AFABB38A
   A B C D E F G H J K L M N O P Q R S T
19 . . . . . . . . . . . . . . . . . . .
18 . . . . . . . . . . . . . O . . . . .
17 . . . . . . . . . . . . . X O O O . .
16 . . . . . . . . . . . . . O2X X X . .
15 . . . . . . . . . . . . . . . . . . .
14 . . . . . . . . . . . . . . . . . . .
13 . . . . . . . . . . . . . . . . O O .
12 . . . . . . . . . . . . . . O . O X .
11 . . . . . . . . . . . . . . X O X . X
10 . . . . . . . . . . . . . . X3O X X .
 9 . . . . . . . . . . . . . . O X O X .
 8 . . . . . . . . . . . . . . . X1. . .
 7 . . . . . . . . . . . . . . . . X . .
 6 . . . . . . . . . . . . . . . . . . .
 5 . . . O . . . . . . . . . . . . . . .
 4 . . . . . . . . . . . . . . . X . . .
 3 . . . . . . . . . . . . . . . . . . .
 2 . . . . . . . . . . . . . . . . . . .
 1 . . . . . . . . . . . . . . . . . . .

koSIMPLEscoreAREAtaxNONEsui0whbNfpok1komi6.5
Root visits: 1
New playouts: 1
NN rows: 31
NN batches: 31
NN avg batch size: 1
PV: Q12
Tree:
: T  46.48c W  44.81c S   1.67c ( +6.2 L  +5.1) N       1  --  Q12
---White(^)---

2025-02-19 17:03:23+0200: MoveNum: 32 HASH: 26EB83DD7AE0C4B1E5854A9A4EF90869
   A B C D E F G H J K L M N O P Q R S T
19 . . . . . . . . . . . . . . . . . . .
18 . . . . . . . . . . . . . O . . . . .
17 . . . . . . . . . . . . . X O O O . .
16 . . . . . . . . . . . . . O1X X X . .
15 . . . . . . . . . . . . . . . . . . .
14 . . . . . . . . . . . . . . . . . . .
13 . . . . . . . . . . . . . . . . O O .
12 . . . . . . . . . . . . . . O O3O X .
11 . . . . . . . . . . . . . . X O X . X
10 . . . . . . . . . . . . . . X2O X X .
 9 . . . . . . . . . . . . . . O X O X .
 8 . . . . . . . . . . . . . . . X . . .
 7 . . . . . . . . . . . . . . . . X . .
 6 . . . . . . . . . . . . . . . . . . .
 5 . . . O . . . . . . . . . . . . . . .
 4 . . . . . . . . . . . . . . . X . . .
 3 . . . . . . . . . . . . . . . . . . .
 2 . . . . . . . . . . . . . . . . . . .
 1 . . . . . . . . . . . . . . . . . . .

koSIMPLEscoreAREAtaxNONEsui0whbNfpok1komi6.5
Root visits: 1
New playouts: 1
NN rows: 32
NN batches: 32
NN avg batch size: 1
PV: N17
Tree:
: T -46.55c W -44.82c S  -1.74c ( -6.4 L  -4.9) N       1  --  N17
---Black(^)---

2025-02-19 17:03:23+0200: MoveNum: 33 HASH: 8F7E3A12157CE4E00F4EDF36E511AF00
   A B C D E F G H J K L M N O P Q R S T
19 . . . . . . . . . . . . . . . . . . .
18 . . . . . . . . . . . . . O . . . . .
17 . . . . . . . . . . . . . X O O O . .
16 . . . . . . . . . . . . . O X X X . .
15 . . . . . . . . . . . . . . . . . . .
14 . . . . . . . . . . . . . . . . . . .
13 . . . . . . . . . . . . . . . . O O .
12 . . . . . . . . . . . . . . O O2O X .
11 . . . . . . . . . . . . . . X O X . X
10 . . . . . . . . . . . . . . X1O X X .
 9 . . . . . . . . . . . . . X3O X O X .
 8 . . . . . . . . . . . . . . . X . . .
 7 . . . . . . . . . . . . . . . . X . .
 6 . . . . . . . . . . . . . . . . . . .
 5 . . . O . . . . . . . . . . . . . . .
 4 . . . . . . . . . . . . . . . X . . .
 3 . . . . . . . . . . . . . . . . . . .
 2 . . . . . . . . . . . . . . . . . . .
 1 . . . . . . . . . . . . . . . . . . .

koSIMPLEscoreAREAtaxNONEsui0whbNfpok1komi6.5
Root visits: 1
New playouts: 1
NN rows: 33
NN batches: 33
NN avg batch size: 1
PV: N17
Tree:
: T  81.86c W  78.23c S   3.64c (+13.8 L +11.4) N       1  --  N17
---White(^)---

2025-02-19 17:03:23+0200: MoveNum: 34 HASH: 279FA4F8FA61D0366ED9EA9581BD5FA0
   A B C D E F G H J K L M N O P Q R S T
19 . . . . . . . . . . . . . . . . . . .
18 . . . . . . . . . . . . . O . . . . .
17 . . . . . . . . . . . . O3. O O O . .
16 . . . . . . . . . . . . . O X X X . .
15 . . . . . . . . . . . . . . . . . . .
14 . . . . . . . . . . . . . . . . . . .
13 . . . . . . . . . . . . . . . . O O .
12 . . . . . . . . . . . . . . O O1O X .
11 . . . . . . . . . . . . . . X O X . X
10 . . . . . . . . . . . . . . X O X X .
 9 . . . . . . . . . . . . . X2O X O X .
 8 . . . . . . . . . . . . . . . X . . .
 7 . . . . . . . . . . . . . . . . X . .
 6 . . . . . . . . . . . . . . . . . . .
 5 . . . O . . . . . . . . . . . . . . .
 4 . . . . . . . . . . . . . . . X . . .
 3 . . . . . . . . . . . . . . . . . . .
 2 . . . . . . . . . . . . . . . . . . .
 1 . . . . . . . . . . . . . . . . . . .

koSIMPLEscoreAREAtaxNONEsui0whbNfpok1komi6.5
Root visits: 1
New playouts: 1
NN rows: 34
NN batches: 34
NN avg batch size: 1
PV: D16
Tree:
: T -92.62c W -88.62c S  -4.00c (-14.4 L -12.1) N       1  --  D16
---Black(^)---

2025-02-19 17:03:23+0200: MoveNum: 35 HASH: A03FACB7CE95B1CCADA709CFA125B642
   A B C D E F G H J K L M N O P Q R S T
19 . . . . . . . . . . . . . . . . . . .
18 . . . . . . . . . . . . . O . . . . .
17 . . . . . . . . . . . . O2. O O O . .
16 . . . . . . . . . . . . . O X X X . .
15 . . . . . . . . . . . . . . . . . . .
14 . . . . . . . . . . . . . . X3. . . .
13 . . . . . . . . . . . . . . . . O O .
12 . . . . . . . . . . . . . . O O O X .
11 . . . . . . . . . . . . . . X O X . X
10 . . . . . . . . . . . . . . X O X X .
 9 . . . . . . . . . . . . . X1O X O X .
 8 . . . . . . . . . . . . . . . X . . .
 7 . . . . . . . . . . . . . . . . X . .
 6 . . . . . . . . . . . . . . . . . . .
 5 . . . O . . . . . . . . . . . . . . .
 4 . . . . . . . . . . . . . . . X . . .
 3 . . . . . . . . . . . . . . . . . . .
 2 . . . . . . . . . . . . . . . . . . .
 1 . . . . . . . . . . . . . . . . . . .

koSIMPLEscoreAREAtaxNONEsui0whbNfpok1komi6.5
Root visits: 1
New playouts: 1
NN rows: 35
NN batches: 35
NN avg batch size: 1
PV: O13
Tree:
: T  91.11c W  86.63c S   4.48c (+17.5 L +14.6) N       1  --  O13
---White(^)---

2025-02-19 17:03:23+0200: MoveNum: 36 HASH: C88314E8D6FA8413EF3218321134C19E
   A B C D E F G H J K L M N O P Q R S T
19 . . . . . . . . . . . . . . . . . . .
18 . . . . . . . . . . . . . O . . . . .
17 . . . . . . . . . . . . O1. O O O . .
16 . . . . . . . . . . . . . O X X X . .
15 . . . . . . . . . . . . . . . . . . .
14 . . . . . . . . . . . . . O3X2. . . .
13 . . . . . . . . . . . . . . . . O O .
12 . . . . . . . . . . . . . . O O O X .
11 . . . . . . . . . . . . . . X O X . X
10 . . . . . . . . . . . . . . X O X X .
 9 . . . . . . . . . . . . . X O X O X .
 8 . . . . . . . . . . . . . . . X . . .
 7 . . . . . . . . . . . . . . . . X . .
 6 . . . . . . . . . . . . . . . . . . .
 5 . . . O . . . . . . . . . . . . . . .
 4 . . . . . . . . . . . . . . . X . . .
 3 . . . . . . . . . . . . . . . . . . .
 2 . . . . . . . . . . . . . . . . . . .
 1 . . . . . . . . . . . . . . . . . . .

koSIMPLEscoreAREAtaxNONEsui0whbNfpok1komi6.5
Root visits: 1
New playouts: 1
NN rows: 36
NN batches: 36
NN avg batch size: 1
PV: O13
Tree:
: T -86.51c W -82.89c S  -3.62c (-13.2 L -11.0) N       1  --  O13
---Black(^)---

2025-02-19 17:03:24+0200: MoveNum: 37 HASH: DE8633472619FA73C5CE0E7766E924DC
   A B C D E F G H J K L M N O P Q R S T
19 . . . . . . . . . . . . . . . . . . .
18 . . . . . . . . . . . . . O . . . . .
17 . . . . . . . . . . . . O . O O O . .
16 . . . . . . . . . . . . . O X X X . .
15 . . . . . . . . . . . . . . . . . . .
14 . . . . . . . . . . . . . O2X1. . . .
13 . . . . . . . . . . . . . X3. . O O .
12 . . . . . . . . . . . . . . O O O X .
11 . . . . . . . . . . . . . . X O X . X
10 . . . . . . . . . . . . . . X O X X .
 9 . . . . . . . . . . . . . X O X O X .
 8 . . . . . . . . . . . . . . . X . . .
 7 . . . . . . . . . . . . . . . . X . .
 6 . . . . . . . . . . . . . . . . . . .
 5 . . . O . . . . . . . . . . . . . . .
 4 . . . . . . . . . . . . . . . X . . .
 3 . . . . . . . . . . . . . . . . . . .
 2 . . . . . . . . . . . . . . . . . . .
 1 . . . . . . . . . . . . . . . . . . .

koSIMPLEscoreAREAtaxNONEsui0whbNfpok1komi6.5
Root visits: 1
New playouts: 1
NN rows: 37
NN batches: 37
NN avg batch size: 1
PV: O12
Tree:
: T  75.29c W  72.23c S   3.06c (+11.5 L  +9.2) N       1  --  O12
---White(^)---

2025-02-19 17:03:24+0200: MoveNum: 38 HASH: BD444FFDC71767C8ADDA500FBDAA99C2
   A B C D E F G H J K L M N O P Q R S T
19 . . . . . . . . . . . . . . . . . . .
18 . . . . . . . . . . . . . O . . . . .
17 . . . . . . . . . . . . O . O O O . .
16 . . . . . . . . . . . . . O X X X . .
15 . . . . . . . . . . . . . . . . . . .
14 . . . . . . . . . . . . . O1X . . . .
13 . . . . . . . . . . . . . X2O3. O O .
12 . . . . . . . . . . . . . . O O O X .
11 . . . . . . . . . . . . . . X O X . X
10 . . . . . . . . . . . . . . X O X X .
 9 . . . . . . . . . . . . . X O X O X .
 8 . . . . . . . . . . . . . . . X . . .
 7 . . . . . . . . . . . . . . . . X . .
 6 . . . . . . . . . . . . . . . . . . .
 5 . . . O . . . . . . . . . . . . . . .
 4 . . . . . . . . . . . . . . . X . . .
 3 . . . . . . . . . . . . . . . . . . .
 2 . . . . . . . . . . . . . . . . . . .
 1 . . . . . . . . . . . . . . . . . . .

koSIMPLEscoreAREAtaxNONEsui0whbNfpok1komi6.5
Root visits: 1
New playouts: 1
NN rows: 38
NN batches: 38
NN avg batch size: 1
PV: O15
Tree:
: T -78.73c W -75.66c S  -3.07c (-11.1 L  -9.3) N       1  --  O15
---Black(^)---

2025-02-19 17:03:24+0200: MoveNum: 39 HASH: 50DF979A8BB90DBD79C30F5F6C927708
   A B C D E F G H J K L M N O P Q R S T
19 . . . . . . . . . . . . . . . . . . .
18 . . . . . . . . . . . . . O . . . . .
17 . . . . . . . . . . . . O . O O O . .
16 . . . . . . . . . . . . . O X X X . .
15 . . . . . . . . . . . . . . . . . . .
14 . . . . . . . . . . . . . O X . . . .
13 . . . . . . . . . . . . . X1O2. O O .
12 . . . . . . . . . . . . . X3O O O X .
11 . . . . . . . . . . . . . . X O X . X
10 . . . . . . . . . . . . . . X O X X .
 9 . . . . . . . . . . . . . X O X O X .
 8 . . . . . . . . . . . . . . . X . . .
 7 . . . . . . . . . . . . . . . . X . .
 6 . . . . . . . . . . . . . . . . . . .
 5 . . . O . . . . . . . . . . . . . . .
 4 . . . . . . . . . . . . . . . X . . .
 3 . . . . . . . . . . . . . . . . . . .
 2 . . . . . . . . . . . . . . . . . . .
 1 . . . . . . . . . . . . . . . . . . .

koSIMPLEscoreAREAtaxNONEsui0whbNfpok1komi6.5
Root visits: 1
New playouts: 1
NN rows: 39
NN batches: 39
NN avg batch size: 1
PV: N14
Tree:
: T  81.69c W  78.46c S   3.23c (+12.0 L +10.1) N       1  --  N14
---White(^)---

