2025-02-19 16:19:03+0200: Running with following config:
allowResignation = true
lagBuffer = 1.0
logAllGTPCommunication = true
logDir = gtp_logs
logSearchInfo = true
logSearchInfoForChosenMove = false
logToStderr = false
maxPlayouts = 1
maxVisitsPondering = 1
numAnalysisThreads = 1
numSearchThreads = 6
ponderingEnabled = false
resignConsecTurns = 3
resignThreshold = -0.90
rules = tromp-taylor
searchFactorAfterOnePass = 0.50
searchFactorAfterTwoPass = 0.25
searchFactorWhenWinning = 0.40
searchFactorWhenWinningThreshold = 0.95

2025-02-19 16:19:03+0200: Analysis Engine starting...
2025-02-19 16:19:03+0200: KataGo v1.15.3
2025-02-19 16:19:03+0200: nnRandSeed0 = 10798672910200370865
2025-02-19 16:19:03+0200: After dedups: nnModelFile0 = /home/cmk/katago/default_model.txt.gz useFP16 auto useNHWC auto
2025-02-19 16:19:03+0200: Initializing neural net buffer to be size 19 * 19 allowing smaller boards
2025-02-19 16:19:04+0200: Eigen (CPU) backend thread 0: Model version 8
2025-02-19 16:19:04+0200: Eigen (CPU) backend thread 0: Model name: b10c128-s1141046784-d204142634
2025-02-19 16:19:04+0200: Eigen (CPU) backend thread 1: Model version 8
2025-02-19 16:19:04+0200: Eigen (CPU) backend thread 1: Model name: b10c128-s1141046784-d204142634
2025-02-19 16:19:04+0200: --------------
2025-02-19 16:19:04+0200: WARNING: Config had unused keys! You may have a typo, an option you specified is being unused from /home/cmk/katago/default_gtp.cfg
2025-02-19 16:19:04+0200: WARNING: Unused key 'allowResignation' in /home/cmk/katago/default_gtp.cfg
2025-02-19 16:19:04+0200: WARNING: Unused key 'logAllGTPCommunication' in /home/cmk/katago/default_gtp.cfg
2025-02-19 16:19:04+0200: WARNING: Unused key 'logSearchInfoForChosenMove' in /home/cmk/katago/default_gtp.cfg
2025-02-19 16:19:04+0200: WARNING: Unused key 'ponderingEnabled' in /home/cmk/katago/default_gtp.cfg
2025-02-19 16:19:04+0200: WARNING: Unused key 'resignConsecTurns' in /home/cmk/katago/default_gtp.cfg
2025-02-19 16:19:04+0200: WARNING: Unused key 'resignThreshold' in /home/cmk/katago/default_gtp.cfg
2025-02-19 16:19:04+0200: WARNING: Unused key 'rules' in /home/cmk/katago/default_gtp.cfg
2025-02-19 16:19:04+0200: WARNING: Unused key 'searchFactorWhenWinning' in /home/cmk/katago/default_gtp.cfg
2025-02-19 16:19:04+0200: WARNING: Unused key 'searchFactorWhenWinningThreshold' in /home/cmk/katago/default_gtp.cfg
2025-02-19 16:19:04+0200: --------------
2025-02-19 16:19:04+0200: Loaded config /home/cmk/katago/default_gtp.cfg
2025-02-19 16:19:04+0200: Loaded model /home/cmk/katago/default_model.txt.gz
2025-02-19 16:19:04+0200: Analyzing up to 1 positions at a time in parallel
2025-02-19 16:19:04+0200: Started, ready to begin handling requests
2025-02-19 16:19:04+0200: MoveNum: 1 HASH: 48315B528346F7FF166D01D0584718A4
   A B C D E F G H J K L M N O P Q R S T
19 . . . . . . . . . . . . . . . . . . .
18 . . . . . . . . . . . . . . . . . . .
17 . . . . . . . . . . . . . . . . . . .
16 . . . . . . . . . . . . . . . . X1. .
15 . . . . . . . . . . . . . . . . . . .
14 . . . . . . . . . . . . . . . . . . .
13 . . . . . . . . . . . . . . . . . . .
12 . . . . . . . . . . . . . . . . . . .
11 . . . . . . . . . . . . . . . . . . .
10 . . . . . . . . . . . . . . . . . . .
 9 . . . . . . . . . . . . . . . . . . .
 8 . . . . . . . . . . . . . . . . . . .
 7 . . . . . . . . . . . . . . . . . . .
 6 . . . . . . . . . . . . . . . . . . .
 5 . . . . . . . . . . . . . . . . . . .
 4 . . . . . . . . . . . . . . . . . . .
 3 . . . . . . . . . . . . . . . . . . .
 2 . . . . . . . . . . . . . . . . . . .
 1 . . . . . . . . . . . . . . . . . . .

koSIMPLEscoreAREAtaxNONEsui0whbNfpok1komi6.5
Root visits: 1
New playouts: 1
NN rows: 1
NN batches: 1
NN avg batch size: 1
PV: D16
Tree:
: T -12.68c W -12.26c S  -0.42c ( -1.6 L  -1.0) N       1  --  D16
---White(^)---

2025-02-19 16:19:04+0200: MoveNum: 2 HASH: F40BF09956F13942A9105CD64A2F675D
   A B C D E F G H J K L M N O P Q R S T
19 . . . . . . . . . . . . . . . . . . .
18 . . . . . . . . . . . . . . . . . . .
17 . . . . . . . . . . . . . . . . . . .
16 . . . O2. . . . . . . . . . . . X1. .
15 . . . . . . . . . . . . . . . . . . .
14 . . . . . . . . . . . . . . . . . . .
13 . . . . . . . . . . . . . . . . . . .
12 . . . . . . . . . . . . . . . . . . .
11 . . . . . . . . . . . . . . . . . . .
10 . . . . . . . . . . . . . . . . . . .
 9 . . . . . . . . . . . . . . . . . . .
 8 . . . . . . . . . . . . . . . . . . .
 7 . . . . . . . . . . . . . . . . . . .
 6 . . . . . . . . . . . . . . . . . . .
 5 . . . . . . . . . . . . . . . . . . .
 4 . . . . . . . . . . . . . . . . . . .
 3 . . . . . . . . . . . . . . . . . . .
 2 . . . . . . . . . . . . . . . . . . .
 1 . . . . . . . . . . . . . . . . . . .

koSIMPLEscoreAREAtaxNONEsui0whbNfpok1komi6.5
Root visits: 1
New playouts: 1
NN rows: 2
NN batches: 2
NN avg batch size: 1
PV: D4
Tree:
: T   4.38c W   4.21c S   0.17c ( +0.7 L  +0.3) N       1  --  D4
---Black(^)---

2025-02-19 16:19:05+0200: MoveNum: 3 HASH: B4B8700B32E3E1085107AEB51D2CF1C5
   A B C D E F G H J K L M N O P Q R S T
19 . . . . . . . . . . . . . . . . . . .
18 . . . . . . . . . . . . . . . . . . .
17 . . . . . . . . . . . . . . . . . . .
16 . . . O2. . . . . . . . . . . . X1. .
15 . . . . . . . . . . . . . . . . . . .
14 . . . . . . . . . . . . . . . . . . .
13 . . . . . . . . . . . . . . . . . . .
12 . . . . . . . . . . . . . . . . . . .
11 . . . . . . . . . . . . . . . . . . .
10 . . . . . . . . . . . . . . . . . . .
 9 . . . . . . . . . . . . . . . . . . .
 8 . . . . . . . . . . . . . . . . . . .
 7 . . . . . . . . . . . . . . . . . . .
 6 . . . . . . . . . . . . . . . . . . .
 5 . . . . . . . . . . . . . . . . . . .
 4 . . . . . . . . . . . . . . . X3. . .
 3 . . . . . . . . . . . . . . . . . . .
 2 . . . . . . . . . . . . . . . . . . .
 1 . . . . . . . . . . . . . . . . . . .

koSIMPLEscoreAREAtaxNONEsui0whbNfpok1komi6.5
Root visits: 1
New playouts: 1
NN rows: 3
NN batches: 3
NN avg batch size: 1
PV: D4
Tree:
: T -10.00c W  -9.62c S  -0.37c ( -1.4 L  -0.8) N       1  --  D4
---White(^)---

2025-02-19 16:19:05+0200: MoveNum: 4 HASH: 800189B50510C6AF41A76A36BBD6F58B
   A B C D E F G H J K L M N O P Q R S T
19 . . . . . . . . . . . . . . . . . . .
18 . . . . . . . . . . . . . . . . . . .
17 . . . . . . . . . . . . . . . . . . .
16 . . . O1. . . . . . . . . . . . X . .
15 . . . . . . . . . . . . . . . . . . .
14 . . . . . . . . . . . . . . . . . . .
13 . . . . . . . . . . . . . . . . . . .
12 . . . . . . . . . . . . . . . . . . .
11 . . . . . . . . . . . . . . . . . . .
10 . . . . . . . . . . . . . . . . . . .
 9 . . . . . . . . . . . . . . . . . . .
 8 . . . . . . . . . . . . . . . . . . .
 7 . . . . . . . . . . . . . . . . . . .
 6 . . . . . . . . . . . . . . . . . . .
 5 . . . . . . . . . . . . . . . . . . .
 4 . . O3. . . . . . . . . . . . X2. . .
 3 . . . . . . . . . . . . . . . . . . .
 2 . . . . . . . . . . . . . . . . . . .
 1 . . . . . . . . . . . . . . . . . . .

koSIMPLEscoreAREAtaxNONEsui0whbNfpok1komi6.5
Root visits: 1
New playouts: 1
NN rows: 4
NN batches: 4
NN avg batch size: 1
PV: O17
Tree:
: T   4.91c W   4.74c S   0.17c ( +0.6 L  +0.3) N       1  --  O17
---Black(^)---

2025-02-19 16:19:05+0200: MoveNum: 5 HASH: AF9EEBE1B94F981618AD19B1C02711AA
   A B C D E F G H J K L M N O P Q R S T
19 . . . . . . . . . . . . . . . . . . .
18 . . . . . . . . . . . . . . . . . . .
17 . . . . . . . . . . . . . . . . . . .
16 . . . O . . . . . . . . . . . . X . .
15 . . . . . . . . . . . . . . . . . . .
14 . . . . . . . . . . . . . . . . . . .
13 . . . . . . . . . . . . . . . . . . .
12 . . . . . . . . . . . . . . . . . . .
11 . . . . . . . . . . . . . . . . . . .
10 . . . . . . . . . . . . . . . . . . .
 9 . . . . . . . . . . . . . . . . . . .
 8 . . . . . . . . . . . . . . . . . . .
 7 . . . . . . . . . . . . . . . . . . .
 6 . . . . . . . . . . . . . . . . . . .
 5 . . . . . . . . . . . . . . . . . . .
 4 . . O2. X3. . . . . . . . . . X1. . .
 3 . . . . . . . . . . . . . . . . . . .
 2 . . . . . . . . . . . . . . . . . . .
 1 . . . . . . . . . . . . . . . . . . .

koSIMPLEscoreAREAtaxNONEsui0whbNfpok1komi6.5
Root visits: 1
New playouts: 1
NN rows: 5
NN batches: 5
NN avg batch size: 1
PV: E3
Tree:
: T -10.78c W -10.40c S  -0.39c ( -1.5 L  -0.9) N       1  --  E3
---White(^)---

2025-02-19 16:19:05+0200: MoveNum: 6 HASH: 0B0396F986CEEBC46D283EB0DF32616A
   A B C D E F G H J K L M N O P Q R S T
19 . . . . . . . . . . . . . . . . . . .
18 . . . . . . . . . . . . . . . . . . .
17 . . . . . . . . . . . . . . . . . . .
16 . . . O . . . . . . . . . . . . X . .
15 . . . . . . . . . . . . . . . . . . .
14 . . . . . . . . . . . . . . . . . . .
13 . . . . . . . . . . . . . . . . . . .
12 . . . . . . . . . . . . . . . . . . .
11 . . . . . . . . . . . . . . . . . . .
10 . . . . . . . . . . . . . . . . . . .
 9 . . . . . . . . . . . . . . . . . . .
 8 . . . . . . . . . . . . . . . . . . .
 7 . . . . . . . . . . . . . . . . . . .
 6 . . . . . . . . . . . . . . . . . . .
 5 . . . . . . . . . . . . . . . . . . .
 4 . . O1. X2. . . . . . . . . . X . . .
 3 . . . . O3. . . . . . . . . . . . . .
 2 . . . . . . . . . . . . . . . . . . .
 1 . . . . . . . . . . . . . . . . . . .

koSIMPLEscoreAREAtaxNONEsui0whbNfpok1komi6.5
Root visits: 1
New playouts: 1
NN rows: 6
NN batches: 6
NN avg batch size: 1
PV: F3
Tree:
: T   6.93c W   6.67c S   0.25c ( +1.0 L  +0.5) N       1  --  F3
---Black(^)---

2025-02-19 16:19:05+0200: MoveNum: 7 HASH: 04E6B814D1413AF7153FA2939FD88C07
   A B C D E F G H J K L M N O P Q R S T
19 . . . . . . . . . . . . . . . . . . .
18 . . . . . . . . . . . . . . . . . . .
17 . . . . . . . . . . . . . . . . . . .
16 . . . O . . . . . . . . . . . . X . .
15 . . . . . . . . . . . . . . . . . . .
14 . . . . . . . . . . . . . . . . . . .
13 . . . . . . . . . . . . . . . . . . .
12 . . . . . . . . . . . . . . . . . . .
11 . . . . . . . . . . . . . . . . . . .
10 . . . . . . . . . . . . . . . . . . .
 9 . . . . . . . . . . . . . . . . . . .
 8 . . . . . . . . . . . . . . . . . . .
 7 . . . . . . . . . . . . . . . . . . .
 6 . . . . . . . . . . . . . . . . . . .
 5 . . . . . . . . . . . . . . . . . . .
 4 . . O . X1. . . . . . . . . . X . . .
 3 . . . . O2X3. . . . . . . . . . . . .
 2 . . . . . . . . . . . . . . . . . . .
 1 . . . . . . . . . . . . . . . . . . .

koSIMPLEscoreAREAtaxNONEsui0whbNfpok1komi6.5
Root visits: 1
New playouts: 1
NN rows: 7
NN batches: 7
NN avg batch size: 1
PV: D3
Tree:
: T  -7.21c W  -6.94c S  -0.27c ( -1.0 L  -0.5) N       1  --  D3
---White(^)---

2025-02-19 16:19:05+0200: MoveNum: 8 HASH: 77B7981A3C4460E8FC49CEDAC65440DA
   A B C D E F G H J K L M N O P Q R S T
19 . . . . . . . . . . . . . . . . . . .
18 . . . . . . . . . . . . . . . . . . .
17 . . . . . . . . . . . . . . . . . . .
16 . . . O . . . . . . . . . . . . X . .
15 . . . . . . . . . . . . . . . . . . .
14 . . . . . . . . . . . . . . . . . . .
13 . . . . . . . . . . . . . . . . . . .
12 . . . . . . . . . . . . . . . . . . .
11 . . . . . . . . . . . . . . . . . . .
10 . . . . . . . . . . . . . . . . . . .
 9 . . . . . . . . . . . . . . . . . . .
 8 . . . . . . . . . . . . . . . . . . .
 7 . . . . . . . . . . . . . . . . . . .
 6 . . . . . . . . . . . . . . . . . . .
 5 . . . . . . . . . . . . . . . . . . .
 4 . . O . X . . . . . . . . . . X . . .
 3 . . . O3O1X2. . . . . . . . . . . . .
 2 . . . . . . . . . . . . . . . . . . .
 1 . . . . . . . . . . . . . . . . . . .

koSIMPLEscoreAREAtaxNONEsui0whbNfpok1komi6.5
Root visits: 1
New playouts: 1
NN rows: 8
NN batches: 8
NN avg batch size: 1
PV: F4
Tree:
: T   0.08c W   0.05c S   0.03c ( +0.1 L  -0.1) N       1  --  F4
---Black(^)---

2025-02-19 16:19:05+0200: MoveNum: 9 HASH: 6CF74C55A374BEF6A2DA2B1D6537B671
   A B C D E F G H J K L M N O P Q R S T
19 . . . . . . . . . . . . . . . . . . .
18 . . . . . . . . . . . . . . . . . . .
17 . . . . . . . . . . . . . . . . . . .
16 . . . O . . . . . . . . . . . . X . .
15 . . . . . . . . . . . . . . . . . . .
14 . . . . . . . . . . . . . . . . . . .
13 . . . . . . . . . . . . . . . . . . .
12 . . . . . . . . . . . . . . . . . . .
11 . . . . . . . . . . . . . . . . . . .
10 . . . . . . . . . . . . . . . . . . .
 9 . . . . . . . . . . . . . . . . . . .
 8 . . . . . . . . . . . . . . . . . . .
 7 . . . . . . . . . . . . . . . . . . .
 6 . . . . . . . . . . . . . . . . . . .
 5 . . . . . . . . . . . . . . . . . . .
 4 . . O . X X3. . . . . . . . . X . . .
 3 . . . O2O X1. . . . . . . . . . . . .
 2 . . . . . . . . . . . . . . . . . . .
 1 . . . . . . . . . . . . . . . . . . .

koSIMPLEscoreAREAtaxNONEsui0whbNfpok1komi6.5
Root visits: 1
New playouts: 1
NN rows: 9
NN batches: 9
NN avg batch size: 1
PV: D6
Tree:
: T  -8.83c W  -8.49c S  -0.33c ( -1.3 L  -0.6) N       1  --  D6
---White(^)---

2025-02-19 16:19:05+0200: MoveNum: 10 HASH: 3A9A804808C8774018D893BD473CE4EB
   A B C D E F G H J K L M N O P Q R S T
19 . . . . . . . . . . . . . . . . . . .
18 . . . . . . . . . . . . . . . . . . .
17 . . . . . . . . . . . . . . . . . . .
16 . . . O . . . . . . . . . . . . X . .
15 . . . . . . . . . . . . . . . . . . .
14 . . . . . . . . . . . . . . . . . . .
13 . . . . . . . . . . . . . . . . . . .
12 . . . . . . . . . . . . . . . . . . .
11 . . . . . . . . . . . . . . . . . . .
10 . . . . . . . . . . . . . . . . . . .
 9 . . . . . . . . . . . . . . . . . . .
 8 . . . . . . . . . . . . . . . . . . .
 7 . . . . . . . . . . . . . . . . . . .
 6 . . O3. . . . . . . . . . . . . . . .
 5 . . . . . . . . . . . . . . . . . . .
 4 . . O . X X2. . . . . . . . . X . . .
 3 . . . O1O X . . . . . . . . . . . . .
 2 . . . . . . . . . . . . . . . . . . .
 1 . . . . . . . . . . . . . . . . . . .

koSIMPLEscoreAREAtaxNONEsui0whbNfpok1komi6.5
Root visits: 1
New playouts: 1
NN rows: 10
NN batches: 10
NN avg batch size: 1
PV: O17
Tree:
: T   1.05c W   1.02c S   0.03c ( +0.1 L  +0.0) N       1  --  O17
---Black(^)---

2025-02-19 16:19:05+0200: MoveNum: 11 HASH: 7E6FCD3A51DBC210B0AE4B49298C2923
   A B C D E F G H J K L M N O P Q R S T
19 . . . . . . . . . . . . . . . . . . .
18 . . . . . . . . . . . . . . . . . . .
17 . . . . . . . . . . . . . . . . . . .
16 . . . O . . . . . . . . . . . . X . .
15 . . . . . . . . . . . . . . . . . . .
14 . . . . . . . . . . . . . . . . . . .
13 . . . . . . . . . . . . . . . . . . .
12 . . . . . . . . . . . . . . . . . . .
11 . . . . . . . . . . . . . . . . . . .
10 . . . . . . . . . . . . . . . . . . .
 9 . . . . . . . . . . . . . . . . . . .
 8 . . . . . . . . . . . . . . . . . . .
 7 . . . . . . . . . . . . . . . . . . .
 6 . . O2. . . . . . . . . . . . . . . .
 5 . . . . . . . . . . . . . . . . . . .
 4 . . O . X X1. . . X3. . . . . X . . .
 3 . . . O O X . . . . . . . . . . . . .
 2 . . . . . . . . . . . . . . . . . . .
 1 . . . . . . . . . . . . . . . . . . .

koSIMPLEscoreAREAtaxNONEsui0whbNfpok1komi6.5
Root visits: 1
New playouts: 1
NN rows: 11
NN batches: 11
NN avg batch size: 1
PV: R3
Tree:
: T -10.95c W -10.54c S  -0.41c ( -1.6 L  -0.8) N       1  --  R3
---White(^)---

2025-02-19 16:19:05+0200: MoveNum: 12 HASH: A6E930F0EA9F767F28789F0EFAE64751
   A B C D E F G H J K L M N O P Q R S T
19 . . . . . . . . . . . . . . . . . . .
18 . . . . . . . . . . . . . . . . . . .
17 . . . . . . . . . . . . . . . . . . .
16 . . . O . . . . . . . . . . . . X . .
15 . . . . . . . . . . . . . . . . . . .
14 . . . . . . . . . . . . . . . . . . .
13 . . . . . . . . . . . . . . . . . . .
12 . . . . . . . . . . . . . . . . . . .
11 . . . . . . . . . . . . . . . . . . .
10 . . . . . . . . . . . . . . . . . . .
 9 . . . . . . . . . . . . . . . . . . .
 8 . . . . . . . . . . . . . . . . . . .
 7 . . . . . . . . . . . . . . . . . . .
 6 . . O1. . . . . . . . . . . . . . . .
 5 . . . . . . . . . . . . . . . . . . .
 4 . . O . X X . . . X2. . . . . X . . .
 3 . . . O O X . . . . . . . . . . O3. .
 2 . . . . . . . . . . . . . . . . . . .
 1 . . . . . . . . . . . . . . . . . . .

koSIMPLEscoreAREAtaxNONEsui0whbNfpok1komi6.5
Root visits: 1
New playouts: 1
NN rows: 12
NN batches: 12
NN avg batch size: 1
PV: Q3
Tree:
: T   3.43c W   3.28c S   0.15c ( +0.6 L  +0.2) N       1  --  Q3
---Black(^)---

2025-02-19 16:19:05+0200: MoveNum: 13 HASH: EC53D623032D71C45B7DC5B744419EE1
   A B C D E F G H J K L M N O P Q R S T
19 . . . . . . . . . . . . . . . . . . .
18 . . . . . . . . . . . . . . . . . . .
17 . . . . . . . . . . . . . . . . . . .
16 . . . O . . . . . . . . . . . . X . .
15 . . . . . . . . . . . . . . . . . . .
14 . . . . . . . . . . . . . . . . . . .
13 . . . . . . . . . . . . . . . . . . .
12 . . . . . . . . . . . . . . . . . . .
11 . . . . . . . . . . . . . . . . . . .
10 . . . . . . . . . . . . . . . . . . .
 9 . . . . . . . . . . . . . . . . . . .
 8 . . . . . . . . . . . . . . . . . . .
 7 . . . . . . . . . . . . . . . . . . .
 6 . . O . . . . . . . . . . . . . . . .
 5 . . . . . . . . . . . . . . . . . . .
 4 . . O . X X . . . X1. . . . . X . . .
 3 . . . O O X . . . . . . . . . X3O2. .
 2 . . . . . . . . . . . . . . . . . . .
 1 . . . . . . . . . . . . . . . . . . .

koSIMPLEscoreAREAtaxNONEsui0whbNfpok1komi6.5
Root visits: 1
New playouts: 1
NN rows: 13
NN batches: 13
NN avg batch size: 1
PV: R4
Tree:
: T -12.81c W -12.34c S  -0.47c ( -1.8 L  -0.9) N       1  --  R4
---White(^)---

2025-02-19 16:19:06+0200: MoveNum: 14 HASH: 1F69F1EE1935A60B12F55035CB77777E
   A B C D E F G H J K L M N O P Q R S T
19 . . . . . . . . . . . . . . . . . . .
18 . . . . . . . . . . . . . . . . . . .
17 . . . . . . . . . . . . . . . . . . .
16 . . . O . . . . . . . . . . . . X . .
15 . . . . . . . . . . . . . . . . . . .
14 . . . . . . . . . . . . . . . . . . .
13 . . . . . . . . . . . . . . . . . . .
12 . . . . . . . . . . . . . . . . . . .
11 . . . . . . . . . . . . . . . . . . .
10 . . . . . . . . . . . . . . . . . . .
 9 . . . . . . . . . . . . . . . . . . .
 8 . . . . . . . . . . . . . . . . . . .
 7 . . . . . . . . . . . . . . . . . . .
 6 . . O . . . . . . . . . . . . . . . .
 5 . . . . . . . . . . . . . . . . . . .
 4 . . O . X X . . . X . . . . . X O3. .
 3 . . . O O X . . . . . . . . . X2O1. .
 2 . . . . . . . . . . . . . . . . . . .
 1 . . . . . . . . . . . . . . . . . . .

koSIMPLEscoreAREAtaxNONEsui0whbNfpok1komi6.5
Root visits: 1
New playouts: 1
NN rows: 14
NN batches: 14
NN avg batch size: 1
PV: R6
Tree:
: T   7.23c W   6.98c S   0.25c ( +0.9 L  +0.5) N       1  --  R6
---Black(^)---

2025-02-19 16:19:06+0200: MoveNum: 15 HASH: DB73602F2028B9AFD9CF97AFABBBE34B
   A B C D E F G H J K L M N O P Q R S T
19 . . . . . . . . . . . . . . . . . . .
18 . . . . . . . . . . . . . . . . . . .
17 . . . . . . . . . . . . . . . . . . .
16 . . . O . . . . . . . . . . . . X . .
15 . . . . . . . . . . . . . . . . . . .
14 . . . . . . . . . . . . . . . . . . .
13 . . . . . . . . . . . . . . . . . . .
12 . . . . . . . . . . . . . . . . . . .
11 . . . . . . . . . . . . . . . . . . .
10 . . . . . . . . . . . . . . . . . . .
 9 . . . . . . . . . . . . . . . . . . .
 8 . . . . . . . . . . . . . . . . . . .
 7 . . . . . . . . . . . . . . . . . . .
 6 . . O . . . . . . . . . . . . . X3. .
 5 . . . . . . . . . . . . . . . . . . .
 4 . . O . X X . . . X . . . . . X O2. .
 3 . . . O O X . . . . . . . . . X1O . .
 2 . . . . . . . . . . . . . . . . . . .
 1 . . . . . . . . . . . . . . . . . . .

koSIMPLEscoreAREAtaxNONEsui0whbNfpok1komi6.5
Root visits: 1
New playouts: 1
NN rows: 15
NN batches: 15
NN avg batch size: 1
PV: R5
Tree:
: T -10.59c W -10.20c S  -0.39c ( -1.5 L  -0.7) N       1  --  R5
---White(^)---

2025-02-19 16:19:06+0200: MoveNum: 16 HASH: 9088B8BB9AC7A40A00C89CBC31B661C5
   A B C D E F G H J K L M N O P Q R S T
19 . . . . . . . . . . . . . . . . . . .
18 . . . . . . . . . . . . . . . . . . .
17 . . . . . . . . . . . . . . . . . . .
16 . . . O . . . . . . . . . . . . X . .
15 . . . . . . . . . . . . . . . . . . .
14 . . . . . . . . . . . . . . . . . . .
13 . . . . . . . . . . . . . . . . . . .
12 . . . . . . . . . . . . . . . . . . .
11 . . . . . . . . . . . . . . . . . . .
10 . . . . . . . . . . . . . . . . . . .
 9 . . . . . . . . . . . . . . . . . . .
 8 . . . . . . . . . . . . . . . . . . .
 7 . . . . . . . . . . . . . . . . . . .
 6 . . O . . . . . . . . . . . . . X2. .
 5 . . . . . . . . . . . . . . . . O3. .
 4 . . O . X X . . . X . . . . . X O1. .
 3 . . . O O X . . . . . . . . . X O . .
 2 . . . . . . . . . . . . . . . . . . .
 1 . . . . . . . . . . . . . . . . . . .

koSIMPLEscoreAREAtaxNONEsui0whbNfpok1komi6.5
Root visits: 1
New playouts: 1
NN rows: 16
NN batches: 16
NN avg batch size: 1
PV: Q5
Tree:
: T   6.29c W   6.04c S   0.25c ( +0.9 L  +0.4) N       1  --  Q5
---Black(^)---

2025-02-19 16:19:06+0200: MoveNum: 17 HASH: 69753C8AA3C1521CC12FFB5B2677DC6C
   A B C D E F G H J K L M N O P Q R S T
19 . . . . . . . . . . . . . . . . . . .
18 . . . . . . . . . . . . . . . . . . .
17 . . . . . . . . . . . . . . . . . . .
16 . . . O . . . . . . . . . . . . X . .
15 . . . . . . . . . . . . . . . . . . .
14 . . . . . . . . . . . . . . . . . . .
13 . . . . . . . . . . . . . . . . . . .
12 . . . . . . . . . . . . . . . . . . .
11 . . . . . . . . . . . . . . . . . . .
10 . . . . . . . . . . . . . . . . . . .
 9 . . . . . . . . . . . . . . . . . . .
 8 . . . . . . . . . . . . . . . . . . .
 7 . . . . . . . . . . . . . . . . . . .
 6 . . O . . . . . . . . . . . . . X1. .
 5 . . . . . . . . . . . . . . . X3O2. .
 4 . . O . X X . . . X . . . . . X O . .
 3 . . . O O X . . . . . . . . . X O . .
 2 . . . . . . . . . . . . . . . . . . .
 1 . . . . . . . . . . . . . . . . . . .

koSIMPLEscoreAREAtaxNONEsui0whbNfpok1komi6.5
Root visits: 1
New playouts: 1
NN rows: 17
NN batches: 17
NN avg batch size: 1
PV: S6
Tree:
: T -13.59c W -13.09c S  -0.50c ( -1.9 L  -1.0) N       1  --  S6
---White(^)---

2025-02-19 16:19:06+0200: MoveNum: 18 HASH: FE1294129C51BDD6BFA574BB2A065187
   A B C D E F G H J K L M N O P Q R S T
19 . . . . . . . . . . . . . . . . . . .
18 . . . . . . . . . . . . . . . . . . .
17 . . . . . . . . . . . . . . . . . . .
16 . . . O . . . . . . . . . . . . X . .
15 . . . . . . . . . . . . . . . . . . .
14 . . . . . . . . . . . . . . . . . . .
13 . . . . . . . . . . . . . . . . . . .
12 . . . . . . . . . . . . . . . . . . .
11 . . . . . . . . . . . . . . . . . . .
10 . . . . . . . . . . . . . . . . . . .
 9 . . . . . . . . . . . . . . . . . . .
 8 . . . . . . . . . . . . . . . . . . .
 7 . . . . . . . . . . . . . . . . . . .
 6 . . O . . . . . . . . . . . . . X O3.
 5 . . . . . . . . . . . . . . . X2O1. .
 4 . . O . X X . . . X . . . . . X O . .
 3 . . . O O X . . . . . . . . . X O . .
 2 . . . . . . . . . . . . . . . . . . .
 1 . . . . . . . . . . . . . . . . . . .

koSIMPLEscoreAREAtaxNONEsui0whbNfpok1komi6.5
Root visits: 1
New playouts: 1
NN rows: 18
NN batches: 18
NN avg batch size: 1
PV: O17
Tree:
: T   5.41c W   5.22c S   0.20c ( +0.7 L  +0.3) N       1  --  O17
---Black(^)---

2025-02-19 16:19:06+0200: MoveNum: 19 HASH: D030263A8B552557B5843F199EB397BE
   A B C D E F G H J K L M N O P Q R S T
19 . . . . . . . . . . . . . . . . . . .
18 . . . . . . . . . . . . . . . . . . .
17 . . X3. . . . . . . . . . . . . . . .
16 . . . O . . . . . . . . . . . . X . .
15 . . . . . . . . . . . . . . . . . . .
14 . . . . . . . . . . . . . . . . . . .
13 . . . . . . . . . . . . . . . . . . .
12 . . . . . . . . . . . . . . . . . . .
11 . . . . . . . . . . . . . . . . . . .
10 . . . . . . . . . . . . . . . . . . .
 9 . . . . . . . . . . . . . . . . . . .
 8 . . . . . . . . . . . . . . . . . . .
 7 . . . . . . . . . . . . . . . . . . .
 6 . . O . . . . . . . . . . . . . X O2.
 5 . . . . . . . . . . . . . . . X1O . .
 4 . . O . X X . . . X . . . . . X O . .
 3 . . . O O X . . . . . . . . . X O . .
 2 . . . . . . . . . . . . . . . . . . .
 1 . . . . . . . . . . . . . . . . . . .

koSIMPLEscoreAREAtaxNONEsui0whbNfpok1komi6.5
Root visits: 1
New playouts: 1
NN rows: 19
NN batches: 19
NN avg batch size: 1
PV: C16
Tree:
: T  -4.78c W  -4.57c S  -0.21c ( -0.8 L  -0.3) N       1  --  C16
---White(^)---

2025-02-19 16:19:06+0200: MoveNum: 20 HASH: F0D28D919015FED21A5C63F8428CEE21
   A B C D E F G H J K L M N O P Q R S T
19 . . . . . . . . . . . . . . . . . . .
18 . . . . . . . . . . . . . . . . . . .
17 . . X2O3. . . . . . . . . . . . . . .
16 . . . O . . . . . . . . . . . . X . .
15 . . . . . . . . . . . . . . . . . . .
14 . . . . . . . . . . . . . . . . . . .
13 . . . . . . . . . . . . . . . . . . .
12 . . . . . . . . . . . . . . . . . . .
11 . . . . . . . . . . . . . . . . . . .
10 . . . . . . . . . . . . . . . . . . .
 9 . . . . . . . . . . . . . . . . . . .
 8 . . . . . . . . . . . . . . . . . . .
 7 . . . . . . . . . . . . . . . . . . .
 6 . . O . . . . . . . . . . . . . X O1.
 5 . . . . . . . . . . . . . . . X O . .
 4 . . O . X X . . . X . . . . . X O . .
 3 . . . O O X . . . . . . . . . X O . .
 2 . . . . . . . . . . . . . . . . . . .
 1 . . . . . . . . . . . . . . . . . . .

koSIMPLEscoreAREAtaxNONEsui0whbNfpok1komi6.5
Root visits: 1
New playouts: 1
NN rows: 20
NN batches: 20
NN avg batch size: 1
PV: C16
Tree:
: T   3.12c W   2.99c S   0.13c ( +0.5 L  +0.2) N       1  --  C16
---Black(^)---

2025-02-19 16:19:06+0200: MoveNum: 21 HASH: 61B399377766B75DA7D4DDC9D2A49828
   A B C D E F G H J K L M N O P Q R S T
19 . . . . . . . . . . . . . . . . . . .
18 . . . . . . . . . . . . . . . . . . .
17 . . X1O2. . . . . . . . . . . . . . .
16 . . X3O . . . . . . . . . . . . X . .
15 . . . . . . . . . . . . . . . . . . .
14 . . . . . . . . . . . . . . . . . . .
13 . . . . . . . . . . . . . . . . . . .
12 . . . . . . . . . . . . . . . . . . .
11 . . . . . . . . . . . . . . . . . . .
10 . . . . . . . . . . . . . . . . . . .
 9 . . . . . . . . . . . . . . . . . . .
 8 . . . . . . . . . . . . . . . . . . .
 7 . . . . . . . . . . . . . . . . . . .
 6 . . O . . . . . . . . . . . . . X O .
 5 . . . . . . . . . . . . . . . X O . .
 4 . . O . X X . . . X . . . . . X O . .
 3 . . . O O X . . . . . . . . . X O . .
 2 . . . . . . . . . . . . . . . . . . .
 1 . . . . . . . . . . . . . . . . . . .

koSIMPLEscoreAREAtaxNONEsui0whbNfpok1komi6.5
Root visits: 1
New playouts: 1
NN rows: 21
NN batches: 21
NN avg batch size: 1
PV: C15
Tree:
: T  -7.95c W  -7.64c S  -0.31c ( -1.2 L  -0.6) N       1  --  C15
---White(^)---

2025-02-19 16:19:06+0200: MoveNum: 22 HASH: B0DAA8FFFD4AD28CCD8F52F4A40E8D34
   A B C D E F G H J K L M N O P Q R S T
19 . . . . . . . . . . . . . . . . . . .
18 . . . . . . . . . . . . . . . . . . .
17 . . X O1. . . . . . . . . . . . . . .
16 . . X2O . . . . . . . . . . . . X . .
15 . . O3. . . . . . . . . . . . . . . .
14 . . . . . . . . . . . . . . . . . . .
13 . . . . . . . . . . . . . . . . . . .
12 . . . . . . . . . . . . . . . . . . .
11 . . . . . . . . . . . . . . . . . . .
10 . . . . . . . . . . . . . . . . . . .
 9 . . . . . . . . . . . . . . . . . . .
 8 . . . . . . . . . . . . . . . . . . .
 7 . . . . . . . . . . . . . . . . . . .
 6 . . O . . . . . . . . . . . . . X O .
 5 . . . . . . . . . . . . . . . X O . .
 4 . . O . X X . . . X . . . . . X O . .
 3 . . . O O X . . . . . . . . . X O . .
 2 . . . . . . . . . . . . . . . . . . .
 1 . . . . . . . . . . . . . . . . . . .

koSIMPLEscoreAREAtaxNONEsui0whbNfpok1komi6.5
Root visits: 1
New playouts: 1
NN rows: 22
NN batches: 22
NN avg batch size: 1
PV: B15
Tree:
: T  -2.82c W  -2.74c S  -0.08c ( -0.3 L  -0.3) N       1  --  B15
---Black(^)---

2025-02-19 16:19:06+0200: MoveNum: 23 HASH: 4F3DE11DB7594D5DC18AE08874617C9F
   A B C D E F G H J K L M N O P Q R S T
19 . . . . . . . . . . . . . . . . . . .
18 . . . . . . . . . . . . . . . . . . .
17 . . X O . . . . . . . . . . . . . . .
16 . . X1O . . . . . . . . . . . . X . .
15 . X3O2. . . . . . . . . . . . . . . .
14 . . . . . . . . . . . . . . . . . . .
13 . . . . . . . . . . . . . . . . . . .
12 . . . . . . . . . . . . . . . . . . .
11 . . . . . . . . . . . . . . . . . . .
10 . . . . . . . . . . . . . . . . . . .
 9 . . . . . . . . . . . . . . . . . . .
 8 . . . . . . . . . . . . . . . . . . .
 7 . . . . . . . . . . . . . . . . . . .
 6 . . O . . . . . . . . . . . . . X O .
 5 . . . . . . . . . . . . . . . X O . .
 4 . . O . X X . . . X . . . . . X O . .
 3 . . . O O X . . . . . . . . . X O . .
 2 . . . . . . . . . . . . . . . . . . .
 1 . . . . . . . . . . . . . . . . . . .

koSIMPLEscoreAREAtaxNONEsui0whbNfpok1komi6.5
Root visits: 1
New playouts: 1
NN rows: 23
NN batches: 23
NN avg batch size: 1
PV: B14
Tree:
: T  -8.54c W  -8.21c S  -0.33c ( -1.2 L  -0.6) N       1  --  B14
---White(^)---

2025-02-19 16:19:07+0200: MoveNum: 24 HASH: 14071F85BBCBD7B0E5551B9BD2B360E2
   A B C D E F G H J K L M N O P Q R S T
19 . . . . . . . . . . . . . . . . . . .
18 . . . . . . . . . . . . . . . . . . .
17 . . X O . . . . . . . . . . . . . . .
16 . . X O . . . . . . . . . . . . X . .
15 . X2O1. . . . . . . . . . . . . . . .
14 . O3. . . . . . . . . . . . . . . . .
13 . . . . . . . . . . . . . . . . . . .
12 . . . . . . . . . . . . . . . . . . .
11 . . . . . . . . . . . . . . . . . . .
10 . . . . . . . . . . . . . . . . . . .
 9 . . . . . . . . . . . . . . . . . . .
 8 . . . . . . . . . . . . . . . . . . .
 7 . . . . . . . . . . . . . . . . . . .
 6 . . O . . . . . . . . . . . . . X O .
 5 . . . . . . . . . . . . . . . X O . .
 4 . . O . X X . . . X . . . . . X O . .
 3 . . . O O X . . . . . . . . . X O . .
 2 . . . . . . . . . . . . . . . . . . .
 1 . . . . . . . . . . . . . . . . . . .

koSIMPLEscoreAREAtaxNONEsui0whbNfpok1komi6.5
Root visits: 1
New playouts: 1
NN rows: 24
NN batches: 24
NN avg batch size: 1
PV: C14
Tree:
: T   4.24c W   4.08c S   0.16c ( +0.6 L  +0.2) N       1  --  C14
---Black(^)---

2025-02-19 16:19:07+0200: MoveNum: 25 HASH: 23E70EDE08A284125117980182E37E61
   A B C D E F G H J K L M N O P Q R S T
19 . . . . . . . . . . . . . . . . . . .
18 . . . . . . . . . . . . . . . . . . .
17 . . X O . . . . . . . . . . . . . . .
16 . . X O . . . . . . . . . . . . X . .
15 . X1O . . . . . . . . . . . . . . . .
14 . O2X3. . . . . . . . . . . . . . . .
13 . . . . . . . . . . . . . . . . . . .
12 . . . . . . . . . . . . . . . . . . .
11 . . . . . . . . . . . . . . . . . . .
10 . . . . . . . . . . . . . . . . . . .
 9 . . . . . . . . . . . . . . . . . . .
 8 . . . . . . . . . . . . . . . . . . .
 7 . . . . . . . . . . . . . . . . . . .
 6 . . O . . . . . . . . . . . . . X O .
 5 . . . . . . . . . . . . . . . X O . .
 4 . . O . X X . . . X . . . . . X O . .
 3 . . . O O X . . . . . . . . . X O . .
 2 . . . . . . . . . . . . . . . . . . .
 1 . . . . . . . . . . . . . . . . . . .

koSIMPLEscoreAREAtaxNONEsui0whbNfpok1komi6.5
Root visits: 1
New playouts: 1
NN rows: 25
NN batches: 25
NN avg batch size: 1
PV: D15
Tree:
: T  -8.64c W  -8.30c S  -0.33c ( -1.3 L  -0.6) N       1  --  D15
---White(^)---

2025-02-19 16:19:07+0200: MoveNum: 26 HASH: 97E326F7B820DB26ADE67067E67CD94F
   A B C D E F G H J K L M N O P Q R S T
19 . . . . . . . . . . . . . . . . . . .
18 . . . . . . . . . . . . . . . . . . .
17 . . X O . . . . . . . . . . . . . . .
16 . . X O . . . . . . . . . . . . X . .
15 . X O O3. . . . . . . . . . . . . . .
14 . O1X2. . . . . . . . . . . . . . . .
13 . . . . . . . . . . . . . . . . . . .
12 . . . . . . . . . . . . . . . . . . .
11 . . . . . . . . . . . . . . . . . . .
10 . . . . . . . . . . . . . . . . . . .
 9 . . . . . . . . . . . . . . . . . . .
 8 . . . . . . . . . . . . . . . . . . .
 7 . . . . . . . . . . . . . . . . . . .
 6 . . O . . . . . . . . . . . . . X O .
 5 . . . . . . . . . . . . . . . X O . .
 4 . . O . X X . . . X . . . . . X O . .
 3 . . . O O X . . . . . . . . . X O . .
 2 . . . . . . . . . . . . . . . . . . .
 1 . . . . . . . . . . . . . . . . . . .

koSIMPLEscoreAREAtaxNONEsui0whbNfpok1komi6.5
Root visits: 1
New playouts: 1
NN rows: 26
NN batches: 26
NN avg batch size: 1
PV: B13
Tree:
: T   3.97c W   3.82c S   0.14c ( +0.5 L  +0.2) N       1  --  B13
---Black(^)---

2025-02-19 16:19:07+0200: MoveNum: 27 HASH: C8DE8ABBC6FD926006755FD9B9CCB909
   A B C D E F G H J K L M N O P Q R S T
19 . . . . . . . . . . . . . . . . . . .
18 . . . . . . . . . . . . . . . . . . .
17 . . X O . . . . . . . . . . . . . . .
16 . . X O . . . . . . . . . . . . X . .
15 . X O O2. . . . . . . . . . . . . . .
14 . O X1. . . . . . . . . . . . . . . .
13 . X3. . . . . . . . . . . . . . . . .
12 . . . . . . . . . . . . . . . . . . .
11 . . . . . . . . . . . . . . . . . . .
10 . . . . . . . . . . . . . . . . . . .
 9 . . . . . . . . . . . . . . . . . . .
 8 . . . . . . . . . . . . . . . . . . .
 7 . . . . . . . . . . . . . . . . . . .
 6 . . O . . . . . . . . . . . . . X O .
 5 . . . . . . . . . . . . . . . X O . .
 4 . . O . X X . . . X . . . . . X O . .
 3 . . . O O X . . . . . . . . . X O . .
 2 . . . . . . . . . . . . . . . . . . .
 1 . . . . . . . . . . . . . . . . . . .

koSIMPLEscoreAREAtaxNONEsui0whbNfpok1komi6.5
Root visits: 1
New playouts: 1
NN rows: 27
NN batches: 27
NN avg batch size: 1
PV: B16
Tree:
: T  -4.97c W  -4.73c S  -0.25c ( -0.9 L  -0.4) N       1  --  B16
---White(^)---

2025-02-19 16:19:07+0200: MoveNum: 28 HASH: BC04E89986CA405BB2AE5826C8F95986
   A B C D E F G H J K L M N O P Q R S T
19 . . . . . . . . . . . . . . . . . . .
18 . . . . . . . . . . . . . . . . . . .
17 . . X O . . . . . . . . . . . . . . .
16 . O3X O . . . . . . . . . . . . X . .
15 . X O O1. . . . . . . . . . . . . . .
14 . O X . . . . . . . . . . . . . . . .
13 . X2. . . . . . . . . . . . . . . . .
12 . . . . . . . . . . . . . . . . . . .
11 . . . . . . . . . . . . . . . . . . .
10 . . . . . . . . . . . . . . . . . . .
 9 . . . . . . . . . . . . . . . . . . .
 8 . . . . . . . . . . . . . . . . . . .
 7 . . . . . . . . . . . . . . . . . . .
 6 . . O . . . . . . . . . . . . . X O .
 5 . . . . . . . . . . . . . . . X O . .
 4 . . O . X X . . . X . . . . . X O . .
 3 . . . O O X . . . . . . . . . X O . .
 2 . . . . . . . . . . . . . . . . . . .
 1 . . . . . . . . . . . . . . . . . . .

koSIMPLEscoreAREAtaxNONEsui0whbNfpok1komi6.5
Root visits: 1
New playouts: 1
NN rows: 28
NN batches: 28
NN avg batch size: 1
PV: A14
Tree:
: T   2.64c W   2.51c S   0.13c ( +0.5 L  +0.1) N       1  --  A14
---Black(^)---

2025-02-19 16:19:07+0200: MoveNum: 29 HASH: 4C25D48768B45CF0CACDDF020402860A
   A B C D E F G H J K L M N O P Q R S T
19 . . . . . . . . . . . . . . . . . . .
18 . . . . . . . . . . . . . . . . . . .
17 . . X O . . . . . . . . . . . . . . .
16 . O2X O . . . . . . . . . . . . X . .
15 . X O O . . . . . . . . . . . . . . .
14 X3. X . . . . . . . . . . . . . . . .
13 . X1. . . . . . . . . . . . . . . . .
12 . . . . . . . . . . . . . . . . . . .
11 . . . . . . . . . . . . . . . . . . .
10 . . . . . . . . . . . . . . . . . . .
 9 . . . . . . . . . . . . . . . . . . .
 8 . . . . . . . . . . . . . . . . . . .
 7 . . . . . . . . . . . . . . . . . . .
 6 . . O . . . . . . . . . . . . . X O .
 5 . . . . . . . . . . . . . . . X O . .
 4 . . O . X X . . . X . . . . . X O . .
 3 . . . O O X . . . . . . . . . X O . .
 2 . . . . . . . . . . . . . . . . . . .
 1 . . . . . . . . . . . . . . . . . . .

koSIMPLEscoreAREAtaxNONEsui0whbNfpok1komi6.5
Root visits: 1
New playouts: 1
NN rows: 29
NN batches: 29
NN avg batch size: 1
PV: B17
Tree:
: T -11.00c W -10.58c S  -0.42c ( -1.6 L  -0.8) N       1  --  B17
---White(^)---

2025-02-19 16:19:07+0200: /home/cmk/katago/default_model.txt.gz
2025-02-19 16:19:07+0200: NN rows: 29
2025-02-19 16:19:07+0200: NN batches: 29
2025-02-19 16:19:07+0200: NN avg batch size: 1
2025-02-19 16:19:07+0200: GPU -1 finishing, processed 12 rows 12 batches
2025-02-19 16:19:07+0200: GPU -1 finishing, processed 17 rows 17 batches
2025-02-19 16:19:07+0200: All cleaned up, quitting
