2025-02-19 00:10:43+0200: Running with following config:
allowResignation = true
lagBuffer = 1.0
logAllGTPCommunication = true
logDir = gtp_logs
logSearchInfo = true
logSearchInfoForChosenMove = false
logToStderr = false
maxPlayouts = 1
maxVisitsPondering = 1
numAnalysisThreads = 1
numSearchThreads = 6
ponderingEnabled = false
resignConsecTurns = 3
resignThreshold = -0.90
rules = tromp-taylor
searchFactorAfterOnePass = 0.50
searchFactorAfterTwoPass = 0.25
searchFactorWhenWinning = 0.40
searchFactorWhenWinningThreshold = 0.95

2025-02-19 00:10:43+0200: Analysis Engine starting...
2025-02-19 00:10:43+0200: KataGo v1.15.3
2025-02-19 00:10:43+0200: nnRandSeed0 = 12019966779793991528
2025-02-19 00:10:43+0200: After dedups: nnModelFile0 = /home/cmk/katago/default_model.txt.gz useFP16 auto useNHWC auto
2025-02-19 00:10:43+0200: Initializing neural net buffer to be size 19 * 19 allowing smaller boards
2025-02-19 00:10:44+0200: Eigen (CPU) backend thread 0: Model version 8
2025-02-19 00:10:44+0200: Eigen (CPU) backend thread 0: Model name: b10c128-s1141046784-d204142634
2025-02-19 00:10:44+0200: Eigen (CPU) backend thread 1: Model version 8
2025-02-19 00:10:44+0200: Eigen (CPU) backend thread 1: Model name: b10c128-s1141046784-d204142634
2025-02-19 00:10:44+0200: --------------
2025-02-19 00:10:44+0200: WARNING: Config had unused keys! You may have a typo, an option you specified is being unused from /home/cmk/katago/default_gtp.cfg
2025-02-19 00:10:44+0200: WARNING: Unused key 'allowResignation' in /home/cmk/katago/default_gtp.cfg
2025-02-19 00:10:44+0200: WARNING: Unused key 'logAllGTPCommunication' in /home/cmk/katago/default_gtp.cfg
2025-02-19 00:10:44+0200: WARNING: Unused key 'logSearchInfoForChosenMove' in /home/cmk/katago/default_gtp.cfg
2025-02-19 00:10:44+0200: WARNING: Unused key 'ponderingEnabled' in /home/cmk/katago/default_gtp.cfg
2025-02-19 00:10:44+0200: WARNING: Unused key 'resignConsecTurns' in /home/cmk/katago/default_gtp.cfg
2025-02-19 00:10:44+0200: WARNING: Unused key 'resignThreshold' in /home/cmk/katago/default_gtp.cfg
2025-02-19 00:10:44+0200: WARNING: Unused key 'rules' in /home/cmk/katago/default_gtp.cfg
2025-02-19 00:10:44+0200: WARNING: Unused key 'searchFactorWhenWinning' in /home/cmk/katago/default_gtp.cfg
2025-02-19 00:10:44+0200: WARNING: Unused key 'searchFactorWhenWinningThreshold' in /home/cmk/katago/default_gtp.cfg
2025-02-19 00:10:44+0200: --------------
2025-02-19 00:10:44+0200: Loaded config /home/cmk/katago/default_gtp.cfg
2025-02-19 00:10:44+0200: Loaded model /home/cmk/katago/default_model.txt.gz
2025-02-19 00:10:44+0200: Analyzing up to 1 positions at a time in parallel
2025-02-19 00:10:44+0200: Started, ready to begin handling requests
2025-02-19 00:10:44+0200: Error: {"error":"Must be an array of pairs of the form: [\"b\" or \"w\", GTP board vertex]","field":"moves","id":"0"}
2025-02-19 00:10:44+0200: Error: {"error":"Must be an array of pairs of the form: [\"b\" or \"w\", GTP board vertex]","field":"moves","id":"1"}
2025-02-19 00:10:44+0200: Error: {"error":"Must be an array of pairs of the form: [\"b\" or \"w\", GTP board vertex]","field":"moves","id":"2"}
2025-02-19 00:10:44+0200: Error: {"error":"Must be an array of pairs of the form: [\"b\" or \"w\", GTP board vertex]","field":"moves","id":"3"}
2025-02-19 00:10:44+0200: Error: {"error":"Must be an array of pairs of the form: [\"b\" or \"w\", GTP board vertex]","field":"moves","id":"4"}
2025-02-19 00:10:44+0200: Error: {"error":"Must be an array of pairs of the form: [\"b\" or \"w\", GTP board vertex]","field":"moves","id":"5"}
2025-02-19 00:10:44+0200: Error: {"error":"Must be an array of pairs of the form: [\"b\" or \"w\", GTP board vertex]","field":"moves","id":"6"}
2025-02-19 00:10:44+0200: Error: {"error":"Must be an array of pairs of the form: [\"b\" or \"w\", GTP board vertex]","field":"moves","id":"7"}
2025-02-19 00:10:44+0200: Error: {"error":"Must be an array of pairs of the form: [\"b\" or \"w\", GTP board vertex]","field":"moves","id":"8"}
2025-02-19 00:10:44+0200: Error: {"error":"Must be an array of pairs of the form: [\"b\" or \"w\", GTP board vertex]","field":"moves","id":"9"}
2025-02-19 00:10:44+0200: Error: {"error":"Must be an array of pairs of the form: [\"b\" or \"w\", GTP board vertex]","field":"moves","id":"10"}
2025-02-19 00:10:44+0200: Error: {"error":"Must be an array of pairs of the form: [\"b\" or \"w\", GTP board vertex]","field":"moves","id":"11"}
2025-02-19 00:10:44+0200: Error: {"error":"Must be an array of pairs of the form: [\"b\" or \"w\", GTP board vertex]","field":"moves","id":"12"}
2025-02-19 00:10:44+0200: Error: {"error":"Must be an array of pairs of the form: [\"b\" or \"w\", GTP board vertex]","field":"moves","id":"13"}
2025-02-19 00:10:44+0200: Error: {"error":"Must be an array of pairs of the form: [\"b\" or \"w\", GTP board vertex]","field":"moves","id":"14"}
2025-02-19 00:10:44+0200: Error: {"error":"Must be an array of pairs of the form: [\"b\" or \"w\", GTP board vertex]","field":"moves","id":"15"}
2025-02-19 00:10:44+0200: Error: {"error":"Must be an array of pairs of the form: [\"b\" or \"w\", GTP board vertex]","field":"moves","id":"16"}
2025-02-19 00:10:44+0200: Error: {"error":"Must be an array of pairs of the form: [\"b\" or \"w\", GTP board vertex]","field":"moves","id":"17"}
2025-02-19 00:10:44+0200: Error: {"error":"Must be an array of pairs of the form: [\"b\" or \"w\", GTP board vertex]","field":"moves","id":"18"}
2025-02-19 00:10:44+0200: Error: {"error":"Must be an array of pairs of the form: [\"b\" or \"w\", GTP board vertex]","field":"moves","id":"19"}
2025-02-19 00:10:44+0200: Error: {"error":"Must be an array of pairs of the form: [\"b\" or \"w\", GTP board vertex]","field":"moves","id":"20"}
2025-02-19 00:10:44+0200: Error: {"error":"Must be an array of pairs of the form: [\"b\" or \"w\", GTP board vertex]","field":"moves","id":"21"}
2025-02-19 00:10:44+0200: Error: {"error":"Must be an array of pairs of the form: [\"b\" or \"w\", GTP board vertex]","field":"moves","id":"22"}
2025-02-19 00:10:44+0200: Error: {"error":"Must be an array of pairs of the form: [\"b\" or \"w\", GTP board vertex]","field":"moves","id":"23"}
2025-02-19 00:10:44+0200: Error: {"error":"Must be an array of pairs of the form: [\"b\" or \"w\", GTP board vertex]","field":"moves","id":"24"}
2025-02-19 00:10:44+0200: Error: {"error":"Must be an array of pairs of the form: [\"b\" or \"w\", GTP board vertex]","field":"moves","id":"25"}
2025-02-19 00:10:44+0200: Error: {"error":"Must be an array of pairs of the form: [\"b\" or \"w\", GTP board vertex]","field":"moves","id":"26"}
2025-02-19 00:10:44+0200: Error: {"error":"Must be an array of pairs of the form: [\"b\" or \"w\", GTP board vertex]","field":"moves","id":"27"}
2025-02-19 00:10:44+0200: Error: {"error":"Must be an array of pairs of the form: [\"b\" or \"w\", GTP board vertex]","field":"moves","id":"28"}
2025-02-19 00:10:44+0200: Error: {"error":"Must be an array of pairs of the form: [\"b\" or \"w\", GTP board vertex]","field":"moves","id":"29"}
2025-02-19 00:10:44+0200: Error: {"error":"Must be an array of pairs of the form: [\"b\" or \"w\", GTP board vertex]","field":"moves","id":"30"}
2025-02-19 00:10:44+0200: Error: {"error":"Must be an array of pairs of the form: [\"b\" or \"w\", GTP board vertex]","field":"moves","id":"31"}
2025-02-19 00:10:44+0200: Error: {"error":"Must be an array of pairs of the form: [\"b\" or \"w\", GTP board vertex]","field":"moves","id":"32"}
2025-02-19 00:10:44+0200: Error: {"error":"Must be an array of pairs of the form: [\"b\" or \"w\", GTP board vertex]","field":"moves","id":"33"}
2025-02-19 00:10:44+0200: Error: {"error":"Must be an array of pairs of the form: [\"b\" or \"w\", GTP board vertex]","field":"moves","id":"34"}
2025-02-19 00:10:44+0200: Error: {"error":"Must be an array of pairs of the form: [\"b\" or \"w\", GTP board vertex]","field":"moves","id":"35"}
2025-02-19 00:10:44+0200: Error: {"error":"Must be an array of pairs of the form: [\"b\" or \"w\", GTP board vertex]","field":"moves","id":"36"}
2025-02-19 00:10:44+0200: Error: {"error":"Must be an array of pairs of the form: [\"b\" or \"w\", GTP board vertex]","field":"moves","id":"37"}
2025-02-19 00:10:44+0200: Error: {"error":"Must be an array of pairs of the form: [\"b\" or \"w\", GTP board vertex]","field":"moves","id":"38"}
2025-02-19 00:10:44+0200: Error: {"error":"Must be an array of pairs of the form: [\"b\" or \"w\", GTP board vertex]","field":"moves","id":"39"}
2025-02-19 00:10:44+0200: Error: {"error":"Must be an array of pairs of the form: [\"b\" or \"w\", GTP board vertex]","field":"moves","id":"40"}
2025-02-19 00:10:44+0200: Error: {"error":"Must be an array of pairs of the form: [\"b\" or \"w\", GTP board vertex]","field":"moves","id":"41"}
2025-02-19 00:10:44+0200: Error: {"error":"Must be an array of pairs of the form: [\"b\" or \"w\", GTP board vertex]","field":"moves","id":"42"}
2025-02-19 00:10:44+0200: Error: {"error":"Must be an array of pairs of the form: [\"b\" or \"w\", GTP board vertex]","field":"moves","id":"43"}
2025-02-19 00:10:44+0200: Error: {"error":"Must be an array of pairs of the form: [\"b\" or \"w\", GTP board vertex]","field":"moves","id":"44"}
2025-02-19 00:10:44+0200: Error: {"error":"Must be an array of pairs of the form: [\"b\" or \"w\", GTP board vertex]","field":"moves","id":"45"}
2025-02-19 00:10:44+0200: Error: {"error":"Must be an array of pairs of the form: [\"b\" or \"w\", GTP board vertex]","field":"moves","id":"46"}
2025-02-19 00:10:44+0200: Error: {"error":"Must be an array of pairs of the form: [\"b\" or \"w\", GTP board vertex]","field":"moves","id":"47"}
2025-02-19 00:10:44+0200: Error: {"error":"Must be an array of pairs of the form: [\"b\" or \"w\", GTP board vertex]","field":"moves","id":"48"}
2025-02-19 00:10:44+0200: Error: {"error":"Must be an array of pairs of the form: [\"b\" or \"w\", GTP board vertex]","field":"moves","id":"49"}
2025-02-19 00:10:44+0200: Error: {"error":"Must be an array of pairs of the form: [\"b\" or \"w\", GTP board vertex]","field":"moves","id":"50"}
2025-02-19 00:10:44+0200: Error: {"error":"Must be an array of pairs of the form: [\"b\" or \"w\", GTP board vertex]","field":"moves","id":"51"}
2025-02-19 00:10:44+0200: Error: {"error":"Must be an array of pairs of the form: [\"b\" or \"w\", GTP board vertex]","field":"moves","id":"52"}
2025-02-19 00:10:44+0200: Error: {"error":"Must be an array of pairs of the form: [\"b\" or \"w\", GTP board vertex]","field":"moves","id":"53"}
2025-02-19 00:10:44+0200: Error: {"error":"Must be an array of pairs of the form: [\"b\" or \"w\", GTP board vertex]","field":"moves","id":"54"}
2025-02-19 00:10:44+0200: Error: {"error":"Must be an array of pairs of the form: [\"b\" or \"w\", GTP board vertex]","field":"moves","id":"55"}
2025-02-19 00:10:44+0200: Error: {"error":"Must be an array of pairs of the form: [\"b\" or \"w\", GTP board vertex]","field":"moves","id":"56"}
2025-02-19 00:10:44+0200: Error: {"error":"Must be an array of pairs of the form: [\"b\" or \"w\", GTP board vertex]","field":"moves","id":"57"}
2025-02-19 00:10:44+0200: Error: {"error":"Must be an array of pairs of the form: [\"b\" or \"w\", GTP board vertex]","field":"moves","id":"58"}
2025-02-19 00:10:44+0200: Error: {"error":"Must be an array of pairs of the form: [\"b\" or \"w\", GTP board vertex]","field":"moves","id":"59"}
2025-02-19 00:10:44+0200: Error: {"error":"Must be an array of pairs of the form: [\"b\" or \"w\", GTP board vertex]","field":"moves","id":"60"}
2025-02-19 00:10:44+0200: Error: {"error":"Must be an array of pairs of the form: [\"b\" or \"w\", GTP board vertex]","field":"moves","id":"61"}
2025-02-19 00:10:44+0200: Error: {"error":"Must be an array of pairs of the form: [\"b\" or \"w\", GTP board vertex]","field":"moves","id":"62"}
2025-02-19 00:10:44+0200: Error: {"error":"Must be an array of pairs of the form: [\"b\" or \"w\", GTP board vertex]","field":"moves","id":"63"}
2025-02-19 00:10:44+0200: Error: {"error":"Must be an array of pairs of the form: [\"b\" or \"w\", GTP board vertex]","field":"moves","id":"64"}
2025-02-19 00:10:44+0200: Error: {"error":"Must be an array of pairs of the form: [\"b\" or \"w\", GTP board vertex]","field":"moves","id":"65"}
2025-02-19 00:10:44+0200: Error: {"error":"Must be an array of pairs of the form: [\"b\" or \"w\", GTP board vertex]","field":"moves","id":"66"}
2025-02-19 00:10:44+0200: Error: {"error":"Must be an array of pairs of the form: [\"b\" or \"w\", GTP board vertex]","field":"moves","id":"67"}
2025-02-19 00:10:44+0200: Error: {"error":"Must be an array of pairs of the form: [\"b\" or \"w\", GTP board vertex]","field":"moves","id":"68"}
2025-02-19 00:10:44+0200: Error: {"error":"Must be an array of pairs of the form: [\"b\" or \"w\", GTP board vertex]","field":"moves","id":"69"}
2025-02-19 00:10:44+0200: Error: {"error":"Must be an array of pairs of the form: [\"b\" or \"w\", GTP board vertex]","field":"moves","id":"70"}
2025-02-19 00:10:44+0200: Error: {"error":"Must be an array of pairs of the form: [\"b\" or \"w\", GTP board vertex]","field":"moves","id":"71"}
2025-02-19 00:10:44+0200: Error: {"error":"Must be an array of pairs of the form: [\"b\" or \"w\", GTP board vertex]","field":"moves","id":"72"}
2025-02-19 00:10:44+0200: Error: {"error":"Must be an array of pairs of the form: [\"b\" or \"w\", GTP board vertex]","field":"moves","id":"73"}
2025-02-19 00:10:44+0200: Error: {"error":"Must be an array of pairs of the form: [\"b\" or \"w\", GTP board vertex]","field":"moves","id":"74"}
2025-02-19 00:10:44+0200: Error: {"error":"Must be an array of pairs of the form: [\"b\" or \"w\", GTP board vertex]","field":"moves","id":"75"}
2025-02-19 00:10:44+0200: Error: {"error":"Must be an array of pairs of the form: [\"b\" or \"w\", GTP board vertex]","field":"moves","id":"76"}
2025-02-19 00:10:44+0200: Error: {"error":"Must be an array of pairs of the form: [\"b\" or \"w\", GTP board vertex]","field":"moves","id":"77"}
2025-02-19 00:10:44+0200: Error: {"error":"Must be an array of pairs of the form: [\"b\" or \"w\", GTP board vertex]","field":"moves","id":"78"}
2025-02-19 00:10:44+0200: Error: {"error":"Must be an array of pairs of the form: [\"b\" or \"w\", GTP board vertex]","field":"moves","id":"79"}
2025-02-19 00:10:44+0200: Error: {"error":"Must be an array of pairs of the form: [\"b\" or \"w\", GTP board vertex]","field":"moves","id":"80"}
2025-02-19 00:10:44+0200: Error: {"error":"Must be an array of pairs of the form: [\"b\" or \"w\", GTP board vertex]","field":"moves","id":"81"}
2025-02-19 00:10:44+0200: Error: {"error":"Must be an array of pairs of the form: [\"b\" or \"w\", GTP board vertex]","field":"moves","id":"82"}
2025-02-19 00:10:44+0200: Error: {"error":"Must be an array of pairs of the form: [\"b\" or \"w\", GTP board vertex]","field":"moves","id":"83"}
2025-02-19 00:10:44+0200: Error: {"error":"Must be an array of pairs of the form: [\"b\" or \"w\", GTP board vertex]","field":"moves","id":"84"}
2025-02-19 00:10:44+0200: Error: {"error":"Must be an array of pairs of the form: [\"b\" or \"w\", GTP board vertex]","field":"moves","id":"85"}
2025-02-19 00:10:44+0200: Error: {"error":"Must be an array of pairs of the form: [\"b\" or \"w\", GTP board vertex]","field":"moves","id":"86"}
2025-02-19 00:10:44+0200: Error: {"error":"Must be an array of pairs of the form: [\"b\" or \"w\", GTP board vertex]","field":"moves","id":"87"}
2025-02-19 00:10:44+0200: Error: {"error":"Must be an array of pairs of the form: [\"b\" or \"w\", GTP board vertex]","field":"moves","id":"88"}
2025-02-19 00:10:44+0200: Error: {"error":"Must be an array of pairs of the form: [\"b\" or \"w\", GTP board vertex]","field":"moves","id":"89"}
2025-02-19 00:10:44+0200: Error: {"error":"Must be an array of pairs of the form: [\"b\" or \"w\", GTP board vertex]","field":"moves","id":"90"}
2025-02-19 00:10:44+0200: Error: {"error":"Must be an array of pairs of the form: [\"b\" or \"w\", GTP board vertex]","field":"moves","id":"91"}
2025-02-19 00:10:44+0200: Error: {"error":"Must be an array of pairs of the form: [\"b\" or \"w\", GTP board vertex]","field":"moves","id":"92"}
2025-02-19 00:10:44+0200: Error: {"error":"Must be an array of pairs of the form: [\"b\" or \"w\", GTP board vertex]","field":"moves","id":"93"}
2025-02-19 00:10:44+0200: Error: {"error":"Must be an array of pairs of the form: [\"b\" or \"w\", GTP board vertex]","field":"moves","id":"94"}
2025-02-19 00:10:44+0200: Error: {"error":"Must be an array of pairs of the form: [\"b\" or \"w\", GTP board vertex]","field":"moves","id":"95"}
2025-02-19 00:10:44+0200: Error: {"error":"Must be an array of pairs of the form: [\"b\" or \"w\", GTP board vertex]","field":"moves","id":"96"}
2025-02-19 00:10:44+0200: Error: {"error":"Must be an array of pairs of the form: [\"b\" or \"w\", GTP board vertex]","field":"moves","id":"97"}
2025-02-19 00:10:44+0200: Error: {"error":"Must be an array of pairs of the form: [\"b\" or \"w\", GTP board vertex]","field":"moves","id":"98"}
2025-02-19 00:10:44+0200: Error: {"error":"Must be an array of pairs of the form: [\"b\" or \"w\", GTP board vertex]","field":"moves","id":"99"}
2025-02-19 00:10:44+0200: Error: {"error":"Must be an array of pairs of the form: [\"b\" or \"w\", GTP board vertex]","field":"moves","id":"100"}
2025-02-19 00:10:44+0200: Error: {"error":"Must be an array of pairs of the form: [\"b\" or \"w\", GTP board vertex]","field":"moves","id":"101"}
2025-02-19 00:10:44+0200: Error: {"error":"Must be an array of pairs of the form: [\"b\" or \"w\", GTP board vertex]","field":"moves","id":"102"}
2025-02-19 00:10:44+0200: Error: {"error":"Must be an array of pairs of the form: [\"b\" or \"w\", GTP board vertex]","field":"moves","id":"103"}
2025-02-19 00:10:44+0200: Error: {"error":"Must be an array of pairs of the form: [\"b\" or \"w\", GTP board vertex]","field":"moves","id":"104"}
2025-02-19 00:10:44+0200: Error: {"error":"Must be an array of pairs of the form: [\"b\" or \"w\", GTP board vertex]","field":"moves","id":"105"}
2025-02-19 00:10:44+0200: Error: {"error":"Must be an array of pairs of the form: [\"b\" or \"w\", GTP board vertex]","field":"moves","id":"106"}
2025-02-19 00:10:44+0200: Error: {"error":"Must be an array of pairs of the form: [\"b\" or \"w\", GTP board vertex]","field":"moves","id":"107"}
2025-02-19 00:10:44+0200: Error: {"error":"Must be an array of pairs of the form: [\"b\" or \"w\", GTP board vertex]","field":"moves","id":"108"}
2025-02-19 00:10:44+0200: Error: {"error":"Must be an array of pairs of the form: [\"b\" or \"w\", GTP board vertex]","field":"moves","id":"109"}
2025-02-19 00:10:44+0200: Error: {"error":"Must be an array of pairs of the form: [\"b\" or \"w\", GTP board vertex]","field":"moves","id":"110"}
2025-02-19 00:10:44+0200: Error: {"error":"Must be an array of pairs of the form: [\"b\" or \"w\", GTP board vertex]","field":"moves","id":"111"}
2025-02-19 00:10:44+0200: Error: {"error":"Must be an array of pairs of the form: [\"b\" or \"w\", GTP board vertex]","field":"moves","id":"112"}
2025-02-19 00:10:44+0200: Error: {"error":"Must be an array of pairs of the form: [\"b\" or \"w\", GTP board vertex]","field":"moves","id":"113"}
2025-02-19 00:10:44+0200: Error: {"error":"Must be an array of pairs of the form: [\"b\" or \"w\", GTP board vertex]","field":"moves","id":"114"}
2025-02-19 00:10:44+0200: Error: {"error":"Must be an array of pairs of the form: [\"b\" or \"w\", GTP board vertex]","field":"moves","id":"115"}
2025-02-19 00:10:44+0200: Error: {"error":"Must be an array of pairs of the form: [\"b\" or \"w\", GTP board vertex]","field":"moves","id":"116"}
2025-02-19 00:10:44+0200: Error: {"error":"Must be an array of pairs of the form: [\"b\" or \"w\", GTP board vertex]","field":"moves","id":"117"}
2025-02-19 00:10:44+0200: Error: {"error":"Must be an array of pairs of the form: [\"b\" or \"w\", GTP board vertex]","field":"moves","id":"118"}
2025-02-19 00:10:44+0200: Error: {"error":"Must be an array of pairs of the form: [\"b\" or \"w\", GTP board vertex]","field":"moves","id":"119"}
2025-02-19 00:10:44+0200: Error: {"error":"Must be an array of pairs of the form: [\"b\" or \"w\", GTP board vertex]","field":"moves","id":"120"}
2025-02-19 00:10:44+0200: Error: {"error":"Must be an array of pairs of the form: [\"b\" or \"w\", GTP board vertex]","field":"moves","id":"121"}
2025-02-19 00:10:44+0200: Error: {"error":"Must be an array of pairs of the form: [\"b\" or \"w\", GTP board vertex]","field":"moves","id":"122"}
2025-02-19 00:10:44+0200: Error: {"error":"Must be an array of pairs of the form: [\"b\" or \"w\", GTP board vertex]","field":"moves","id":"123"}
2025-02-19 00:10:44+0200: Error: {"error":"Must be an array of pairs of the form: [\"b\" or \"w\", GTP board vertex]","field":"moves","id":"124"}
2025-02-19 00:10:44+0200: Error: {"error":"Must be an array of pairs of the form: [\"b\" or \"w\", GTP board vertex]","field":"moves","id":"125"}
2025-02-19 00:10:44+0200: Error: {"error":"Must be an array of pairs of the form: [\"b\" or \"w\", GTP board vertex]","field":"moves","id":"126"}
2025-02-19 00:10:44+0200: Error: {"error":"Must be an array of pairs of the form: [\"b\" or \"w\", GTP board vertex]","field":"moves","id":"127"}
2025-02-19 00:10:44+0200: Error: {"error":"Must be an array of pairs of the form: [\"b\" or \"w\", GTP board vertex]","field":"moves","id":"128"}
2025-02-19 00:10:44+0200: Error: {"error":"Must be an array of pairs of the form: [\"b\" or \"w\", GTP board vertex]","field":"moves","id":"129"}
2025-02-19 00:10:44+0200: Error: {"error":"Must be an array of pairs of the form: [\"b\" or \"w\", GTP board vertex]","field":"moves","id":"130"}
2025-02-19 00:10:44+0200: Error: {"error":"Must be an array of pairs of the form: [\"b\" or \"w\", GTP board vertex]","field":"moves","id":"131"}
2025-02-19 00:10:44+0200: Error: {"error":"Must be an array of pairs of the form: [\"b\" or \"w\", GTP board vertex]","field":"moves","id":"132"}
2025-02-19 00:10:44+0200: Error: {"error":"Must be an array of pairs of the form: [\"b\" or \"w\", GTP board vertex]","field":"moves","id":"133"}
2025-02-19 00:10:44+0200: Error: {"error":"Must be an array of pairs of the form: [\"b\" or \"w\", GTP board vertex]","field":"moves","id":"134"}
2025-02-19 00:10:44+0200: Error: {"error":"Must be an array of pairs of the form: [\"b\" or \"w\", GTP board vertex]","field":"moves","id":"135"}
2025-02-19 00:10:44+0200: Error: {"error":"Must be an array of pairs of the form: [\"b\" or \"w\", GTP board vertex]","field":"moves","id":"136"}
2025-02-19 00:10:44+0200: Error: {"error":"Must be an array of pairs of the form: [\"b\" or \"w\", GTP board vertex]","field":"moves","id":"137"}
2025-02-19 00:10:44+0200: Error: {"error":"Must be an array of pairs of the form: [\"b\" or \"w\", GTP board vertex]","field":"moves","id":"138"}
2025-02-19 00:10:44+0200: Error: {"error":"Must be an array of pairs of the form: [\"b\" or \"w\", GTP board vertex]","field":"moves","id":"139"}
2025-02-19 00:10:44+0200: Error: {"error":"Must be an array of pairs of the form: [\"b\" or \"w\", GTP board vertex]","field":"moves","id":"140"}
2025-02-19 00:10:44+0200: Error: {"error":"Must be an array of pairs of the form: [\"b\" or \"w\", GTP board vertex]","field":"moves","id":"141"}
2025-02-19 00:10:44+0200: Error: {"error":"Must be an array of pairs of the form: [\"b\" or \"w\", GTP board vertex]","field":"moves","id":"142"}
2025-02-19 00:10:44+0200: Error: {"error":"Must be an array of pairs of the form: [\"b\" or \"w\", GTP board vertex]","field":"moves","id":"143"}
2025-02-19 00:10:44+0200: Error: {"error":"Must be an array of pairs of the form: [\"b\" or \"w\", GTP board vertex]","field":"moves","id":"144"}
2025-02-19 00:10:44+0200: Error: {"error":"Must be an array of pairs of the form: [\"b\" or \"w\", GTP board vertex]","field":"moves","id":"145"}
2025-02-19 00:10:44+0200: Error: {"error":"Must be an array of pairs of the form: [\"b\" or \"w\", GTP board vertex]","field":"moves","id":"146"}
2025-02-19 00:10:44+0200: Error: {"error":"Must be an array of pairs of the form: [\"b\" or \"w\", GTP board vertex]","field":"moves","id":"147"}
2025-02-19 00:10:44+0200: Error: {"error":"Must be an array of pairs of the form: [\"b\" or \"w\", GTP board vertex]","field":"moves","id":"148"}
2025-02-19 00:10:44+0200: Error: {"error":"Must be an array of pairs of the form: [\"b\" or \"w\", GTP board vertex]","field":"moves","id":"149"}
2025-02-19 00:10:44+0200: Error: {"error":"Must be an array of pairs of the form: [\"b\" or \"w\", GTP board vertex]","field":"moves","id":"150"}
2025-02-19 00:10:44+0200: Error: {"error":"Must be an array of pairs of the form: [\"b\" or \"w\", GTP board vertex]","field":"moves","id":"151"}
2025-02-19 00:10:44+0200: Error: {"error":"Must be an array of pairs of the form: [\"b\" or \"w\", GTP board vertex]","field":"moves","id":"152"}
2025-02-19 00:10:44+0200: Error: {"error":"Must be an array of pairs of the form: [\"b\" or \"w\", GTP board vertex]","field":"moves","id":"153"}
2025-02-19 00:10:44+0200: Error: {"error":"Must be an array of pairs of the form: [\"b\" or \"w\", GTP board vertex]","field":"moves","id":"154"}
2025-02-19 00:10:44+0200: Error: {"error":"Must be an array of pairs of the form: [\"b\" or \"w\", GTP board vertex]","field":"moves","id":"155"}
2025-02-19 00:10:44+0200: Error: {"error":"Must be an array of pairs of the form: [\"b\" or \"w\", GTP board vertex]","field":"moves","id":"156"}
2025-02-19 00:10:44+0200: Error: {"error":"Must be an array of pairs of the form: [\"b\" or \"w\", GTP board vertex]","field":"moves","id":"157"}
2025-02-19 00:10:44+0200: Error: {"error":"Must be an array of pairs of the form: [\"b\" or \"w\", GTP board vertex]","field":"moves","id":"158"}
2025-02-19 00:10:44+0200: Error: {"error":"Must be an array of pairs of the form: [\"b\" or \"w\", GTP board vertex]","field":"moves","id":"159"}
2025-02-19 00:10:44+0200: Error: {"error":"Must be an array of pairs of the form: [\"b\" or \"w\", GTP board vertex]","field":"moves","id":"160"}
2025-02-19 00:10:44+0200: Error: {"error":"Must be an array of pairs of the form: [\"b\" or \"w\", GTP board vertex]","field":"moves","id":"161"}
2025-02-19 00:10:44+0200: Error: {"error":"Must be an array of pairs of the form: [\"b\" or \"w\", GTP board vertex]","field":"moves","id":"162"}
2025-02-19 00:10:44+0200: Error: {"error":"Must be an array of pairs of the form: [\"b\" or \"w\", GTP board vertex]","field":"moves","id":"163"}
2025-02-19 00:10:44+0200: Error: {"error":"Must be an array of pairs of the form: [\"b\" or \"w\", GTP board vertex]","field":"moves","id":"164"}
2025-02-19 00:10:44+0200: Error: {"error":"Must be an array of pairs of the form: [\"b\" or \"w\", GTP board vertex]","field":"moves","id":"165"}
2025-02-19 00:10:44+0200: Error: {"error":"Must be an array of pairs of the form: [\"b\" or \"w\", GTP board vertex]","field":"moves","id":"166"}
2025-02-19 00:10:44+0200: Error: {"error":"Must be an array of pairs of the form: [\"b\" or \"w\", GTP board vertex]","field":"moves","id":"167"}
2025-02-19 00:10:44+0200: Error: {"error":"Must be an array of pairs of the form: [\"b\" or \"w\", GTP board vertex]","field":"moves","id":"168"}
2025-02-19 00:10:44+0200: Error: {"error":"Must be an array of pairs of the form: [\"b\" or \"w\", GTP board vertex]","field":"moves","id":"169"}
2025-02-19 00:10:44+0200: Error: {"error":"Must be an array of pairs of the form: [\"b\" or \"w\", GTP board vertex]","field":"moves","id":"170"}
2025-02-19 00:10:44+0200: Error: {"error":"Must be an array of pairs of the form: [\"b\" or \"w\", GTP board vertex]","field":"moves","id":"171"}
2025-02-19 00:10:44+0200: Error: {"error":"Must be an array of pairs of the form: [\"b\" or \"w\", GTP board vertex]","field":"moves","id":"172"}
2025-02-19 00:10:44+0200: Error: {"error":"Must be an array of pairs of the form: [\"b\" or \"w\", GTP board vertex]","field":"moves","id":"173"}
2025-02-19 00:10:44+0200: Error: {"error":"Must be an array of pairs of the form: [\"b\" or \"w\", GTP board vertex]","field":"moves","id":"174"}
2025-02-19 00:10:44+0200: Error: {"error":"Must be an array of pairs of the form: [\"b\" or \"w\", GTP board vertex]","field":"moves","id":"175"}
2025-02-19 00:10:44+0200: Error: {"error":"Must be an array of pairs of the form: [\"b\" or \"w\", GTP board vertex]","field":"moves","id":"176"}
2025-02-19 00:10:44+0200: Error: {"error":"Must be an array of pairs of the form: [\"b\" or \"w\", GTP board vertex]","field":"moves","id":"177"}
2025-02-19 00:10:44+0200: Error: {"error":"Must be an array of pairs of the form: [\"b\" or \"w\", GTP board vertex]","field":"moves","id":"178"}
2025-02-19 00:10:44+0200: Error: {"error":"Must be an array of pairs of the form: [\"b\" or \"w\", GTP board vertex]","field":"moves","id":"179"}
2025-02-19 00:10:44+0200: Error: {"error":"Must be an array of pairs of the form: [\"b\" or \"w\", GTP board vertex]","field":"moves","id":"180"}
2025-02-19 00:10:44+0200: Error: {"error":"Must be an array of pairs of the form: [\"b\" or \"w\", GTP board vertex]","field":"moves","id":"181"}
2025-02-19 00:10:44+0200: Error: {"error":"Must be an array of pairs of the form: [\"b\" or \"w\", GTP board vertex]","field":"moves","id":"182"}
2025-02-19 00:10:44+0200: Error: {"error":"Must be an array of pairs of the form: [\"b\" or \"w\", GTP board vertex]","field":"moves","id":"183"}
2025-02-19 00:10:44+0200: Error: {"error":"Must be an array of pairs of the form: [\"b\" or \"w\", GTP board vertex]","field":"moves","id":"184"}
2025-02-19 00:10:44+0200: Error: {"error":"Must be an array of pairs of the form: [\"b\" or \"w\", GTP board vertex]","field":"moves","id":"185"}
2025-02-19 00:10:44+0200: Error: {"error":"Must be an array of pairs of the form: [\"b\" or \"w\", GTP board vertex]","field":"moves","id":"186"}
2025-02-19 00:10:44+0200: Error: {"error":"Must be an array of pairs of the form: [\"b\" or \"w\", GTP board vertex]","field":"moves","id":"187"}
2025-02-19 00:10:44+0200: Error: {"error":"Must be an array of pairs of the form: [\"b\" or \"w\", GTP board vertex]","field":"moves","id":"188"}
2025-02-19 00:10:44+0200: Error: {"error":"Must be an array of pairs of the form: [\"b\" or \"w\", GTP board vertex]","field":"moves","id":"189"}
2025-02-19 00:10:44+0200: Error: {"error":"Must be an array of pairs of the form: [\"b\" or \"w\", GTP board vertex]","field":"moves","id":"190"}
2025-02-19 00:10:44+0200: Error: {"error":"Must be an array of pairs of the form: [\"b\" or \"w\", GTP board vertex]","field":"moves","id":"191"}
2025-02-19 00:10:44+0200: Error: {"error":"Must be an array of pairs of the form: [\"b\" or \"w\", GTP board vertex]","field":"moves","id":"192"}
2025-02-19 00:10:44+0200: Error: {"error":"Must be an array of pairs of the form: [\"b\" or \"w\", GTP board vertex]","field":"moves","id":"193"}
2025-02-19 00:10:44+0200: Error: {"error":"Must be an array of pairs of the form: [\"b\" or \"w\", GTP board vertex]","field":"moves","id":"194"}
2025-02-19 00:10:44+0200: Error: {"error":"Must be an array of pairs of the form: [\"b\" or \"w\", GTP board vertex]","field":"moves","id":"195"}
2025-02-19 00:10:44+0200: Error: {"error":"Must be an array of pairs of the form: [\"b\" or \"w\", GTP board vertex]","field":"moves","id":"196"}
2025-02-19 00:10:44+0200: Error: {"error":"Must be an array of pairs of the form: [\"b\" or \"w\", GTP board vertex]","field":"moves","id":"197"}
2025-02-19 00:10:44+0200: Error: {"error":"Must be an array of pairs of the form: [\"b\" or \"w\", GTP board vertex]","field":"moves","id":"198"}
2025-02-19 00:10:44+0200: Error: {"error":"Must be an array of pairs of the form: [\"b\" or \"w\", GTP board vertex]","field":"moves","id":"199"}
2025-02-19 00:10:44+0200: Error: {"error":"Must be an array of pairs of the form: [\"b\" or \"w\", GTP board vertex]","field":"moves","id":"200"}
2025-02-19 00:10:44+0200: Error: {"error":"Must be an array of pairs of the form: [\"b\" or \"w\", GTP board vertex]","field":"moves","id":"201"}
2025-02-19 00:10:44+0200: Error: {"error":"Must be an array of pairs of the form: [\"b\" or \"w\", GTP board vertex]","field":"moves","id":"202"}
2025-02-19 00:10:44+0200: Error: {"error":"Must be an array of pairs of the form: [\"b\" or \"w\", GTP board vertex]","field":"moves","id":"203"}
2025-02-19 00:10:44+0200: Error: {"error":"Must be an array of pairs of the form: [\"b\" or \"w\", GTP board vertex]","field":"moves","id":"204"}
2025-02-19 00:10:44+0200: Error: {"error":"Must be an array of pairs of the form: [\"b\" or \"w\", GTP board vertex]","field":"moves","id":"205"}
2025-02-19 00:10:44+0200: Error: {"error":"Must be an array of pairs of the form: [\"b\" or \"w\", GTP board vertex]","field":"moves","id":"206"}
2025-02-19 00:10:44+0200: Error: {"error":"Must be an array of pairs of the form: [\"b\" or \"w\", GTP board vertex]","field":"moves","id":"207"}
2025-02-19 00:10:44+0200: Error: {"error":"Must be an array of pairs of the form: [\"b\" or \"w\", GTP board vertex]","field":"moves","id":"208"}
2025-02-19 00:10:44+0200: Error: {"error":"Must be an array of pairs of the form: [\"b\" or \"w\", GTP board vertex]","field":"moves","id":"209"}
2025-02-19 00:10:44+0200: Error: {"error":"Must be an array of pairs of the form: [\"b\" or \"w\", GTP board vertex]","field":"moves","id":"210"}
2025-02-19 00:10:44+0200: Error: {"error":"Must be an array of pairs of the form: [\"b\" or \"w\", GTP board vertex]","field":"moves","id":"211"}
2025-02-19 00:10:44+0200: Error: {"error":"Must be an array of pairs of the form: [\"b\" or \"w\", GTP board vertex]","field":"moves","id":"212"}
2025-02-19 00:10:44+0200: Error: {"error":"Must be an array of pairs of the form: [\"b\" or \"w\", GTP board vertex]","field":"moves","id":"213"}
2025-02-19 00:10:44+0200: Error: {"error":"Must be an array of pairs of the form: [\"b\" or \"w\", GTP board vertex]","field":"moves","id":"214"}
2025-02-19 00:10:44+0200: Error: {"error":"Must be an array of pairs of the form: [\"b\" or \"w\", GTP board vertex]","field":"moves","id":"215"}
2025-02-19 00:10:44+0200: Error: {"error":"Must be an array of pairs of the form: [\"b\" or \"w\", GTP board vertex]","field":"moves","id":"216"}
2025-02-19 00:10:44+0200: Error: {"error":"Must be an array of pairs of the form: [\"b\" or \"w\", GTP board vertex]","field":"moves","id":"217"}
2025-02-19 00:10:44+0200: Error: {"error":"Must be an array of pairs of the form: [\"b\" or \"w\", GTP board vertex]","field":"moves","id":"218"}
2025-02-19 00:10:44+0200: Error: {"error":"Must be an array of pairs of the form: [\"b\" or \"w\", GTP board vertex]","field":"moves","id":"219"}
2025-02-19 00:10:44+0200: Error: {"error":"Must be an array of pairs of the form: [\"b\" or \"w\", GTP board vertex]","field":"moves","id":"220"}
2025-02-19 00:10:44+0200: Error: {"error":"Must be an array of pairs of the form: [\"b\" or \"w\", GTP board vertex]","field":"moves","id":"221"}
2025-02-19 00:10:44+0200: Error: {"error":"Must be an array of pairs of the form: [\"b\" or \"w\", GTP board vertex]","field":"moves","id":"222"}
2025-02-19 00:10:44+0200: Error: {"error":"Must be an array of pairs of the form: [\"b\" or \"w\", GTP board vertex]","field":"moves","id":"223"}
2025-02-19 00:10:44+0200: Error: {"error":"Must be an array of pairs of the form: [\"b\" or \"w\", GTP board vertex]","field":"moves","id":"224"}
2025-02-19 00:10:44+0200: Error: {"error":"Must be an array of pairs of the form: [\"b\" or \"w\", GTP board vertex]","field":"moves","id":"225"}
2025-02-19 00:10:44+0200: Error: {"error":"Must be an array of pairs of the form: [\"b\" or \"w\", GTP board vertex]","field":"moves","id":"226"}
2025-02-19 00:10:44+0200: Error: {"error":"Must be an array of pairs of the form: [\"b\" or \"w\", GTP board vertex]","field":"moves","id":"227"}
2025-02-19 00:10:44+0200: Error: {"error":"Must be an array of pairs of the form: [\"b\" or \"w\", GTP board vertex]","field":"moves","id":"228"}
2025-02-19 00:10:44+0200: Error: {"error":"Must be an array of pairs of the form: [\"b\" or \"w\", GTP board vertex]","field":"moves","id":"229"}
2025-02-19 00:10:44+0200: Error: {"error":"Must be an array of pairs of the form: [\"b\" or \"w\", GTP board vertex]","field":"moves","id":"230"}
2025-02-19 00:10:44+0200: Error: {"error":"Must be an array of pairs of the form: [\"b\" or \"w\", GTP board vertex]","field":"moves","id":"231"}
2025-02-19 00:10:44+0200: Error: {"error":"Must be an array of pairs of the form: [\"b\" or \"w\", GTP board vertex]","field":"moves","id":"232"}
2025-02-19 00:10:44+0200: Error: {"error":"Must be an array of pairs of the form: [\"b\" or \"w\", GTP board vertex]","field":"moves","id":"233"}
2025-02-19 00:10:44+0200: Error: {"error":"Must be an array of pairs of the form: [\"b\" or \"w\", GTP board vertex]","field":"moves","id":"234"}
2025-02-19 00:10:44+0200: Error: {"error":"Must be an array of pairs of the form: [\"b\" or \"w\", GTP board vertex]","field":"moves","id":"235"}
2025-02-19 00:10:44+0200: Error: {"error":"Must be an array of pairs of the form: [\"b\" or \"w\", GTP board vertex]","field":"moves","id":"236"}
2025-02-19 00:10:44+0200: Error: {"error":"Must be an array of pairs of the form: [\"b\" or \"w\", GTP board vertex]","field":"moves","id":"237"}
2025-02-19 00:10:44+0200: Error: {"error":"Must be an array of pairs of the form: [\"b\" or \"w\", GTP board vertex]","field":"moves","id":"238"}
2025-02-19 00:10:44+0200: Error: {"error":"Must be an array of pairs of the form: [\"b\" or \"w\", GTP board vertex]","field":"moves","id":"239"}
