2025-02-19 12:56:02+0200: Running with following config:
allowResignation = true
lagBuffer = 1.0
logAllGTPCommunication = true
logDir = gtp_logs
logSearchInfo = true
logSearchInfoForChosenMove = false
logToStderr = false
maxPlayouts = 1
maxVisitsPondering = 1
numAnalysisThreads = 1
numSearchThreads = 6
ponderingEnabled = false
resignConsecTurns = 3
resignThreshold = -0.90
rules = tromp-taylor
searchFactorAfterOnePass = 0.50
searchFactorAfterTwoPass = 0.25
searchFactorWhenWinning = 0.40
searchFactorWhenWinningThreshold = 0.95

2025-02-19 12:56:02+0200: Analysis Engine starting...
2025-02-19 12:56:02+0200: KataGo v1.15.3
2025-02-19 12:56:02+0200: nnRandSeed0 = 8104433808693704220
2025-02-19 12:56:02+0200: After dedups: nnModelFile0 = /home/cmk/katago/default_model.txt.gz useFP16 auto useNHWC auto
2025-02-19 12:56:02+0200: Initializing neural net buffer to be size 19 * 19 allowing smaller boards
2025-02-19 12:56:03+0200: Eigen (CPU) backend thread 0: Model version 8
2025-02-19 12:56:03+0200: Eigen (CPU) backend thread 0: Model name: b10c128-s1141046784-d204142634
2025-02-19 12:56:03+0200: Eigen (CPU) backend thread 1: Model version 8
2025-02-19 12:56:03+0200: Eigen (CPU) backend thread 1: Model name: b10c128-s1141046784-d204142634
2025-02-19 12:56:03+0200: --------------
2025-02-19 12:56:03+0200: WARNING: Config had unused keys! You may have a typo, an option you specified is being unused from /home/cmk/katago/default_gtp.cfg
2025-02-19 12:56:03+0200: WARNING: Unused key 'allowResignation' in /home/cmk/katago/default_gtp.cfg
2025-02-19 12:56:03+0200: WARNING: Unused key 'logAllGTPCommunication' in /home/cmk/katago/default_gtp.cfg
2025-02-19 12:56:03+0200: WARNING: Unused key 'logSearchInfoForChosenMove' in /home/cmk/katago/default_gtp.cfg
2025-02-19 12:56:03+0200: WARNING: Unused key 'ponderingEnabled' in /home/cmk/katago/default_gtp.cfg
2025-02-19 12:56:03+0200: WARNING: Unused key 'resignConsecTurns' in /home/cmk/katago/default_gtp.cfg
2025-02-19 12:56:03+0200: WARNING: Unused key 'resignThreshold' in /home/cmk/katago/default_gtp.cfg
2025-02-19 12:56:03+0200: WARNING: Unused key 'rules' in /home/cmk/katago/default_gtp.cfg
2025-02-19 12:56:03+0200: WARNING: Unused key 'searchFactorWhenWinning' in /home/cmk/katago/default_gtp.cfg
2025-02-19 12:56:03+0200: WARNING: Unused key 'searchFactorWhenWinningThreshold' in /home/cmk/katago/default_gtp.cfg
2025-02-19 12:56:03+0200: --------------
2025-02-19 12:56:03+0200: Loaded config /home/cmk/katago/default_gtp.cfg
2025-02-19 12:56:03+0200: Loaded model /home/cmk/katago/default_model.txt.gz
2025-02-19 12:56:03+0200: Analyzing up to 1 positions at a time in parallel
2025-02-19 12:56:03+0200: Started, ready to begin handling requests
2025-02-19 12:56:03+0200: MoveNum: 29 HASH: 4C25D48768B45CF0CACDDF020402860A
   A B C D E F G H J K L M N O P Q R S T
19 . . . . . . . . . . . . . . . . . . .
18 . . . . . . . . . . . . . . . . . . .
17 . . X O . . . . . . . . . . . . . . .
16 . O2X O . . . . . . . . . . . . X . .
15 . X O O . . . . . . . . . . . . . . .
14 X3. X . . . . . . . . . . . . . . . .
13 . X1. . . . . . . . . . . . . . . . .
12 . . . . . . . . . . . . . . . . . . .
11 . . . . . . . . . . . . . . . . . . .
10 . . . . . . . . . . . . . . . . . . .
 9 . . . . . . . . . . . . . . . . . . .
 8 . . . . . . . . . . . . . . . . . . .
 7 . . . . . . . . . . . . . . . . . . .
 6 . . O . . . . . . . . . . . . . X O .
 5 . . . . . . . . . . . . . . . X O . .
 4 . . O . X X . . . X . . . . . X O . .
 3 . . . O O X . . . . . . . . . X O . .
 2 . . . . . . . . . . . . . . . . . . .
 1 . . . . . . . . . . . . . . . . . . .

koSIMPLEscoreAREAtaxNONEsui0whbNfpok1komi6.5
Root visits: 1
New playouts: 1
NN rows: 1
NN batches: 1
NN avg batch size: 1
PV: B17
Tree:
: T  -8.85c W  -8.51c S  -0.35c ( -1.3 L  -0.6) N       1  --  B17
---White(^)---

2025-02-19 12:56:03+0200: MoveNum: 29 HASH: 4C25D48768B45CF0CACDDF020402860A
   A B C D E F G H J K L M N O P Q R S T
19 . . . . . . . . . . . . . . . . . . .
18 . . . . . . . . . . . . . . . . . . .
17 . . X O . . . . . . . . . . . . . . .
16 . O2X O . . . . . . . . . . . . X . .
15 . X O O . . . . . . . . . . . . . . .
14 X3. X . . . . . . . . . . . . . . . .
13 . X1. . . . . . . . . . . . . . . . .
12 . . . . . . . . . . . . . . . . . . .
11 . . . . . . . . . . . . . . . . . . .
10 . . . . . . . . . . . . . . . . . . .
 9 . . . . . . . . . . . . . . . . . . .
 8 . . . . . . . . . . . . . . . . . . .
 7 . . . . . . . . . . . . . . . . . . .
 6 . . O . . . . . . . . . . . . . X O .
 5 . . . . . . . . . . . . . . . X O . .
 4 . . O . X X . . . X . . . . . X O . .
 3 . . . O O X . . . . . . . . . X O . .
 2 . . . . . . . . . . . . . . . . . . .
 1 . . . . . . . . . . . . . . . . . . .

koSIMPLEscoreAREAtaxNONEsui0whbNfpok1komi6.5
Root visits: 1
New playouts: 1
NN rows: 1
NN batches: 1
NN avg batch size: 1
PV: B17
Tree:
: T  -8.85c W  -8.51c S  -0.35c ( -1.3 L  -0.6) N       1  --  B17
---White(^)---

